Loading openmpi/4.1.6--gcc--12.2.0-cuda-12.2
  Loading requirement: glibc/2.28--gcc--12.2.0-gi6mmti
    gcc-runtime/12.2.0--gcc--12.2.0-dqfwf7y numactl/2.0.14--gcc--12.2.0-cxzp4ci
    bzip2/1.0.8-ib3znej libiconv/1.17-nhc3mhm xz/5.4.6-xxxg42c
    zlib-ng/2.1.6-jkgunjc libxml2/2.10.3-zbbe7lm ncurses/6.5-svfl57u
    pigz/2.8-5bwzpml zstd/1.5.6-uq5yyux tar/1.34-jgektnv gettext/0.22.5-hsxgafg
    krb5/1.20.1-n4kmebh libedit/3.1-20230828-nme7boz libxcrypt/4.4.35-7om46b5
    openssh/9.7p1-tk2b5yv
--- [WORKER MODE DETECTED] Work dir: ./data/leonardo/2025-10-02_22-09-16-763312 ---
--- [WORKER] Environment loaded. Starting engine. ---
--- [WORKER] Engine running in WORKER mode. ---
--- [WORKER] Working directory is: /leonardo/home/userexternal/mmarcel3/CRAB.OLD ---
--- [WORKER] Allocating nodes provided by SLURM... ---
Split list: [25.0, 25.0, 25.0, 25.0]
Split_a: 1
Split_a: 1
Split_a: 1
Splits: [1, 1, 1, 1]

Running Benchmarks...
 Run 1:
[DEBUG]: Node List is: ['lrdn3361']
[DEBUG]: Detected BLINK_SYSTEM=leonardo. Adding SLURM option: --partition=boost_usr_prod
[DEBUG]: SLURM command is: srun --partition=boost_usr_prod --nodelist lrdn3361 --cpu-bind=socket -n 1 -N 1 /leonardo/home/userexternal/mmarcel3/CRAB.OLD/benchmarks/blink/bin/a2a_b -msgsize 67108864 -iter 1000 -grty 1
[DEBUG]: Node List is: ['lrdn3363']
[DEBUG]: Detected BLINK_SYSTEM=leonardo. Adding SLURM option: --partition=boost_usr_prod
[DEBUG]: SLURM command is: srun --partition=boost_usr_prod --nodelist lrdn3363 --cpu-bind=socket -n 1 -N 1 /leonardo/home/userexternal/mmarcel3/CRAB.OLD/benchmarks/blink/bin/a2a_b -msgsize 67108864 -iter 500 -grty 1
[DEBUG]: Node List is: ['lrdn3364']
[DEBUG]: Detected BLINK_SYSTEM=leonardo. Adding SLURM option: --partition=boost_usr_prod
[DEBUG]: SLURM command is: srun --partition=boost_usr_prod --nodelist lrdn3364 --cpu-bind=socket -n 1 -N 1 /leonardo/home/userexternal/mmarcel3/CRAB.OLD/benchmarks/blink/bin/barrier -iter 5000
[DEBUG]: Node List is: ['lrdn3365']
[DEBUG]: Detected BLINK_SYSTEM=leonardo. Adding SLURM option: --partition=boost_usr_prod
[DEBUG]: SLURM command is: srun --partition=boost_usr_prod --nodelist lrdn3365 --cpu-bind=socket -n 1 -N 1 /leonardo/home/userexternal/mmarcel3/CRAB.OLD/benchmarks/blink/bin/ring_nb -msgsize 33554432 -iter 1000
 Run 2:
[DEBUG]: Node List is: ['lrdn3361']
[DEBUG]: Detected BLINK_SYSTEM=leonardo. Adding SLURM option: --partition=boost_usr_prod
[DEBUG]: SLURM command is: srun --partition=boost_usr_prod --nodelist lrdn3361 --cpu-bind=socket -n 1 -N 1 /leonardo/home/userexternal/mmarcel3/CRAB.OLD/benchmarks/blink/bin/a2a_b -msgsize 67108864 -iter 1000 -grty 1
[DEBUG]: Node List is: ['lrdn3363']
[DEBUG]: Detected BLINK_SYSTEM=leonardo. Adding SLURM option: --partition=boost_usr_prod
[DEBUG]: SLURM command is: srun --partition=boost_usr_prod --nodelist lrdn3363 --cpu-bind=socket -n 1 -N 1 /leonardo/home/userexternal/mmarcel3/CRAB.OLD/benchmarks/blink/bin/a2a_b -msgsize 67108864 -iter 500 -grty 1
[DEBUG]: Node List is: ['lrdn3364']
[DEBUG]: Detected BLINK_SYSTEM=leonardo. Adding SLURM option: --partition=boost_usr_prod
[DEBUG]: SLURM command is: srun --partition=boost_usr_prod --nodelist lrdn3364 --cpu-bind=socket -n 1 -N 1 /leonardo/home/userexternal/mmarcel3/CRAB.OLD/benchmarks/blink/bin/barrier -iter 5000
[DEBUG]: Node List is: ['lrdn3365']
[DEBUG]: Detected BLINK_SYSTEM=leonardo. Adding SLURM option: --partition=boost_usr_prod
[DEBUG]: SLURM command is: srun --partition=boost_usr_prod --nodelist lrdn3365 --cpu-bind=socket -n 1 -N 1 /leonardo/home/userexternal/mmarcel3/CRAB.OLD/benchmarks/blink/bin/ring_nb -msgsize 33554432 -iter 1000
 Run 3:
[DEBUG]: Node List is: ['lrdn3361']
[DEBUG]: Detected BLINK_SYSTEM=leonardo. Adding SLURM option: --partition=boost_usr_prod
[DEBUG]: SLURM command is: srun --partition=boost_usr_prod --nodelist lrdn3361 --cpu-bind=socket -n 1 -N 1 /leonardo/home/userexternal/mmarcel3/CRAB.OLD/benchmarks/blink/bin/a2a_b -msgsize 67108864 -iter 1000 -grty 1
[DEBUG]: Node List is: ['lrdn3363']
[DEBUG]: Detected BLINK_SYSTEM=leonardo. Adding SLURM option: --partition=boost_usr_prod
[DEBUG]: SLURM command is: srun --partition=boost_usr_prod --nodelist lrdn3363 --cpu-bind=socket -n 1 -N 1 /leonardo/home/userexternal/mmarcel3/CRAB.OLD/benchmarks/blink/bin/a2a_b -msgsize 67108864 -iter 500 -grty 1
[DEBUG]: Node List is: ['lrdn3364']
[DEBUG]: Detected BLINK_SYSTEM=leonardo. Adding SLURM option: --partition=boost_usr_prod
[DEBUG]: SLURM command is: srun --partition=boost_usr_prod --nodelist lrdn3364 --cpu-bind=socket -n 1 -N 1 /leonardo/home/userexternal/mmarcel3/CRAB.OLD/benchmarks/blink/bin/barrier -iter 5000
[DEBUG]: Node List is: ['lrdn3365']
[DEBUG]: Detected BLINK_SYSTEM=leonardo. Adding SLURM option: --partition=boost_usr_prod
[DEBUG]: SLURM command is: srun --partition=boost_usr_prod --nodelist lrdn3365 --cpu-bind=socket -n 1 -N 1 /leonardo/home/userexternal/mmarcel3/CRAB.OLD/benchmarks/blink/bin/ring_nb -msgsize 33554432 -iter 1000
 Run 4:
[DEBUG]: Node List is: ['lrdn3361']
[DEBUG]: Detected BLINK_SYSTEM=leonardo. Adding SLURM option: --partition=boost_usr_prod
[DEBUG]: SLURM command is: srun --partition=boost_usr_prod --nodelist lrdn3361 --cpu-bind=socket -n 1 -N 1 /leonardo/home/userexternal/mmarcel3/CRAB.OLD/benchmarks/blink/bin/a2a_b -msgsize 67108864 -iter 1000 -grty 1
[DEBUG]: Node List is: ['lrdn3363']
[DEBUG]: Detected BLINK_SYSTEM=leonardo. Adding SLURM option: --partition=boost_usr_prod
[DEBUG]: SLURM command is: srun --partition=boost_usr_prod --nodelist lrdn3363 --cpu-bind=socket -n 1 -N 1 /leonardo/home/userexternal/mmarcel3/CRAB.OLD/benchmarks/blink/bin/a2a_b -msgsize 67108864 -iter 500 -grty 1
[DEBUG]: Node List is: ['lrdn3364']
[DEBUG]: Detected BLINK_SYSTEM=leonardo. Adding SLURM option: --partition=boost_usr_prod
[DEBUG]: SLURM command is: srun --partition=boost_usr_prod --nodelist lrdn3364 --cpu-bind=socket -n 1 -N 1 /leonardo/home/userexternal/mmarcel3/CRAB.OLD/benchmarks/blink/bin/barrier -iter 5000
[DEBUG]: Node List is: ['lrdn3365']
[DEBUG]: Detected BLINK_SYSTEM=leonardo. Adding SLURM option: --partition=boost_usr_prod
[DEBUG]: SLURM command is: srun --partition=boost_usr_prod --nodelist lrdn3365 --cpu-bind=socket -n 1 -N 1 /leonardo/home/userexternal/mmarcel3/CRAB.OLD/benchmarks/blink/bin/ring_nb -msgsize 33554432 -iter 1000
 Run 5:
[DEBUG]: Node List is: ['lrdn3361']
[DEBUG]: Detected BLINK_SYSTEM=leonardo. Adding SLURM option: --partition=boost_usr_prod
[DEBUG]: SLURM command is: srun --partition=boost_usr_prod --nodelist lrdn3361 --cpu-bind=socket -n 1 -N 1 /leonardo/home/userexternal/mmarcel3/CRAB.OLD/benchmarks/blink/bin/a2a_b -msgsize 67108864 -iter 1000 -grty 1
[DEBUG]: Node List is: ['lrdn3363']
[DEBUG]: Detected BLINK_SYSTEM=leonardo. Adding SLURM option: --partition=boost_usr_prod
[DEBUG]: SLURM command is: srun --partition=boost_usr_prod --nodelist lrdn3363 --cpu-bind=socket -n 1 -N 1 /leonardo/home/userexternal/mmarcel3/CRAB.OLD/benchmarks/blink/bin/a2a_b -msgsize 67108864 -iter 500 -grty 1
[DEBUG]: Node List is: ['lrdn3364']
[DEBUG]: Detected BLINK_SYSTEM=leonardo. Adding SLURM option: --partition=boost_usr_prod
[DEBUG]: SLURM command is: srun --partition=boost_usr_prod --nodelist lrdn3364 --cpu-bind=socket -n 1 -N 1 /leonardo/home/userexternal/mmarcel3/CRAB.OLD/benchmarks/blink/bin/barrier -iter 5000
[DEBUG]: Node List is: ['lrdn3365']
[DEBUG]: Detected BLINK_SYSTEM=leonardo. Adding SLURM option: --partition=boost_usr_prod
[DEBUG]: SLURM command is: srun --partition=boost_usr_prod --nodelist lrdn3365 --cpu-bind=socket -n 1 -N 1 /leonardo/home/userexternal/mmarcel3/CRAB.OLD/benchmarks/blink/bin/ring_nb -msgsize 33554432 -iter 1000

Logging data...
Dati per App 0 salvati in: /leonardo/home/userexternal/mmarcel3/CRAB.OLD/data_app_0.csv
Dati per App 1 salvati in: /leonardo/home/userexternal/mmarcel3/CRAB.OLD/data_app_1.csv
Dati per App 3 salvati in: /leonardo/home/userexternal/mmarcel3/CRAB.OLD/data_app_3.csv
--- [WORKER] Engine run finished. ---
