Loading openmpi/4.1.6--gcc--12.2.0-cuda-12.2
  Loading requirement: glibc/2.28--gcc--12.2.0-gi6mmti
    gcc-runtime/12.2.0--gcc--12.2.0-dqfwf7y numactl/2.0.14--gcc--12.2.0-cxzp4ci
    bzip2/1.0.8-ib3znej libiconv/1.17-nhc3mhm xz/5.4.6-xxxg42c
    zlib-ng/2.1.6-jkgunjc libxml2/2.10.3-zbbe7lm ncurses/6.5-svfl57u
    pigz/2.8-5bwzpml zstd/1.5.6-uq5yyux tar/1.34-jgektnv gettext/0.22.5-hsxgafg
    krb5/1.20.1-n4kmebh libedit/3.1-20230828-nme7boz libxcrypt/4.4.35-7om46b5
    openssh/9.7p1-tk2b5yv
--- [WORKER MODE DETECTED] Work dir: ./data/leonardo/2025-10-07_18-43-52-427263 ---
--- [WORKER] Environment loaded. Starting engine. ---
--- [WORKER] Engine running in WORKER mode. ---
--- [WORKER] Working directory is: ./data/leonardo/2025-10-07_18-43-52-427263 ---
--- [WORKER] Allocating nodes provided by SLURM: lrdn[0001,0010,0022,0031,0049,0051,0072,0083,0099,0112,0126,0129,0136,0151,0159,0171] ---
Split list: [100.0]
Splits: [16]

Running Benchmarks...
 Run 1:
[DEBUG]: Node List is: ['lrdn0001', 'lrdn0010', 'lrdn0022', 'lrdn0031', 'lrdn0049', 'lrdn0051', 'lrdn0072', 'lrdn0083', 'lrdn0099', 'lrdn0112', 'lrdn0126', 'lrdn0129', 'lrdn0136', 'lrdn0151', 'lrdn0159', 'lrdn0171']
[DEBUG]: Detected CRAB_SYSTEM=leonardo. Adding SLURM option: --partition=boost_usr_prod
[DEBUG]: SLURM command is: srun --export=ALL --partition=boost_usr_prod --nodelist lrdn0001,lrdn0010,lrdn0022,lrdn0031,lrdn0049,lrdn0051,lrdn0072,lrdn0083,lrdn0099,lrdn0112,lrdn0126,lrdn0129,lrdn0136,lrdn0151,lrdn0159,lrdn0171 --cpu-bind=socket -n 16 -N 16 bash -c '
        module purge >&2
        module load openmpi >&2
        module list >&2
        /leonardo/home/userexternal/mmarcel3/crab/benchmarks/blink/bin/ardc_b -msgsize 134217728 -iter 100 -maxsamples 100
        '
Ran 105 iterations. Measured 100 iterations.
--- [INFO] Run 1 completata in 6.8630 secondi ---
 Run 2:
[DEBUG]: Node List is: ['lrdn0001', 'lrdn0010', 'lrdn0022', 'lrdn0031', 'lrdn0049', 'lrdn0051', 'lrdn0072', 'lrdn0083', 'lrdn0099', 'lrdn0112', 'lrdn0126', 'lrdn0129', 'lrdn0136', 'lrdn0151', 'lrdn0159', 'lrdn0171']
[DEBUG]: Detected CRAB_SYSTEM=leonardo. Adding SLURM option: --partition=boost_usr_prod
[DEBUG]: SLURM command is: srun --export=ALL --partition=boost_usr_prod --nodelist lrdn0001,lrdn0010,lrdn0022,lrdn0031,lrdn0049,lrdn0051,lrdn0072,lrdn0083,lrdn0099,lrdn0112,lrdn0126,lrdn0129,lrdn0136,lrdn0151,lrdn0159,lrdn0171 --cpu-bind=socket -n 16 -N 16 bash -c '
        module purge >&2
        module load openmpi >&2
        module list >&2
        /leonardo/home/userexternal/mmarcel3/crab/benchmarks/blink/bin/ardc_b -msgsize 134217728 -iter 100 -maxsamples 100
        '
Ran 105 iterations. Measured 100 iterations.
--- [INFO] Run 2 completata in 6.5984 secondi ---
 Run 3:
[DEBUG]: Node List is: ['lrdn0001', 'lrdn0010', 'lrdn0022', 'lrdn0031', 'lrdn0049', 'lrdn0051', 'lrdn0072', 'lrdn0083', 'lrdn0099', 'lrdn0112', 'lrdn0126', 'lrdn0129', 'lrdn0136', 'lrdn0151', 'lrdn0159', 'lrdn0171']
[DEBUG]: Detected CRAB_SYSTEM=leonardo. Adding SLURM option: --partition=boost_usr_prod
[DEBUG]: SLURM command is: srun --export=ALL --partition=boost_usr_prod --nodelist lrdn0001,lrdn0010,lrdn0022,lrdn0031,lrdn0049,lrdn0051,lrdn0072,lrdn0083,lrdn0099,lrdn0112,lrdn0126,lrdn0129,lrdn0136,lrdn0151,lrdn0159,lrdn0171 --cpu-bind=socket -n 16 -N 16 bash -c '
        module purge >&2
        module load openmpi >&2
        module list >&2
        /leonardo/home/userexternal/mmarcel3/crab/benchmarks/blink/bin/ardc_b -msgsize 134217728 -iter 100 -maxsamples 100
        '
Ran 105 iterations. Measured 100 iterations.
--- [INFO] Run 3 completata in 9.4957 secondi ---
 Run 4:
[DEBUG]: Node List is: ['lrdn0001', 'lrdn0010', 'lrdn0022', 'lrdn0031', 'lrdn0049', 'lrdn0051', 'lrdn0072', 'lrdn0083', 'lrdn0099', 'lrdn0112', 'lrdn0126', 'lrdn0129', 'lrdn0136', 'lrdn0151', 'lrdn0159', 'lrdn0171']
[DEBUG]: Detected CRAB_SYSTEM=leonardo. Adding SLURM option: --partition=boost_usr_prod
[DEBUG]: SLURM command is: srun --export=ALL --partition=boost_usr_prod --nodelist lrdn0001,lrdn0010,lrdn0022,lrdn0031,lrdn0049,lrdn0051,lrdn0072,lrdn0083,lrdn0099,lrdn0112,lrdn0126,lrdn0129,lrdn0136,lrdn0151,lrdn0159,lrdn0171 --cpu-bind=socket -n 16 -N 16 bash -c '
        module purge >&2
        module load openmpi >&2
        module list >&2
        /leonardo/home/userexternal/mmarcel3/crab/benchmarks/blink/bin/ardc_b -msgsize 134217728 -iter 100 -maxsamples 100
        '
Ran 105 iterations. Measured 100 iterations.
--- [INFO] Run 4 completata in 6.5829 secondi ---
 Run 5:
[DEBUG]: Node List is: ['lrdn0001', 'lrdn0010', 'lrdn0022', 'lrdn0031', 'lrdn0049', 'lrdn0051', 'lrdn0072', 'lrdn0083', 'lrdn0099', 'lrdn0112', 'lrdn0126', 'lrdn0129', 'lrdn0136', 'lrdn0151', 'lrdn0159', 'lrdn0171']
[DEBUG]: Detected CRAB_SYSTEM=leonardo. Adding SLURM option: --partition=boost_usr_prod
[DEBUG]: SLURM command is: srun --export=ALL --partition=boost_usr_prod --nodelist lrdn0001,lrdn0010,lrdn0022,lrdn0031,lrdn0049,lrdn0051,lrdn0072,lrdn0083,lrdn0099,lrdn0112,lrdn0126,lrdn0129,lrdn0136,lrdn0151,lrdn0159,lrdn0171 --cpu-bind=socket -n 16 -N 16 bash -c '
        module purge >&2
        module load openmpi >&2
        module list >&2
        /leonardo/home/userexternal/mmarcel3/crab/benchmarks/blink/bin/ardc_b -msgsize 134217728 -iter 100 -maxsamples 100
        '
Ran 105 iterations. Measured 100 iterations.
--- [INFO] Run 5 completata in 6.5534 secondi ---
 Run 6:
[DEBUG]: Node List is: ['lrdn0001', 'lrdn0010', 'lrdn0022', 'lrdn0031', 'lrdn0049', 'lrdn0051', 'lrdn0072', 'lrdn0083', 'lrdn0099', 'lrdn0112', 'lrdn0126', 'lrdn0129', 'lrdn0136', 'lrdn0151', 'lrdn0159', 'lrdn0171']
[DEBUG]: Detected CRAB_SYSTEM=leonardo. Adding SLURM option: --partition=boost_usr_prod
[DEBUG]: SLURM command is: srun --export=ALL --partition=boost_usr_prod --nodelist lrdn0001,lrdn0010,lrdn0022,lrdn0031,lrdn0049,lrdn0051,lrdn0072,lrdn0083,lrdn0099,lrdn0112,lrdn0126,lrdn0129,lrdn0136,lrdn0151,lrdn0159,lrdn0171 --cpu-bind=socket -n 16 -N 16 bash -c '
        module purge >&2
        module load openmpi >&2
        module list >&2
        /leonardo/home/userexternal/mmarcel3/crab/benchmarks/blink/bin/ardc_b -msgsize 134217728 -iter 100 -maxsamples 100
        '
Ran 105 iterations. Measured 100 iterations.
--- [INFO] Run 6 completata in 6.6496 secondi ---
 Run 7:
[DEBUG]: Node List is: ['lrdn0001', 'lrdn0010', 'lrdn0022', 'lrdn0031', 'lrdn0049', 'lrdn0051', 'lrdn0072', 'lrdn0083', 'lrdn0099', 'lrdn0112', 'lrdn0126', 'lrdn0129', 'lrdn0136', 'lrdn0151', 'lrdn0159', 'lrdn0171']
[DEBUG]: Detected CRAB_SYSTEM=leonardo. Adding SLURM option: --partition=boost_usr_prod
[DEBUG]: SLURM command is: srun --export=ALL --partition=boost_usr_prod --nodelist lrdn0001,lrdn0010,lrdn0022,lrdn0031,lrdn0049,lrdn0051,lrdn0072,lrdn0083,lrdn0099,lrdn0112,lrdn0126,lrdn0129,lrdn0136,lrdn0151,lrdn0159,lrdn0171 --cpu-bind=socket -n 16 -N 16 bash -c '
        module purge >&2
        module load openmpi >&2
        module list >&2
        /leonardo/home/userexternal/mmarcel3/crab/benchmarks/blink/bin/ardc_b -msgsize 134217728 -iter 100 -maxsamples 100
        '
Ran 105 iterations. Measured 100 iterations.
--- [INFO] Run 7 completata in 8.0629 secondi ---
 Run 8:
[DEBUG]: Node List is: ['lrdn0001', 'lrdn0010', 'lrdn0022', 'lrdn0031', 'lrdn0049', 'lrdn0051', 'lrdn0072', 'lrdn0083', 'lrdn0099', 'lrdn0112', 'lrdn0126', 'lrdn0129', 'lrdn0136', 'lrdn0151', 'lrdn0159', 'lrdn0171']
[DEBUG]: Detected CRAB_SYSTEM=leonardo. Adding SLURM option: --partition=boost_usr_prod
[DEBUG]: SLURM command is: srun --export=ALL --partition=boost_usr_prod --nodelist lrdn0001,lrdn0010,lrdn0022,lrdn0031,lrdn0049,lrdn0051,lrdn0072,lrdn0083,lrdn0099,lrdn0112,lrdn0126,lrdn0129,lrdn0136,lrdn0151,lrdn0159,lrdn0171 --cpu-bind=socket -n 16 -N 16 bash -c '
        module purge >&2
        module load openmpi >&2
        module list >&2
        /leonardo/home/userexternal/mmarcel3/crab/benchmarks/blink/bin/ardc_b -msgsize 134217728 -iter 100 -maxsamples 100
        '
Ran 105 iterations. Measured 100 iterations.
--- [INFO] Run 8 completata in 6.2719 secondi ---
 Run 9:
[DEBUG]: Node List is: ['lrdn0001', 'lrdn0010', 'lrdn0022', 'lrdn0031', 'lrdn0049', 'lrdn0051', 'lrdn0072', 'lrdn0083', 'lrdn0099', 'lrdn0112', 'lrdn0126', 'lrdn0129', 'lrdn0136', 'lrdn0151', 'lrdn0159', 'lrdn0171']
[DEBUG]: Detected CRAB_SYSTEM=leonardo. Adding SLURM option: --partition=boost_usr_prod
[DEBUG]: SLURM command is: srun --export=ALL --partition=boost_usr_prod --nodelist lrdn0001,lrdn0010,lrdn0022,lrdn0031,lrdn0049,lrdn0051,lrdn0072,lrdn0083,lrdn0099,lrdn0112,lrdn0126,lrdn0129,lrdn0136,lrdn0151,lrdn0159,lrdn0171 --cpu-bind=socket -n 16 -N 16 bash -c '
        module purge >&2
        module load openmpi >&2
        module list >&2
        /leonardo/home/userexternal/mmarcel3/crab/benchmarks/blink/bin/ardc_b -msgsize 134217728 -iter 100 -maxsamples 100
        '
Ran 105 iterations. Measured 100 iterations.
--- [INFO] Run 9 completata in 6.3995 secondi ---
 Run 10:
[DEBUG]: Node List is: ['lrdn0001', 'lrdn0010', 'lrdn0022', 'lrdn0031', 'lrdn0049', 'lrdn0051', 'lrdn0072', 'lrdn0083', 'lrdn0099', 'lrdn0112', 'lrdn0126', 'lrdn0129', 'lrdn0136', 'lrdn0151', 'lrdn0159', 'lrdn0171']
[DEBUG]: Detected CRAB_SYSTEM=leonardo. Adding SLURM option: --partition=boost_usr_prod
[DEBUG]: SLURM command is: srun --export=ALL --partition=boost_usr_prod --nodelist lrdn0001,lrdn0010,lrdn0022,lrdn0031,lrdn0049,lrdn0051,lrdn0072,lrdn0083,lrdn0099,lrdn0112,lrdn0126,lrdn0129,lrdn0136,lrdn0151,lrdn0159,lrdn0171 --cpu-bind=socket -n 16 -N 16 bash -c '
        module purge >&2
        module load openmpi >&2
        module list >&2
        /leonardo/home/userexternal/mmarcel3/crab/benchmarks/blink/bin/ardc_b -msgsize 134217728 -iter 100 -maxsamples 100
        '
Ran 105 iterations. Measured 100 iterations.
--- [INFO] Run 10 completata in 6.1554 secondi ---

Logging data...
Dati per App 0 salvati in: ./data/leonardo/2025-10-07_18-43-52-427263/data_app_0.csv
--- [WORKER] Engine run finished. ---
