Loading openmpi/4.1.6--gcc--12.2.0-cuda-12.2
  Loading requirement: glibc/2.28--gcc--12.2.0-gi6mmti
    gcc-runtime/12.2.0--gcc--12.2.0-dqfwf7y numactl/2.0.14--gcc--12.2.0-cxzp4ci
    bzip2/1.0.8-ib3znej libiconv/1.17-nhc3mhm xz/5.4.6-xxxg42c
    zlib-ng/2.1.6-jkgunjc libxml2/2.10.3-zbbe7lm ncurses/6.5-svfl57u
    pigz/2.8-5bwzpml zstd/1.5.6-uq5yyux tar/1.34-jgektnv gettext/0.22.5-hsxgafg
    krb5/1.20.1-n4kmebh libedit/3.1-20230828-nme7boz libxcrypt/4.4.35-7om46b5
    openssh/9.7p1-tk2b5yv
--- [WORKER MODE DETECTED] Work dir: ./data/leonardo/2025-10-06_16-36-36-938043 ---
--- [WORKER] Environment loaded. Starting engine. ---
--- [WORKER] Engine running in WORKER mode. ---
--- [WORKER] Working directory is: ./data/leonardo/2025-10-06_16-36-36-938043 ---
--- [WORKER] Allocating nodes provided by SLURM... ---
Split list: [100.0]
Splits: [4]

Running Benchmarks...
 Run 1:
[DEBUG]: Node List is: ['lrdn3439', 'lrdn3440', 'lrdn3441', 'lrdn3443']
[DEBUG]: Detected CRAB_SYSTEM=leonardo. Adding SLURM option: --partition=boost_usr_prod
[DEBUG]: SLURM command is: srun --export=ALL --exclusive --partition=boost_usr_prod --nodelist lrdn3439,lrdn3440,lrdn3441,lrdn3443 --cpu-bind=socket -n 4 -N 4 bash -c '
        echo "[BASH WRAPPER] Loading modules on node $(hostname)..." >&2
        module purge >&2
        module load openmpi >&2
        echo "[BASH WRAPPER] Modules loaded:" >&2
        module list >&2
        echo "[BASH WRAPPER] Executing command: /leonardo/home/userexternal/mmarcel3/crab/benchmarks/blink/bin/ardc_b -msgsize 268435456 -iter 500 -maxsamples 500" >&2
        /leonardo/home/userexternal/mmarcel3/crab/benchmarks/blink/bin/ardc_b -msgsize 268435456 -iter 500 -maxsamples 500
        '
