Loading openmpi/4.1.6--gcc--12.2.0-cuda-12.2
  Loading requirement: glibc/2.28--gcc--12.2.0-gi6mmti
    gcc-runtime/12.2.0--gcc--12.2.0-dqfwf7y numactl/2.0.14--gcc--12.2.0-cxzp4ci
    bzip2/1.0.8-ib3znej libiconv/1.17-nhc3mhm xz/5.4.6-xxxg42c
    zlib-ng/2.1.6-jkgunjc libxml2/2.10.3-zbbe7lm ncurses/6.5-svfl57u
    pigz/2.8-5bwzpml zstd/1.5.6-uq5yyux tar/1.34-jgektnv gettext/0.22.5-hsxgafg
    krb5/1.20.1-n4kmebh libedit/3.1-20230828-nme7boz libxcrypt/4.4.35-7om46b5
    openssh/9.7p1-tk2b5yv
--- [WORKER MODE DETECTED] Work dir: ./data/leonardo/2025-10-07_18-42-46-171984 ---
--- [WORKER] Environment loaded. Starting engine. ---
--- [WORKER] Engine running in WORKER mode. ---
--- [WORKER] Working directory is: ./data/leonardo/2025-10-07_18-42-46-171984 ---
--- [WORKER] Allocating nodes provided by SLURM: lrdn[3439-3446] ---
Split list: [100.0]
Splits: [8]

Running Benchmarks...
 Run 1:
[DEBUG]: Node List is: ['lrdn3439', 'lrdn3440', 'lrdn3441', 'lrdn3442', 'lrdn3443', 'lrdn3444', 'lrdn3445', 'lrdn3446']
[DEBUG]: Detected CRAB_SYSTEM=leonardo. Adding SLURM option: --partition=boost_usr_prod
[DEBUG]: SLURM command is: srun --export=ALL --partition=boost_usr_prod --nodelist lrdn3439,lrdn3440,lrdn3441,lrdn3442,lrdn3443,lrdn3444,lrdn3445,lrdn3446 --cpu-bind=socket -n 8 -N 8 bash -c '
        module purge >&2
        module load openmpi >&2
        module list >&2
        /leonardo/home/userexternal/mmarcel3/crab/benchmarks/blink/bin/ardc_b -msgsize 1048576 -iter 100 -maxsamples 100
        '
Ran 105 iterations. Measured 100 iterations.
--- [INFO] Run 1 completata in 2.8187 secondi ---
 Run 2:
[DEBUG]: Node List is: ['lrdn3439', 'lrdn3440', 'lrdn3441', 'lrdn3442', 'lrdn3443', 'lrdn3444', 'lrdn3445', 'lrdn3446']
[DEBUG]: Detected CRAB_SYSTEM=leonardo. Adding SLURM option: --partition=boost_usr_prod
[DEBUG]: SLURM command is: srun --export=ALL --partition=boost_usr_prod --nodelist lrdn3439,lrdn3440,lrdn3441,lrdn3442,lrdn3443,lrdn3444,lrdn3445,lrdn3446 --cpu-bind=socket -n 8 -N 8 bash -c '
        module purge >&2
        module load openmpi >&2
        module list >&2
        /leonardo/home/userexternal/mmarcel3/crab/benchmarks/blink/bin/ardc_b -msgsize 1048576 -iter 100 -maxsamples 100
        '
Ran 105 iterations. Measured 100 iterations.
--- [INFO] Run 2 completata in 2.7803 secondi ---
 Run 3:
[DEBUG]: Node List is: ['lrdn3439', 'lrdn3440', 'lrdn3441', 'lrdn3442', 'lrdn3443', 'lrdn3444', 'lrdn3445', 'lrdn3446']
[DEBUG]: Detected CRAB_SYSTEM=leonardo. Adding SLURM option: --partition=boost_usr_prod
[DEBUG]: SLURM command is: srun --export=ALL --partition=boost_usr_prod --nodelist lrdn3439,lrdn3440,lrdn3441,lrdn3442,lrdn3443,lrdn3444,lrdn3445,lrdn3446 --cpu-bind=socket -n 8 -N 8 bash -c '
        module purge >&2
        module load openmpi >&2
        module list >&2
        /leonardo/home/userexternal/mmarcel3/crab/benchmarks/blink/bin/ardc_b -msgsize 1048576 -iter 100 -maxsamples 100
        '
Ran 105 iterations. Measured 100 iterations.
--- [INFO] Run 3 completata in 2.7813 secondi ---
 Run 4:
[DEBUG]: Node List is: ['lrdn3439', 'lrdn3440', 'lrdn3441', 'lrdn3442', 'lrdn3443', 'lrdn3444', 'lrdn3445', 'lrdn3446']
[DEBUG]: Detected CRAB_SYSTEM=leonardo. Adding SLURM option: --partition=boost_usr_prod
[DEBUG]: SLURM command is: srun --export=ALL --partition=boost_usr_prod --nodelist lrdn3439,lrdn3440,lrdn3441,lrdn3442,lrdn3443,lrdn3444,lrdn3445,lrdn3446 --cpu-bind=socket -n 8 -N 8 bash -c '
        module purge >&2
        module load openmpi >&2
        module list >&2
        /leonardo/home/userexternal/mmarcel3/crab/benchmarks/blink/bin/ardc_b -msgsize 1048576 -iter 100 -maxsamples 100
        '
Ran 105 iterations. Measured 100 iterations.
--- [INFO] Run 4 completata in 5.1581 secondi ---
 Run 5:
[DEBUG]: Node List is: ['lrdn3439', 'lrdn3440', 'lrdn3441', 'lrdn3442', 'lrdn3443', 'lrdn3444', 'lrdn3445', 'lrdn3446']
[DEBUG]: Detected CRAB_SYSTEM=leonardo. Adding SLURM option: --partition=boost_usr_prod
[DEBUG]: SLURM command is: srun --export=ALL --partition=boost_usr_prod --nodelist lrdn3439,lrdn3440,lrdn3441,lrdn3442,lrdn3443,lrdn3444,lrdn3445,lrdn3446 --cpu-bind=socket -n 8 -N 8 bash -c '
        module purge >&2
        module load openmpi >&2
        module list >&2
        /leonardo/home/userexternal/mmarcel3/crab/benchmarks/blink/bin/ardc_b -msgsize 1048576 -iter 100 -maxsamples 100
        '
Ran 105 iterations. Measured 100 iterations.
--- [INFO] Run 5 completata in 2.6939 secondi ---
 Run 6:
[DEBUG]: Node List is: ['lrdn3439', 'lrdn3440', 'lrdn3441', 'lrdn3442', 'lrdn3443', 'lrdn3444', 'lrdn3445', 'lrdn3446']
[DEBUG]: Detected CRAB_SYSTEM=leonardo. Adding SLURM option: --partition=boost_usr_prod
[DEBUG]: SLURM command is: srun --export=ALL --partition=boost_usr_prod --nodelist lrdn3439,lrdn3440,lrdn3441,lrdn3442,lrdn3443,lrdn3444,lrdn3445,lrdn3446 --cpu-bind=socket -n 8 -N 8 bash -c '
        module purge >&2
        module load openmpi >&2
        module list >&2
        /leonardo/home/userexternal/mmarcel3/crab/benchmarks/blink/bin/ardc_b -msgsize 1048576 -iter 100 -maxsamples 100
        '
Ran 105 iterations. Measured 100 iterations.
--- [INFO] Run 6 completata in 2.7015 secondi ---
 Run 7:
[DEBUG]: Node List is: ['lrdn3439', 'lrdn3440', 'lrdn3441', 'lrdn3442', 'lrdn3443', 'lrdn3444', 'lrdn3445', 'lrdn3446']
[DEBUG]: Detected CRAB_SYSTEM=leonardo. Adding SLURM option: --partition=boost_usr_prod
[DEBUG]: SLURM command is: srun --export=ALL --partition=boost_usr_prod --nodelist lrdn3439,lrdn3440,lrdn3441,lrdn3442,lrdn3443,lrdn3444,lrdn3445,lrdn3446 --cpu-bind=socket -n 8 -N 8 bash -c '
        module purge >&2
        module load openmpi >&2
        module list >&2
        /leonardo/home/userexternal/mmarcel3/crab/benchmarks/blink/bin/ardc_b -msgsize 1048576 -iter 100 -maxsamples 100
        '
Ran 105 iterations. Measured 100 iterations.
--- [INFO] Run 7 completata in 2.7243 secondi ---
 Run 8:
[DEBUG]: Node List is: ['lrdn3439', 'lrdn3440', 'lrdn3441', 'lrdn3442', 'lrdn3443', 'lrdn3444', 'lrdn3445', 'lrdn3446']
[DEBUG]: Detected CRAB_SYSTEM=leonardo. Adding SLURM option: --partition=boost_usr_prod
[DEBUG]: SLURM command is: srun --export=ALL --partition=boost_usr_prod --nodelist lrdn3439,lrdn3440,lrdn3441,lrdn3442,lrdn3443,lrdn3444,lrdn3445,lrdn3446 --cpu-bind=socket -n 8 -N 8 bash -c '
        module purge >&2
        module load openmpi >&2
        module list >&2
        /leonardo/home/userexternal/mmarcel3/crab/benchmarks/blink/bin/ardc_b -msgsize 1048576 -iter 100 -maxsamples 100
        '
Ran 105 iterations. Measured 100 iterations.
--- [INFO] Run 8 completata in 2.7007 secondi ---
 Run 9:
[DEBUG]: Node List is: ['lrdn3439', 'lrdn3440', 'lrdn3441', 'lrdn3442', 'lrdn3443', 'lrdn3444', 'lrdn3445', 'lrdn3446']
[DEBUG]: Detected CRAB_SYSTEM=leonardo. Adding SLURM option: --partition=boost_usr_prod
[DEBUG]: SLURM command is: srun --export=ALL --partition=boost_usr_prod --nodelist lrdn3439,lrdn3440,lrdn3441,lrdn3442,lrdn3443,lrdn3444,lrdn3445,lrdn3446 --cpu-bind=socket -n 8 -N 8 bash -c '
        module purge >&2
        module load openmpi >&2
        module list >&2
        /leonardo/home/userexternal/mmarcel3/crab/benchmarks/blink/bin/ardc_b -msgsize 1048576 -iter 100 -maxsamples 100
        '
Ran 105 iterations. Measured 100 iterations.
--- [INFO] Run 9 completata in 6.3542 secondi ---
 Run 10:
[DEBUG]: Node List is: ['lrdn3439', 'lrdn3440', 'lrdn3441', 'lrdn3442', 'lrdn3443', 'lrdn3444', 'lrdn3445', 'lrdn3446']
[DEBUG]: Detected CRAB_SYSTEM=leonardo. Adding SLURM option: --partition=boost_usr_prod
[DEBUG]: SLURM command is: srun --export=ALL --partition=boost_usr_prod --nodelist lrdn3439,lrdn3440,lrdn3441,lrdn3442,lrdn3443,lrdn3444,lrdn3445,lrdn3446 --cpu-bind=socket -n 8 -N 8 bash -c '
        module purge >&2
        module load openmpi >&2
        module list >&2
        /leonardo/home/userexternal/mmarcel3/crab/benchmarks/blink/bin/ardc_b -msgsize 1048576 -iter 100 -maxsamples 100
        '
Ran 105 iterations. Measured 100 iterations.
--- [INFO] Run 10 completata in 2.7346 secondi ---
 Run 11:
[DEBUG]: Node List is: ['lrdn3439', 'lrdn3440', 'lrdn3441', 'lrdn3442', 'lrdn3443', 'lrdn3444', 'lrdn3445', 'lrdn3446']
[DEBUG]: Detected CRAB_SYSTEM=leonardo. Adding SLURM option: --partition=boost_usr_prod
[DEBUG]: SLURM command is: srun --export=ALL --partition=boost_usr_prod --nodelist lrdn3439,lrdn3440,lrdn3441,lrdn3442,lrdn3443,lrdn3444,lrdn3445,lrdn3446 --cpu-bind=socket -n 8 -N 8 bash -c '
        module purge >&2
        module load openmpi >&2
        module list >&2
        /leonardo/home/userexternal/mmarcel3/crab/benchmarks/blink/bin/ardc_b -msgsize 1048576 -iter 100 -maxsamples 100
        '
Ran 105 iterations. Measured 100 iterations.
--- [INFO] Run 11 completata in 2.7299 secondi ---
 Run 12:
[DEBUG]: Node List is: ['lrdn3439', 'lrdn3440', 'lrdn3441', 'lrdn3442', 'lrdn3443', 'lrdn3444', 'lrdn3445', 'lrdn3446']
[DEBUG]: Detected CRAB_SYSTEM=leonardo. Adding SLURM option: --partition=boost_usr_prod
[DEBUG]: SLURM command is: srun --export=ALL --partition=boost_usr_prod --nodelist lrdn3439,lrdn3440,lrdn3441,lrdn3442,lrdn3443,lrdn3444,lrdn3445,lrdn3446 --cpu-bind=socket -n 8 -N 8 bash -c '
        module purge >&2
        module load openmpi >&2
        module list >&2
        /leonardo/home/userexternal/mmarcel3/crab/benchmarks/blink/bin/ardc_b -msgsize 1048576 -iter 100 -maxsamples 100
        '
Ran 105 iterations. Measured 100 iterations.
--- [INFO] Run 12 completata in 2.6754 secondi ---
 Run 13:
[DEBUG]: Node List is: ['lrdn3439', 'lrdn3440', 'lrdn3441', 'lrdn3442', 'lrdn3443', 'lrdn3444', 'lrdn3445', 'lrdn3446']
[DEBUG]: Detected CRAB_SYSTEM=leonardo. Adding SLURM option: --partition=boost_usr_prod
[DEBUG]: SLURM command is: srun --export=ALL --partition=boost_usr_prod --nodelist lrdn3439,lrdn3440,lrdn3441,lrdn3442,lrdn3443,lrdn3444,lrdn3445,lrdn3446 --cpu-bind=socket -n 8 -N 8 bash -c '
        module purge >&2
        module load openmpi >&2
        module list >&2
        /leonardo/home/userexternal/mmarcel3/crab/benchmarks/blink/bin/ardc_b -msgsize 1048576 -iter 100 -maxsamples 100
        '
Ran 105 iterations. Measured 100 iterations.
--- [INFO] Run 13 completata in 2.7690 secondi ---
 Run 14:
[DEBUG]: Node List is: ['lrdn3439', 'lrdn3440', 'lrdn3441', 'lrdn3442', 'lrdn3443', 'lrdn3444', 'lrdn3445', 'lrdn3446']
[DEBUG]: Detected CRAB_SYSTEM=leonardo. Adding SLURM option: --partition=boost_usr_prod
[DEBUG]: SLURM command is: srun --export=ALL --partition=boost_usr_prod --nodelist lrdn3439,lrdn3440,lrdn3441,lrdn3442,lrdn3443,lrdn3444,lrdn3445,lrdn3446 --cpu-bind=socket -n 8 -N 8 bash -c '
        module purge >&2
        module load openmpi >&2
        module list >&2
        /leonardo/home/userexternal/mmarcel3/crab/benchmarks/blink/bin/ardc_b -msgsize 1048576 -iter 100 -maxsamples 100
        '
Ran 105 iterations. Measured 100 iterations.
--- [INFO] Run 14 completata in 2.7537 secondi ---

Logging data...
Dati per App 0 salvati in: ./data/leonardo/2025-10-07_18-42-46-171984/data_app_0.csv
--- [WORKER] Engine run finished. ---
