Loading openmpi/4.1.6--gcc--12.2.0-cuda-12.2
  Loading requirement: glibc/2.28--gcc--12.2.0-gi6mmti
    gcc-runtime/12.2.0--gcc--12.2.0-dqfwf7y numactl/2.0.14--gcc--12.2.0-cxzp4ci
    bzip2/1.0.8-ib3znej libiconv/1.17-nhc3mhm xz/5.4.6-xxxg42c
    zlib-ng/2.1.6-jkgunjc libxml2/2.10.3-zbbe7lm ncurses/6.5-svfl57u
    pigz/2.8-5bwzpml zstd/1.5.6-uq5yyux tar/1.34-jgektnv gettext/0.22.5-hsxgafg
    krb5/1.20.1-n4kmebh libedit/3.1-20230828-nme7boz libxcrypt/4.4.35-7om46b5
    openssh/9.7p1-tk2b5yv
--- [WORKER MODE DETECTED] Work dir: ./data/leonardo/2025-10-07_17-36-18-713449 ---
--- [WORKER] Environment loaded. Starting engine. ---
--- [WORKER] Engine running in WORKER mode. ---
--- [WORKER] Working directory is: ./data/leonardo/2025-10-07_17-36-18-713449 ---
--- [WORKER] Allocating nodes provided by SLURM: lrdn[0001,0010,0015,0031,0041,0046,0061,0070,0075,0099,0104,0112,0121,0129,0136,0151,0159,0165,0190,0196,0221,0226,0242,0249,0268,0271,0285,0287,0327,0336,0353,0361,0391,0411,0429,0469,0483,0495,0512,0540,0577,0589,0598,0606,0609,0633,0653,0669,0682,0716,0729,0758,0760,0794,0797,0808,0814,0836,0843,0872,0885,0887,0906,0924] ---
Split list: [50.0, 50.0]
Split_a: 32
Splits: [32, 32]

Running Benchmarks...
 Run 1:
[DEBUG]: Node List is: ['lrdn0010', 'lrdn0031', 'lrdn0046', 'lrdn0070', 'lrdn0099', 'lrdn0112', 'lrdn0129', 'lrdn0151', 'lrdn0165', 'lrdn0196', 'lrdn0226', 'lrdn0249', 'lrdn0271', 'lrdn0287', 'lrdn0336', 'lrdn0361', 'lrdn0411', 'lrdn0469', 'lrdn0495', 'lrdn0540', 'lrdn0589', 'lrdn0606', 'lrdn0633', 'lrdn0669', 'lrdn0716', 'lrdn0758', 'lrdn0794', 'lrdn0808', 'lrdn0836', 'lrdn0872', 'lrdn0887', 'lrdn0924']
[DEBUG]: Detected CRAB_SYSTEM=leonardo. Adding SLURM option: --partition=boost_usr_prod
[DEBUG]: SLURM command is: srun --export=ALL --partition=boost_usr_prod --nodelist lrdn0010,lrdn0031,lrdn0046,lrdn0070,lrdn0099,lrdn0112,lrdn0129,lrdn0151,lrdn0165,lrdn0196,lrdn0226,lrdn0249,lrdn0271,lrdn0287,lrdn0336,lrdn0361,lrdn0411,lrdn0469,lrdn0495,lrdn0540,lrdn0589,lrdn0606,lrdn0633,lrdn0669,lrdn0716,lrdn0758,lrdn0794,lrdn0808,lrdn0836,lrdn0872,lrdn0887,lrdn0924 --cpu-bind=socket -n 32 -N 32 bash -c '
        module purge >&2
        module load openmpi >&2
        module list >&2
        /leonardo/home/userexternal/mmarcel3/crab/benchmarks/blink/bin/a2a_b -msgsize 1048576 -iter 999999
        '
[DEBUG]: Node List is: ['lrdn0001', 'lrdn0015', 'lrdn0041', 'lrdn0061', 'lrdn0075', 'lrdn0104', 'lrdn0121', 'lrdn0136', 'lrdn0159', 'lrdn0190', 'lrdn0221', 'lrdn0242', 'lrdn0268', 'lrdn0285', 'lrdn0327', 'lrdn0353', 'lrdn0391', 'lrdn0429', 'lrdn0483', 'lrdn0512', 'lrdn0577', 'lrdn0598', 'lrdn0609', 'lrdn0653', 'lrdn0682', 'lrdn0729', 'lrdn0760', 'lrdn0797', 'lrdn0814', 'lrdn0843', 'lrdn0885', 'lrdn0906']
[DEBUG]: Detected CRAB_SYSTEM=leonardo. Adding SLURM option: --partition=boost_usr_prod
[DEBUG]: SLURM command is: srun --export=ALL --partition=boost_usr_prod --nodelist lrdn0001,lrdn0015,lrdn0041,lrdn0061,lrdn0075,lrdn0104,lrdn0121,lrdn0136,lrdn0159,lrdn0190,lrdn0221,lrdn0242,lrdn0268,lrdn0285,lrdn0327,lrdn0353,lrdn0391,lrdn0429,lrdn0483,lrdn0512,lrdn0577,lrdn0598,lrdn0609,lrdn0653,lrdn0682,lrdn0729,lrdn0760,lrdn0797,lrdn0814,lrdn0843,lrdn0885,lrdn0906 --cpu-bind=socket -n 32 -N 32 bash -c '
        module purge >&2
        module load openmpi >&2
        module list >&2
        /leonardo/home/userexternal/mmarcel3/crab/benchmarks/blink/bin/ardc_b -msgsize 1048576 -iter 100 -maxsamples 100
        '
[INFO] Application 1 was intentionally terminated (exit code: -9). This is expected.
Ran 105 iterations. Measured 100 iterations.
--- [INFO] Run 1 completata in 182.9837 secondi ---
 Run 2:
[DEBUG]: Node List is: ['lrdn0010', 'lrdn0031', 'lrdn0046', 'lrdn0070', 'lrdn0099', 'lrdn0112', 'lrdn0129', 'lrdn0151', 'lrdn0165', 'lrdn0196', 'lrdn0226', 'lrdn0249', 'lrdn0271', 'lrdn0287', 'lrdn0336', 'lrdn0361', 'lrdn0411', 'lrdn0469', 'lrdn0495', 'lrdn0540', 'lrdn0589', 'lrdn0606', 'lrdn0633', 'lrdn0669', 'lrdn0716', 'lrdn0758', 'lrdn0794', 'lrdn0808', 'lrdn0836', 'lrdn0872', 'lrdn0887', 'lrdn0924']
[DEBUG]: Detected CRAB_SYSTEM=leonardo. Adding SLURM option: --partition=boost_usr_prod
[DEBUG]: SLURM command is: srun --export=ALL --partition=boost_usr_prod --nodelist lrdn0010,lrdn0031,lrdn0046,lrdn0070,lrdn0099,lrdn0112,lrdn0129,lrdn0151,lrdn0165,lrdn0196,lrdn0226,lrdn0249,lrdn0271,lrdn0287,lrdn0336,lrdn0361,lrdn0411,lrdn0469,lrdn0495,lrdn0540,lrdn0589,lrdn0606,lrdn0633,lrdn0669,lrdn0716,lrdn0758,lrdn0794,lrdn0808,lrdn0836,lrdn0872,lrdn0887,lrdn0924 --cpu-bind=socket -n 32 -N 32 bash -c '
        module purge >&2
        module load openmpi >&2
        module list >&2
        /leonardo/home/userexternal/mmarcel3/crab/benchmarks/blink/bin/a2a_b -msgsize 1048576 -iter 999999
        '
[DEBUG]: Node List is: ['lrdn0001', 'lrdn0015', 'lrdn0041', 'lrdn0061', 'lrdn0075', 'lrdn0104', 'lrdn0121', 'lrdn0136', 'lrdn0159', 'lrdn0190', 'lrdn0221', 'lrdn0242', 'lrdn0268', 'lrdn0285', 'lrdn0327', 'lrdn0353', 'lrdn0391', 'lrdn0429', 'lrdn0483', 'lrdn0512', 'lrdn0577', 'lrdn0598', 'lrdn0609', 'lrdn0653', 'lrdn0682', 'lrdn0729', 'lrdn0760', 'lrdn0797', 'lrdn0814', 'lrdn0843', 'lrdn0885', 'lrdn0906']
[DEBUG]: Detected CRAB_SYSTEM=leonardo. Adding SLURM option: --partition=boost_usr_prod
[DEBUG]: SLURM command is: srun --export=ALL --partition=boost_usr_prod --nodelist lrdn0001,lrdn0015,lrdn0041,lrdn0061,lrdn0075,lrdn0104,lrdn0121,lrdn0136,lrdn0159,lrdn0190,lrdn0221,lrdn0242,lrdn0268,lrdn0285,lrdn0327,lrdn0353,lrdn0391,lrdn0429,lrdn0483,lrdn0512,lrdn0577,lrdn0598,lrdn0609,lrdn0653,lrdn0682,lrdn0729,lrdn0760,lrdn0797,lrdn0814,lrdn0843,lrdn0885,lrdn0906 --cpu-bind=socket -n 32 -N 32 bash -c '
        module purge >&2
        module load openmpi >&2
        module list >&2
        /leonardo/home/userexternal/mmarcel3/crab/benchmarks/blink/bin/ardc_b -msgsize 1048576 -iter 100 -maxsamples 100
        '
[INFO] Application 1 was intentionally terminated (exit code: -9). This is expected.
Ran 105 iterations. Measured 100 iterations.
--- [INFO] Run 2 completata in 150.0204 secondi ---
 Run 3:
