Loading openmpi/4.1.6--gcc--12.2.0-cuda-12.2
  Loading requirement: glibc/2.28--gcc--12.2.0-gi6mmti
    gcc-runtime/12.2.0--gcc--12.2.0-dqfwf7y numactl/2.0.14--gcc--12.2.0-cxzp4ci
    bzip2/1.0.8-ib3znej libiconv/1.17-nhc3mhm xz/5.4.6-xxxg42c
    zlib-ng/2.1.6-jkgunjc libxml2/2.10.3-zbbe7lm ncurses/6.5-svfl57u
    pigz/2.8-5bwzpml zstd/1.5.6-uq5yyux tar/1.34-jgektnv gettext/0.22.5-hsxgafg
    krb5/1.20.1-n4kmebh libedit/3.1-20230828-nme7boz libxcrypt/4.4.35-7om46b5
    openssh/9.7p1-tk2b5yv
--- [WORKER MODE DETECTED] Work dir: ./data/leonardo/2025-10-07_18-56-14-897347 ---
--- [WORKER] Environment loaded. Starting engine. ---
--- [WORKER] Engine running in WORKER mode. ---
--- [WORKER] Working directory is: ./data/leonardo/2025-10-07_18-56-14-897347 ---
--- [WORKER] Allocating nodes provided by SLURM: lrdn[3439-3446] ---
Split list: [100.0]
Splits: [8]

Running Benchmarks...
 Run 1:
[DEBUG]: Node List is: ['lrdn3439', 'lrdn3440', 'lrdn3441', 'lrdn3442', 'lrdn3443', 'lrdn3444', 'lrdn3445', 'lrdn3446']
[DEBUG]: Detected CRAB_SYSTEM=leonardo. Adding SLURM option: --partition=boost_usr_prod
[DEBUG]: SLURM command is: srun --export=ALL --partition=boost_usr_prod --nodelist lrdn3439,lrdn3440,lrdn3441,lrdn3442,lrdn3443,lrdn3444,lrdn3445,lrdn3446 --cpu-bind=socket -n 8 -N 8 bash -c '
        module purge >&2
        module load openmpi >&2
        module list >&2
        /leonardo/home/userexternal/mmarcel3/crab/benchmarks/blink/bin/ardc_b -msgsize 131072 -iter 100 -maxsamples 100
        '
Ran 105 iterations. Measured 100 iterations.
--- [INFO] Run 1 completata in 2.7525 secondi ---
 Run 2:
[DEBUG]: Node List is: ['lrdn3439', 'lrdn3440', 'lrdn3441', 'lrdn3442', 'lrdn3443', 'lrdn3444', 'lrdn3445', 'lrdn3446']
[DEBUG]: Detected CRAB_SYSTEM=leonardo. Adding SLURM option: --partition=boost_usr_prod
[DEBUG]: SLURM command is: srun --export=ALL --partition=boost_usr_prod --nodelist lrdn3439,lrdn3440,lrdn3441,lrdn3442,lrdn3443,lrdn3444,lrdn3445,lrdn3446 --cpu-bind=socket -n 8 -N 8 bash -c '
        module purge >&2
        module load openmpi >&2
        module list >&2
        /leonardo/home/userexternal/mmarcel3/crab/benchmarks/blink/bin/ardc_b -msgsize 131072 -iter 100 -maxsamples 100
        '
Ran 105 iterations. Measured 100 iterations.
--- [INFO] Run 2 completata in 2.6361 secondi ---
 Run 3:
[DEBUG]: Node List is: ['lrdn3439', 'lrdn3440', 'lrdn3441', 'lrdn3442', 'lrdn3443', 'lrdn3444', 'lrdn3445', 'lrdn3446']
[DEBUG]: Detected CRAB_SYSTEM=leonardo. Adding SLURM option: --partition=boost_usr_prod
[DEBUG]: SLURM command is: srun --export=ALL --partition=boost_usr_prod --nodelist lrdn3439,lrdn3440,lrdn3441,lrdn3442,lrdn3443,lrdn3444,lrdn3445,lrdn3446 --cpu-bind=socket -n 8 -N 8 bash -c '
        module purge >&2
        module load openmpi >&2
        module list >&2
        /leonardo/home/userexternal/mmarcel3/crab/benchmarks/blink/bin/ardc_b -msgsize 131072 -iter 100 -maxsamples 100
        '
Ran 105 iterations. Measured 100 iterations.
--- [INFO] Run 3 completata in 2.6490 secondi ---
 Run 4:
[DEBUG]: Node List is: ['lrdn3439', 'lrdn3440', 'lrdn3441', 'lrdn3442', 'lrdn3443', 'lrdn3444', 'lrdn3445', 'lrdn3446']
[DEBUG]: Detected CRAB_SYSTEM=leonardo. Adding SLURM option: --partition=boost_usr_prod
[DEBUG]: SLURM command is: srun --export=ALL --partition=boost_usr_prod --nodelist lrdn3439,lrdn3440,lrdn3441,lrdn3442,lrdn3443,lrdn3444,lrdn3445,lrdn3446 --cpu-bind=socket -n 8 -N 8 bash -c '
        module purge >&2
        module load openmpi >&2
        module list >&2
        /leonardo/home/userexternal/mmarcel3/crab/benchmarks/blink/bin/ardc_b -msgsize 131072 -iter 100 -maxsamples 100
        '
Ran 105 iterations. Measured 100 iterations.
--- [INFO] Run 4 completata in 2.6788 secondi ---
 Run 5:
[DEBUG]: Node List is: ['lrdn3439', 'lrdn3440', 'lrdn3441', 'lrdn3442', 'lrdn3443', 'lrdn3444', 'lrdn3445', 'lrdn3446']
[DEBUG]: Detected CRAB_SYSTEM=leonardo. Adding SLURM option: --partition=boost_usr_prod
[DEBUG]: SLURM command is: srun --export=ALL --partition=boost_usr_prod --nodelist lrdn3439,lrdn3440,lrdn3441,lrdn3442,lrdn3443,lrdn3444,lrdn3445,lrdn3446 --cpu-bind=socket -n 8 -N 8 bash -c '
        module purge >&2
        module load openmpi >&2
        module list >&2
        /leonardo/home/userexternal/mmarcel3/crab/benchmarks/blink/bin/ardc_b -msgsize 131072 -iter 100 -maxsamples 100
        '
Ran 105 iterations. Measured 100 iterations.
--- [INFO] Run 5 completata in 2.6913 secondi ---
 Run 6:
[DEBUG]: Node List is: ['lrdn3439', 'lrdn3440', 'lrdn3441', 'lrdn3442', 'lrdn3443', 'lrdn3444', 'lrdn3445', 'lrdn3446']
[DEBUG]: Detected CRAB_SYSTEM=leonardo. Adding SLURM option: --partition=boost_usr_prod
[DEBUG]: SLURM command is: srun --export=ALL --partition=boost_usr_prod --nodelist lrdn3439,lrdn3440,lrdn3441,lrdn3442,lrdn3443,lrdn3444,lrdn3445,lrdn3446 --cpu-bind=socket -n 8 -N 8 bash -c '
        module purge >&2
        module load openmpi >&2
        module list >&2
        /leonardo/home/userexternal/mmarcel3/crab/benchmarks/blink/bin/ardc_b -msgsize 131072 -iter 100 -maxsamples 100
        '
Ran 105 iterations. Measured 100 iterations.
--- [INFO] Run 6 completata in 2.6895 secondi ---
 Run 7:
[DEBUG]: Node List is: ['lrdn3439', 'lrdn3440', 'lrdn3441', 'lrdn3442', 'lrdn3443', 'lrdn3444', 'lrdn3445', 'lrdn3446']
[DEBUG]: Detected CRAB_SYSTEM=leonardo. Adding SLURM option: --partition=boost_usr_prod
[DEBUG]: SLURM command is: srun --export=ALL --partition=boost_usr_prod --nodelist lrdn3439,lrdn3440,lrdn3441,lrdn3442,lrdn3443,lrdn3444,lrdn3445,lrdn3446 --cpu-bind=socket -n 8 -N 8 bash -c '
        module purge >&2
        module load openmpi >&2
        module list >&2
        /leonardo/home/userexternal/mmarcel3/crab/benchmarks/blink/bin/ardc_b -msgsize 131072 -iter 100 -maxsamples 100
        '
Ran 105 iterations. Measured 100 iterations.
--- [INFO] Run 7 completata in 6.0593 secondi ---
 Run 8:
[DEBUG]: Node List is: ['lrdn3439', 'lrdn3440', 'lrdn3441', 'lrdn3442', 'lrdn3443', 'lrdn3444', 'lrdn3445', 'lrdn3446']
[DEBUG]: Detected CRAB_SYSTEM=leonardo. Adding SLURM option: --partition=boost_usr_prod
[DEBUG]: SLURM command is: srun --export=ALL --partition=boost_usr_prod --nodelist lrdn3439,lrdn3440,lrdn3441,lrdn3442,lrdn3443,lrdn3444,lrdn3445,lrdn3446 --cpu-bind=socket -n 8 -N 8 bash -c '
        module purge >&2
        module load openmpi >&2
        module list >&2
        /leonardo/home/userexternal/mmarcel3/crab/benchmarks/blink/bin/ardc_b -msgsize 131072 -iter 100 -maxsamples 100
        '
Ran 105 iterations. Measured 100 iterations.
--- [INFO] Run 8 completata in 2.6548 secondi ---
 Run 9:
[DEBUG]: Node List is: ['lrdn3439', 'lrdn3440', 'lrdn3441', 'lrdn3442', 'lrdn3443', 'lrdn3444', 'lrdn3445', 'lrdn3446']
[DEBUG]: Detected CRAB_SYSTEM=leonardo. Adding SLURM option: --partition=boost_usr_prod
[DEBUG]: SLURM command is: srun --export=ALL --partition=boost_usr_prod --nodelist lrdn3439,lrdn3440,lrdn3441,lrdn3442,lrdn3443,lrdn3444,lrdn3445,lrdn3446 --cpu-bind=socket -n 8 -N 8 bash -c '
        module purge >&2
        module load openmpi >&2
        module list >&2
        /leonardo/home/userexternal/mmarcel3/crab/benchmarks/blink/bin/ardc_b -msgsize 131072 -iter 100 -maxsamples 100
        '
Ran 105 iterations. Measured 100 iterations.
--- [INFO] Run 9 completata in 2.7009 secondi ---
 Run 10:
[DEBUG]: Node List is: ['lrdn3439', 'lrdn3440', 'lrdn3441', 'lrdn3442', 'lrdn3443', 'lrdn3444', 'lrdn3445', 'lrdn3446']
[DEBUG]: Detected CRAB_SYSTEM=leonardo. Adding SLURM option: --partition=boost_usr_prod
[DEBUG]: SLURM command is: srun --export=ALL --partition=boost_usr_prod --nodelist lrdn3439,lrdn3440,lrdn3441,lrdn3442,lrdn3443,lrdn3444,lrdn3445,lrdn3446 --cpu-bind=socket -n 8 -N 8 bash -c '
        module purge >&2
        module load openmpi >&2
        module list >&2
        /leonardo/home/userexternal/mmarcel3/crab/benchmarks/blink/bin/ardc_b -msgsize 131072 -iter 100 -maxsamples 100
        '
Ran 105 iterations. Measured 100 iterations.
--- [INFO] Run 10 completata in 2.6565 secondi ---
 Run 11:
[DEBUG]: Node List is: ['lrdn3439', 'lrdn3440', 'lrdn3441', 'lrdn3442', 'lrdn3443', 'lrdn3444', 'lrdn3445', 'lrdn3446']
[DEBUG]: Detected CRAB_SYSTEM=leonardo. Adding SLURM option: --partition=boost_usr_prod
[DEBUG]: SLURM command is: srun --export=ALL --partition=boost_usr_prod --nodelist lrdn3439,lrdn3440,lrdn3441,lrdn3442,lrdn3443,lrdn3444,lrdn3445,lrdn3446 --cpu-bind=socket -n 8 -N 8 bash -c '
        module purge >&2
        module load openmpi >&2
        module list >&2
        /leonardo/home/userexternal/mmarcel3/crab/benchmarks/blink/bin/ardc_b -msgsize 131072 -iter 100 -maxsamples 100
        '
Ran 105 iterations. Measured 100 iterations.
--- [INFO] Run 11 completata in 2.6791 secondi ---
 Run 12:
[DEBUG]: Node List is: ['lrdn3439', 'lrdn3440', 'lrdn3441', 'lrdn3442', 'lrdn3443', 'lrdn3444', 'lrdn3445', 'lrdn3446']
[DEBUG]: Detected CRAB_SYSTEM=leonardo. Adding SLURM option: --partition=boost_usr_prod
[DEBUG]: SLURM command is: srun --export=ALL --partition=boost_usr_prod --nodelist lrdn3439,lrdn3440,lrdn3441,lrdn3442,lrdn3443,lrdn3444,lrdn3445,lrdn3446 --cpu-bind=socket -n 8 -N 8 bash -c '
        module purge >&2
        module load openmpi >&2
        module list >&2
        /leonardo/home/userexternal/mmarcel3/crab/benchmarks/blink/bin/ardc_b -msgsize 131072 -iter 100 -maxsamples 100
        '
Ran 105 iterations. Measured 100 iterations.
--- [INFO] Run 12 completata in 2.6473 secondi ---
 Run 13:
[DEBUG]: Node List is: ['lrdn3439', 'lrdn3440', 'lrdn3441', 'lrdn3442', 'lrdn3443', 'lrdn3444', 'lrdn3445', 'lrdn3446']
[DEBUG]: Detected CRAB_SYSTEM=leonardo. Adding SLURM option: --partition=boost_usr_prod
[DEBUG]: SLURM command is: srun --export=ALL --partition=boost_usr_prod --nodelist lrdn3439,lrdn3440,lrdn3441,lrdn3442,lrdn3443,lrdn3444,lrdn3445,lrdn3446 --cpu-bind=socket -n 8 -N 8 bash -c '
        module purge >&2
        module load openmpi >&2
        module list >&2
        /leonardo/home/userexternal/mmarcel3/crab/benchmarks/blink/bin/ardc_b -msgsize 131072 -iter 100 -maxsamples 100
        '
Ran 105 iterations. Measured 100 iterations.
--- [INFO] Run 13 completata in 2.7130 secondi ---
 Run 14:
[DEBUG]: Node List is: ['lrdn3439', 'lrdn3440', 'lrdn3441', 'lrdn3442', 'lrdn3443', 'lrdn3444', 'lrdn3445', 'lrdn3446']
[DEBUG]: Detected CRAB_SYSTEM=leonardo. Adding SLURM option: --partition=boost_usr_prod
[DEBUG]: SLURM command is: srun --export=ALL --partition=boost_usr_prod --nodelist lrdn3439,lrdn3440,lrdn3441,lrdn3442,lrdn3443,lrdn3444,lrdn3445,lrdn3446 --cpu-bind=socket -n 8 -N 8 bash -c '
        module purge >&2
        module load openmpi >&2
        module list >&2
        /leonardo/home/userexternal/mmarcel3/crab/benchmarks/blink/bin/ardc_b -msgsize 131072 -iter 100 -maxsamples 100
        '
Ran 105 iterations. Measured 100 iterations.
--- [INFO] Run 14 completata in 2.6820 secondi ---
 Run 15:
[DEBUG]: Node List is: ['lrdn3439', 'lrdn3440', 'lrdn3441', 'lrdn3442', 'lrdn3443', 'lrdn3444', 'lrdn3445', 'lrdn3446']
[DEBUG]: Detected CRAB_SYSTEM=leonardo. Adding SLURM option: --partition=boost_usr_prod
[DEBUG]: SLURM command is: srun --export=ALL --partition=boost_usr_prod --nodelist lrdn3439,lrdn3440,lrdn3441,lrdn3442,lrdn3443,lrdn3444,lrdn3445,lrdn3446 --cpu-bind=socket -n 8 -N 8 bash -c '
        module purge >&2
        module load openmpi >&2
        module list >&2
        /leonardo/home/userexternal/mmarcel3/crab/benchmarks/blink/bin/ardc_b -msgsize 131072 -iter 100 -maxsamples 100
        '
Ran 105 iterations. Measured 100 iterations.
--- [INFO] Run 15 completata in 2.6947 secondi ---
 Run 16:
[DEBUG]: Node List is: ['lrdn3439', 'lrdn3440', 'lrdn3441', 'lrdn3442', 'lrdn3443', 'lrdn3444', 'lrdn3445', 'lrdn3446']
[DEBUG]: Detected CRAB_SYSTEM=leonardo. Adding SLURM option: --partition=boost_usr_prod
[DEBUG]: SLURM command is: srun --export=ALL --partition=boost_usr_prod --nodelist lrdn3439,lrdn3440,lrdn3441,lrdn3442,lrdn3443,lrdn3444,lrdn3445,lrdn3446 --cpu-bind=socket -n 8 -N 8 bash -c '
        module purge >&2
        module load openmpi >&2
        module list >&2
        /leonardo/home/userexternal/mmarcel3/crab/benchmarks/blink/bin/ardc_b -msgsize 131072 -iter 100 -maxsamples 100
        '
Ran 105 iterations. Measured 100 iterations.
--- [INFO] Run 16 completata in 2.6260 secondi ---
 Run 17:
[DEBUG]: Node List is: ['lrdn3439', 'lrdn3440', 'lrdn3441', 'lrdn3442', 'lrdn3443', 'lrdn3444', 'lrdn3445', 'lrdn3446']
[DEBUG]: Detected CRAB_SYSTEM=leonardo. Adding SLURM option: --partition=boost_usr_prod
[DEBUG]: SLURM command is: srun --export=ALL --partition=boost_usr_prod --nodelist lrdn3439,lrdn3440,lrdn3441,lrdn3442,lrdn3443,lrdn3444,lrdn3445,lrdn3446 --cpu-bind=socket -n 8 -N 8 bash -c '
        module purge >&2
        module load openmpi >&2
        module list >&2
        /leonardo/home/userexternal/mmarcel3/crab/benchmarks/blink/bin/ardc_b -msgsize 131072 -iter 100 -maxsamples 100
        '
Ran 105 iterations. Measured 100 iterations.
--- [INFO] Run 17 completata in 2.6898 secondi ---
 Run 18:
[DEBUG]: Node List is: ['lrdn3439', 'lrdn3440', 'lrdn3441', 'lrdn3442', 'lrdn3443', 'lrdn3444', 'lrdn3445', 'lrdn3446']
[DEBUG]: Detected CRAB_SYSTEM=leonardo. Adding SLURM option: --partition=boost_usr_prod
[DEBUG]: SLURM command is: srun --export=ALL --partition=boost_usr_prod --nodelist lrdn3439,lrdn3440,lrdn3441,lrdn3442,lrdn3443,lrdn3444,lrdn3445,lrdn3446 --cpu-bind=socket -n 8 -N 8 bash -c '
        module purge >&2
        module load openmpi >&2
        module list >&2
        /leonardo/home/userexternal/mmarcel3/crab/benchmarks/blink/bin/ardc_b -msgsize 131072 -iter 100 -maxsamples 100
        '
Ran 105 iterations. Measured 100 iterations.
--- [INFO] Run 18 completata in 2.6361 secondi ---
 Run 19:
[DEBUG]: Node List is: ['lrdn3439', 'lrdn3440', 'lrdn3441', 'lrdn3442', 'lrdn3443', 'lrdn3444', 'lrdn3445', 'lrdn3446']
[DEBUG]: Detected CRAB_SYSTEM=leonardo. Adding SLURM option: --partition=boost_usr_prod
[DEBUG]: SLURM command is: srun --export=ALL --partition=boost_usr_prod --nodelist lrdn3439,lrdn3440,lrdn3441,lrdn3442,lrdn3443,lrdn3444,lrdn3445,lrdn3446 --cpu-bind=socket -n 8 -N 8 bash -c '
        module purge >&2
        module load openmpi >&2
        module list >&2
        /leonardo/home/userexternal/mmarcel3/crab/benchmarks/blink/bin/ardc_b -msgsize 131072 -iter 100 -maxsamples 100
        '
Ran 105 iterations. Measured 100 iterations.
--- [INFO] Run 19 completata in 2.6992 secondi ---
 Run 20:
[DEBUG]: Node List is: ['lrdn3439', 'lrdn3440', 'lrdn3441', 'lrdn3442', 'lrdn3443', 'lrdn3444', 'lrdn3445', 'lrdn3446']
[DEBUG]: Detected CRAB_SYSTEM=leonardo. Adding SLURM option: --partition=boost_usr_prod
[DEBUG]: SLURM command is: srun --export=ALL --partition=boost_usr_prod --nodelist lrdn3439,lrdn3440,lrdn3441,lrdn3442,lrdn3443,lrdn3444,lrdn3445,lrdn3446 --cpu-bind=socket -n 8 -N 8 bash -c '
        module purge >&2
        module load openmpi >&2
        module list >&2
        /leonardo/home/userexternal/mmarcel3/crab/benchmarks/blink/bin/ardc_b -msgsize 131072 -iter 100 -maxsamples 100
        '
Ran 105 iterations. Measured 100 iterations.
--- [INFO] Run 20 completata in 2.7229 secondi ---
 Run 21:
[DEBUG]: Node List is: ['lrdn3439', 'lrdn3440', 'lrdn3441', 'lrdn3442', 'lrdn3443', 'lrdn3444', 'lrdn3445', 'lrdn3446']
[DEBUG]: Detected CRAB_SYSTEM=leonardo. Adding SLURM option: --partition=boost_usr_prod
[DEBUG]: SLURM command is: srun --export=ALL --partition=boost_usr_prod --nodelist lrdn3439,lrdn3440,lrdn3441,lrdn3442,lrdn3443,lrdn3444,lrdn3445,lrdn3446 --cpu-bind=socket -n 8 -N 8 bash -c '
        module purge >&2
        module load openmpi >&2
        module list >&2
        /leonardo/home/userexternal/mmarcel3/crab/benchmarks/blink/bin/ardc_b -msgsize 131072 -iter 100 -maxsamples 100
        '
Ran 105 iterations. Measured 100 iterations.
--- [INFO] Run 21 completata in 2.6841 secondi ---
 Run 22:
[DEBUG]: Node List is: ['lrdn3439', 'lrdn3440', 'lrdn3441', 'lrdn3442', 'lrdn3443', 'lrdn3444', 'lrdn3445', 'lrdn3446']
[DEBUG]: Detected CRAB_SYSTEM=leonardo. Adding SLURM option: --partition=boost_usr_prod
[DEBUG]: SLURM command is: srun --export=ALL --partition=boost_usr_prod --nodelist lrdn3439,lrdn3440,lrdn3441,lrdn3442,lrdn3443,lrdn3444,lrdn3445,lrdn3446 --cpu-bind=socket -n 8 -N 8 bash -c '
        module purge >&2
        module load openmpi >&2
        module list >&2
        /leonardo/home/userexternal/mmarcel3/crab/benchmarks/blink/bin/ardc_b -msgsize 131072 -iter 100 -maxsamples 100
        '
Ran 105 iterations. Measured 100 iterations.
--- [INFO] Run 22 completata in 2.6878 secondi ---
 Run 23:
[DEBUG]: Node List is: ['lrdn3439', 'lrdn3440', 'lrdn3441', 'lrdn3442', 'lrdn3443', 'lrdn3444', 'lrdn3445', 'lrdn3446']
[DEBUG]: Detected CRAB_SYSTEM=leonardo. Adding SLURM option: --partition=boost_usr_prod
[DEBUG]: SLURM command is: srun --export=ALL --partition=boost_usr_prod --nodelist lrdn3439,lrdn3440,lrdn3441,lrdn3442,lrdn3443,lrdn3444,lrdn3445,lrdn3446 --cpu-bind=socket -n 8 -N 8 bash -c '
        module purge >&2
        module load openmpi >&2
        module list >&2
        /leonardo/home/userexternal/mmarcel3/crab/benchmarks/blink/bin/ardc_b -msgsize 131072 -iter 100 -maxsamples 100
        '
Ran 105 iterations. Measured 100 iterations.
--- [INFO] Run 23 completata in 2.6970 secondi ---
 Run 24:
[DEBUG]: Node List is: ['lrdn3439', 'lrdn3440', 'lrdn3441', 'lrdn3442', 'lrdn3443', 'lrdn3444', 'lrdn3445', 'lrdn3446']
[DEBUG]: Detected CRAB_SYSTEM=leonardo. Adding SLURM option: --partition=boost_usr_prod
[DEBUG]: SLURM command is: srun --export=ALL --partition=boost_usr_prod --nodelist lrdn3439,lrdn3440,lrdn3441,lrdn3442,lrdn3443,lrdn3444,lrdn3445,lrdn3446 --cpu-bind=socket -n 8 -N 8 bash -c '
        module purge >&2
        module load openmpi >&2
        module list >&2
        /leonardo/home/userexternal/mmarcel3/crab/benchmarks/blink/bin/ardc_b -msgsize 131072 -iter 100 -maxsamples 100
        '
Ran 105 iterations. Measured 100 iterations.
--- [INFO] Run 24 completata in 6.0381 secondi ---
 Run 25:
[DEBUG]: Node List is: ['lrdn3439', 'lrdn3440', 'lrdn3441', 'lrdn3442', 'lrdn3443', 'lrdn3444', 'lrdn3445', 'lrdn3446']
[DEBUG]: Detected CRAB_SYSTEM=leonardo. Adding SLURM option: --partition=boost_usr_prod
[DEBUG]: SLURM command is: srun --export=ALL --partition=boost_usr_prod --nodelist lrdn3439,lrdn3440,lrdn3441,lrdn3442,lrdn3443,lrdn3444,lrdn3445,lrdn3446 --cpu-bind=socket -n 8 -N 8 bash -c '
        module purge >&2
        module load openmpi >&2
        module list >&2
        /leonardo/home/userexternal/mmarcel3/crab/benchmarks/blink/bin/ardc_b -msgsize 131072 -iter 100 -maxsamples 100
        '
Ran 105 iterations. Measured 100 iterations.
--- [INFO] Run 25 completata in 2.7318 secondi ---
 Run 26:
[DEBUG]: Node List is: ['lrdn3439', 'lrdn3440', 'lrdn3441', 'lrdn3442', 'lrdn3443', 'lrdn3444', 'lrdn3445', 'lrdn3446']
[DEBUG]: Detected CRAB_SYSTEM=leonardo. Adding SLURM option: --partition=boost_usr_prod
[DEBUG]: SLURM command is: srun --export=ALL --partition=boost_usr_prod --nodelist lrdn3439,lrdn3440,lrdn3441,lrdn3442,lrdn3443,lrdn3444,lrdn3445,lrdn3446 --cpu-bind=socket -n 8 -N 8 bash -c '
        module purge >&2
        module load openmpi >&2
        module list >&2
        /leonardo/home/userexternal/mmarcel3/crab/benchmarks/blink/bin/ardc_b -msgsize 131072 -iter 100 -maxsamples 100
        '
Ran 105 iterations. Measured 100 iterations.
--- [INFO] Run 26 completata in 2.6671 secondi ---
 Run 27:
[DEBUG]: Node List is: ['lrdn3439', 'lrdn3440', 'lrdn3441', 'lrdn3442', 'lrdn3443', 'lrdn3444', 'lrdn3445', 'lrdn3446']
[DEBUG]: Detected CRAB_SYSTEM=leonardo. Adding SLURM option: --partition=boost_usr_prod
[DEBUG]: SLURM command is: srun --export=ALL --partition=boost_usr_prod --nodelist lrdn3439,lrdn3440,lrdn3441,lrdn3442,lrdn3443,lrdn3444,lrdn3445,lrdn3446 --cpu-bind=socket -n 8 -N 8 bash -c '
        module purge >&2
        module load openmpi >&2
        module list >&2
        /leonardo/home/userexternal/mmarcel3/crab/benchmarks/blink/bin/ardc_b -msgsize 131072 -iter 100 -maxsamples 100
        '
Ran 105 iterations. Measured 100 iterations.
--- [INFO] Run 27 completata in 2.7060 secondi ---
 Run 28:
[DEBUG]: Node List is: ['lrdn3439', 'lrdn3440', 'lrdn3441', 'lrdn3442', 'lrdn3443', 'lrdn3444', 'lrdn3445', 'lrdn3446']
[DEBUG]: Detected CRAB_SYSTEM=leonardo. Adding SLURM option: --partition=boost_usr_prod
[DEBUG]: SLURM command is: srun --export=ALL --partition=boost_usr_prod --nodelist lrdn3439,lrdn3440,lrdn3441,lrdn3442,lrdn3443,lrdn3444,lrdn3445,lrdn3446 --cpu-bind=socket -n 8 -N 8 bash -c '
        module purge >&2
        module load openmpi >&2
        module list >&2
        /leonardo/home/userexternal/mmarcel3/crab/benchmarks/blink/bin/ardc_b -msgsize 131072 -iter 100 -maxsamples 100
        '
Ran 105 iterations. Measured 100 iterations.
--- [INFO] Run 28 completata in 2.6872 secondi ---
 Run 29:
[DEBUG]: Node List is: ['lrdn3439', 'lrdn3440', 'lrdn3441', 'lrdn3442', 'lrdn3443', 'lrdn3444', 'lrdn3445', 'lrdn3446']
[DEBUG]: Detected CRAB_SYSTEM=leonardo. Adding SLURM option: --partition=boost_usr_prod
[DEBUG]: SLURM command is: srun --export=ALL --partition=boost_usr_prod --nodelist lrdn3439,lrdn3440,lrdn3441,lrdn3442,lrdn3443,lrdn3444,lrdn3445,lrdn3446 --cpu-bind=socket -n 8 -N 8 bash -c '
        module purge >&2
        module load openmpi >&2
        module list >&2
        /leonardo/home/userexternal/mmarcel3/crab/benchmarks/blink/bin/ardc_b -msgsize 131072 -iter 100 -maxsamples 100
        '
Ran 105 iterations. Measured 100 iterations.
--- [INFO] Run 29 completata in 2.6791 secondi ---
 Run 30:
[DEBUG]: Node List is: ['lrdn3439', 'lrdn3440', 'lrdn3441', 'lrdn3442', 'lrdn3443', 'lrdn3444', 'lrdn3445', 'lrdn3446']
[DEBUG]: Detected CRAB_SYSTEM=leonardo. Adding SLURM option: --partition=boost_usr_prod
[DEBUG]: SLURM command is: srun --export=ALL --partition=boost_usr_prod --nodelist lrdn3439,lrdn3440,lrdn3441,lrdn3442,lrdn3443,lrdn3444,lrdn3445,lrdn3446 --cpu-bind=socket -n 8 -N 8 bash -c '
        module purge >&2
        module load openmpi >&2
        module list >&2
        /leonardo/home/userexternal/mmarcel3/crab/benchmarks/blink/bin/ardc_b -msgsize 131072 -iter 100 -maxsamples 100
        '
Ran 105 iterations. Measured 100 iterations.
--- [INFO] Run 30 completata in 2.6842 secondi ---
 Run 31:
[DEBUG]: Node List is: ['lrdn3439', 'lrdn3440', 'lrdn3441', 'lrdn3442', 'lrdn3443', 'lrdn3444', 'lrdn3445', 'lrdn3446']
[DEBUG]: Detected CRAB_SYSTEM=leonardo. Adding SLURM option: --partition=boost_usr_prod
[DEBUG]: SLURM command is: srun --export=ALL --partition=boost_usr_prod --nodelist lrdn3439,lrdn3440,lrdn3441,lrdn3442,lrdn3443,lrdn3444,lrdn3445,lrdn3446 --cpu-bind=socket -n 8 -N 8 bash -c '
        module purge >&2
        module load openmpi >&2
        module list >&2
        /leonardo/home/userexternal/mmarcel3/crab/benchmarks/blink/bin/ardc_b -msgsize 131072 -iter 100 -maxsamples 100
        '
Ran 105 iterations. Measured 100 iterations.
--- [INFO] Run 31 completata in 2.6836 secondi ---
 Run 32:
[DEBUG]: Node List is: ['lrdn3439', 'lrdn3440', 'lrdn3441', 'lrdn3442', 'lrdn3443', 'lrdn3444', 'lrdn3445', 'lrdn3446']
[DEBUG]: Detected CRAB_SYSTEM=leonardo. Adding SLURM option: --partition=boost_usr_prod
[DEBUG]: SLURM command is: srun --export=ALL --partition=boost_usr_prod --nodelist lrdn3439,lrdn3440,lrdn3441,lrdn3442,lrdn3443,lrdn3444,lrdn3445,lrdn3446 --cpu-bind=socket -n 8 -N 8 bash -c '
        module purge >&2
        module load openmpi >&2
        module list >&2
        /leonardo/home/userexternal/mmarcel3/crab/benchmarks/blink/bin/ardc_b -msgsize 131072 -iter 100 -maxsamples 100
        '
Ran 105 iterations. Measured 100 iterations.
--- [INFO] Run 32 completata in 2.7370 secondi ---
 Run 33:
[DEBUG]: Node List is: ['lrdn3439', 'lrdn3440', 'lrdn3441', 'lrdn3442', 'lrdn3443', 'lrdn3444', 'lrdn3445', 'lrdn3446']
[DEBUG]: Detected CRAB_SYSTEM=leonardo. Adding SLURM option: --partition=boost_usr_prod
[DEBUG]: SLURM command is: srun --export=ALL --partition=boost_usr_prod --nodelist lrdn3439,lrdn3440,lrdn3441,lrdn3442,lrdn3443,lrdn3444,lrdn3445,lrdn3446 --cpu-bind=socket -n 8 -N 8 bash -c '
        module purge >&2
        module load openmpi >&2
        module list >&2
        /leonardo/home/userexternal/mmarcel3/crab/benchmarks/blink/bin/ardc_b -msgsize 131072 -iter 100 -maxsamples 100
        '
Ran 105 iterations. Measured 100 iterations.
--- [INFO] Run 33 completata in 2.6568 secondi ---
 Run 34:
[DEBUG]: Node List is: ['lrdn3439', 'lrdn3440', 'lrdn3441', 'lrdn3442', 'lrdn3443', 'lrdn3444', 'lrdn3445', 'lrdn3446']
[DEBUG]: Detected CRAB_SYSTEM=leonardo. Adding SLURM option: --partition=boost_usr_prod
[DEBUG]: SLURM command is: srun --export=ALL --partition=boost_usr_prod --nodelist lrdn3439,lrdn3440,lrdn3441,lrdn3442,lrdn3443,lrdn3444,lrdn3445,lrdn3446 --cpu-bind=socket -n 8 -N 8 bash -c '
        module purge >&2
        module load openmpi >&2
        module list >&2
        /leonardo/home/userexternal/mmarcel3/crab/benchmarks/blink/bin/ardc_b -msgsize 131072 -iter 100 -maxsamples 100
        '
Ran 105 iterations. Measured 100 iterations.
--- [INFO] Run 34 completata in 2.7499 secondi ---
 Run 35:
[DEBUG]: Node List is: ['lrdn3439', 'lrdn3440', 'lrdn3441', 'lrdn3442', 'lrdn3443', 'lrdn3444', 'lrdn3445', 'lrdn3446']
[DEBUG]: Detected CRAB_SYSTEM=leonardo. Adding SLURM option: --partition=boost_usr_prod
[DEBUG]: SLURM command is: srun --export=ALL --partition=boost_usr_prod --nodelist lrdn3439,lrdn3440,lrdn3441,lrdn3442,lrdn3443,lrdn3444,lrdn3445,lrdn3446 --cpu-bind=socket -n 8 -N 8 bash -c '
        module purge >&2
        module load openmpi >&2
        module list >&2
        /leonardo/home/userexternal/mmarcel3/crab/benchmarks/blink/bin/ardc_b -msgsize 131072 -iter 100 -maxsamples 100
        '
Ran 105 iterations. Measured 100 iterations.
--- [INFO] Run 35 completata in 2.7159 secondi ---
 Run 36:
[DEBUG]: Node List is: ['lrdn3439', 'lrdn3440', 'lrdn3441', 'lrdn3442', 'lrdn3443', 'lrdn3444', 'lrdn3445', 'lrdn3446']
[DEBUG]: Detected CRAB_SYSTEM=leonardo. Adding SLURM option: --partition=boost_usr_prod
[DEBUG]: SLURM command is: srun --export=ALL --partition=boost_usr_prod --nodelist lrdn3439,lrdn3440,lrdn3441,lrdn3442,lrdn3443,lrdn3444,lrdn3445,lrdn3446 --cpu-bind=socket -n 8 -N 8 bash -c '
        module purge >&2
        module load openmpi >&2
        module list >&2
        /leonardo/home/userexternal/mmarcel3/crab/benchmarks/blink/bin/ardc_b -msgsize 131072 -iter 100 -maxsamples 100
        '
Ran 105 iterations. Measured 100 iterations.
--- [INFO] Run 36 completata in 2.6610 secondi ---
 Run 37:
[DEBUG]: Node List is: ['lrdn3439', 'lrdn3440', 'lrdn3441', 'lrdn3442', 'lrdn3443', 'lrdn3444', 'lrdn3445', 'lrdn3446']
[DEBUG]: Detected CRAB_SYSTEM=leonardo. Adding SLURM option: --partition=boost_usr_prod
[DEBUG]: SLURM command is: srun --export=ALL --partition=boost_usr_prod --nodelist lrdn3439,lrdn3440,lrdn3441,lrdn3442,lrdn3443,lrdn3444,lrdn3445,lrdn3446 --cpu-bind=socket -n 8 -N 8 bash -c '
        module purge >&2
        module load openmpi >&2
        module list >&2
        /leonardo/home/userexternal/mmarcel3/crab/benchmarks/blink/bin/ardc_b -msgsize 131072 -iter 100 -maxsamples 100
        '
Ran 105 iterations. Measured 100 iterations.
--- [INFO] Run 37 completata in 2.6855 secondi ---
 Run 38:
[DEBUG]: Node List is: ['lrdn3439', 'lrdn3440', 'lrdn3441', 'lrdn3442', 'lrdn3443', 'lrdn3444', 'lrdn3445', 'lrdn3446']
[DEBUG]: Detected CRAB_SYSTEM=leonardo. Adding SLURM option: --partition=boost_usr_prod
[DEBUG]: SLURM command is: srun --export=ALL --partition=boost_usr_prod --nodelist lrdn3439,lrdn3440,lrdn3441,lrdn3442,lrdn3443,lrdn3444,lrdn3445,lrdn3446 --cpu-bind=socket -n 8 -N 8 bash -c '
        module purge >&2
        module load openmpi >&2
        module list >&2
        /leonardo/home/userexternal/mmarcel3/crab/benchmarks/blink/bin/ardc_b -msgsize 131072 -iter 100 -maxsamples 100
        '
Ran 105 iterations. Measured 100 iterations.
--- [INFO] Run 38 completata in 2.7375 secondi ---
 Run 39:
[DEBUG]: Node List is: ['lrdn3439', 'lrdn3440', 'lrdn3441', 'lrdn3442', 'lrdn3443', 'lrdn3444', 'lrdn3445', 'lrdn3446']
[DEBUG]: Detected CRAB_SYSTEM=leonardo. Adding SLURM option: --partition=boost_usr_prod
[DEBUG]: SLURM command is: srun --export=ALL --partition=boost_usr_prod --nodelist lrdn3439,lrdn3440,lrdn3441,lrdn3442,lrdn3443,lrdn3444,lrdn3445,lrdn3446 --cpu-bind=socket -n 8 -N 8 bash -c '
        module purge >&2
        module load openmpi >&2
        module list >&2
        /leonardo/home/userexternal/mmarcel3/crab/benchmarks/blink/bin/ardc_b -msgsize 131072 -iter 100 -maxsamples 100
        '
Ran 105 iterations. Measured 100 iterations.
--- [INFO] Run 39 completata in 2.6964 secondi ---
 Run 40:
[DEBUG]: Node List is: ['lrdn3439', 'lrdn3440', 'lrdn3441', 'lrdn3442', 'lrdn3443', 'lrdn3444', 'lrdn3445', 'lrdn3446']
[DEBUG]: Detected CRAB_SYSTEM=leonardo. Adding SLURM option: --partition=boost_usr_prod
[DEBUG]: SLURM command is: srun --export=ALL --partition=boost_usr_prod --nodelist lrdn3439,lrdn3440,lrdn3441,lrdn3442,lrdn3443,lrdn3444,lrdn3445,lrdn3446 --cpu-bind=socket -n 8 -N 8 bash -c '
        module purge >&2
        module load openmpi >&2
        module list >&2
        /leonardo/home/userexternal/mmarcel3/crab/benchmarks/blink/bin/ardc_b -msgsize 131072 -iter 100 -maxsamples 100
        '
Ran 105 iterations. Measured 100 iterations.
--- [INFO] Run 40 completata in 2.7057 secondi ---
 Run 41:
[DEBUG]: Node List is: ['lrdn3439', 'lrdn3440', 'lrdn3441', 'lrdn3442', 'lrdn3443', 'lrdn3444', 'lrdn3445', 'lrdn3446']
[DEBUG]: Detected CRAB_SYSTEM=leonardo. Adding SLURM option: --partition=boost_usr_prod
[DEBUG]: SLURM command is: srun --export=ALL --partition=boost_usr_prod --nodelist lrdn3439,lrdn3440,lrdn3441,lrdn3442,lrdn3443,lrdn3444,lrdn3445,lrdn3446 --cpu-bind=socket -n 8 -N 8 bash -c '
        module purge >&2
        module load openmpi >&2
        module list >&2
        /leonardo/home/userexternal/mmarcel3/crab/benchmarks/blink/bin/ardc_b -msgsize 131072 -iter 100 -maxsamples 100
        '
Ran 105 iterations. Measured 100 iterations.
--- [INFO] Run 41 completata in 2.6808 secondi ---
 Run 42:
[DEBUG]: Node List is: ['lrdn3439', 'lrdn3440', 'lrdn3441', 'lrdn3442', 'lrdn3443', 'lrdn3444', 'lrdn3445', 'lrdn3446']
[DEBUG]: Detected CRAB_SYSTEM=leonardo. Adding SLURM option: --partition=boost_usr_prod
[DEBUG]: SLURM command is: srun --export=ALL --partition=boost_usr_prod --nodelist lrdn3439,lrdn3440,lrdn3441,lrdn3442,lrdn3443,lrdn3444,lrdn3445,lrdn3446 --cpu-bind=socket -n 8 -N 8 bash -c '
        module purge >&2
        module load openmpi >&2
        module list >&2
        /leonardo/home/userexternal/mmarcel3/crab/benchmarks/blink/bin/ardc_b -msgsize 131072 -iter 100 -maxsamples 100
        '
Ran 105 iterations. Measured 100 iterations.
--- [INFO] Run 42 completata in 2.7695 secondi ---
 Run 43:
[DEBUG]: Node List is: ['lrdn3439', 'lrdn3440', 'lrdn3441', 'lrdn3442', 'lrdn3443', 'lrdn3444', 'lrdn3445', 'lrdn3446']
[DEBUG]: Detected CRAB_SYSTEM=leonardo. Adding SLURM option: --partition=boost_usr_prod
[DEBUG]: SLURM command is: srun --export=ALL --partition=boost_usr_prod --nodelist lrdn3439,lrdn3440,lrdn3441,lrdn3442,lrdn3443,lrdn3444,lrdn3445,lrdn3446 --cpu-bind=socket -n 8 -N 8 bash -c '
        module purge >&2
        module load openmpi >&2
        module list >&2
        /leonardo/home/userexternal/mmarcel3/crab/benchmarks/blink/bin/ardc_b -msgsize 131072 -iter 100 -maxsamples 100
        '
Ran 105 iterations. Measured 100 iterations.
--- [INFO] Run 43 completata in 2.8121 secondi ---
 Run 44:
[DEBUG]: Node List is: ['lrdn3439', 'lrdn3440', 'lrdn3441', 'lrdn3442', 'lrdn3443', 'lrdn3444', 'lrdn3445', 'lrdn3446']
[DEBUG]: Detected CRAB_SYSTEM=leonardo. Adding SLURM option: --partition=boost_usr_prod
[DEBUG]: SLURM command is: srun --export=ALL --partition=boost_usr_prod --nodelist lrdn3439,lrdn3440,lrdn3441,lrdn3442,lrdn3443,lrdn3444,lrdn3445,lrdn3446 --cpu-bind=socket -n 8 -N 8 bash -c '
        module purge >&2
        module load openmpi >&2
        module list >&2
        /leonardo/home/userexternal/mmarcel3/crab/benchmarks/blink/bin/ardc_b -msgsize 131072 -iter 100 -maxsamples 100
        '
Ran 105 iterations. Measured 100 iterations.
--- [INFO] Run 44 completata in 2.6996 secondi ---
 Run 45:
[DEBUG]: Node List is: ['lrdn3439', 'lrdn3440', 'lrdn3441', 'lrdn3442', 'lrdn3443', 'lrdn3444', 'lrdn3445', 'lrdn3446']
[DEBUG]: Detected CRAB_SYSTEM=leonardo. Adding SLURM option: --partition=boost_usr_prod
[DEBUG]: SLURM command is: srun --export=ALL --partition=boost_usr_prod --nodelist lrdn3439,lrdn3440,lrdn3441,lrdn3442,lrdn3443,lrdn3444,lrdn3445,lrdn3446 --cpu-bind=socket -n 8 -N 8 bash -c '
        module purge >&2
        module load openmpi >&2
        module list >&2
        /leonardo/home/userexternal/mmarcel3/crab/benchmarks/blink/bin/ardc_b -msgsize 131072 -iter 100 -maxsamples 100
        '
Ran 105 iterations. Measured 100 iterations.
--- [INFO] Run 45 completata in 2.6808 secondi ---
 Run 46:
[DEBUG]: Node List is: ['lrdn3439', 'lrdn3440', 'lrdn3441', 'lrdn3442', 'lrdn3443', 'lrdn3444', 'lrdn3445', 'lrdn3446']
[DEBUG]: Detected CRAB_SYSTEM=leonardo. Adding SLURM option: --partition=boost_usr_prod
[DEBUG]: SLURM command is: srun --export=ALL --partition=boost_usr_prod --nodelist lrdn3439,lrdn3440,lrdn3441,lrdn3442,lrdn3443,lrdn3444,lrdn3445,lrdn3446 --cpu-bind=socket -n 8 -N 8 bash -c '
        module purge >&2
        module load openmpi >&2
        module list >&2
        /leonardo/home/userexternal/mmarcel3/crab/benchmarks/blink/bin/ardc_b -msgsize 131072 -iter 100 -maxsamples 100
        '
Ran 105 iterations. Measured 100 iterations.
--- [INFO] Run 46 completata in 2.7045 secondi ---
 Run 47:
[DEBUG]: Node List is: ['lrdn3439', 'lrdn3440', 'lrdn3441', 'lrdn3442', 'lrdn3443', 'lrdn3444', 'lrdn3445', 'lrdn3446']
[DEBUG]: Detected CRAB_SYSTEM=leonardo. Adding SLURM option: --partition=boost_usr_prod
[DEBUG]: SLURM command is: srun --export=ALL --partition=boost_usr_prod --nodelist lrdn3439,lrdn3440,lrdn3441,lrdn3442,lrdn3443,lrdn3444,lrdn3445,lrdn3446 --cpu-bind=socket -n 8 -N 8 bash -c '
        module purge >&2
        module load openmpi >&2
        module list >&2
        /leonardo/home/userexternal/mmarcel3/crab/benchmarks/blink/bin/ardc_b -msgsize 131072 -iter 100 -maxsamples 100
        '
Ran 105 iterations. Measured 100 iterations.
--- [INFO] Run 47 completata in 2.7395 secondi ---
 Run 48:
[DEBUG]: Node List is: ['lrdn3439', 'lrdn3440', 'lrdn3441', 'lrdn3442', 'lrdn3443', 'lrdn3444', 'lrdn3445', 'lrdn3446']
[DEBUG]: Detected CRAB_SYSTEM=leonardo. Adding SLURM option: --partition=boost_usr_prod
[DEBUG]: SLURM command is: srun --export=ALL --partition=boost_usr_prod --nodelist lrdn3439,lrdn3440,lrdn3441,lrdn3442,lrdn3443,lrdn3444,lrdn3445,lrdn3446 --cpu-bind=socket -n 8 -N 8 bash -c '
        module purge >&2
        module load openmpi >&2
        module list >&2
        /leonardo/home/userexternal/mmarcel3/crab/benchmarks/blink/bin/ardc_b -msgsize 131072 -iter 100 -maxsamples 100
        '
Ran 105 iterations. Measured 100 iterations.
--- [INFO] Run 48 completata in 2.7055 secondi ---
 Run 49:
[DEBUG]: Node List is: ['lrdn3439', 'lrdn3440', 'lrdn3441', 'lrdn3442', 'lrdn3443', 'lrdn3444', 'lrdn3445', 'lrdn3446']
[DEBUG]: Detected CRAB_SYSTEM=leonardo. Adding SLURM option: --partition=boost_usr_prod
[DEBUG]: SLURM command is: srun --export=ALL --partition=boost_usr_prod --nodelist lrdn3439,lrdn3440,lrdn3441,lrdn3442,lrdn3443,lrdn3444,lrdn3445,lrdn3446 --cpu-bind=socket -n 8 -N 8 bash -c '
        module purge >&2
        module load openmpi >&2
        module list >&2
        /leonardo/home/userexternal/mmarcel3/crab/benchmarks/blink/bin/ardc_b -msgsize 131072 -iter 100 -maxsamples 100
        '
Ran 105 iterations. Measured 100 iterations.
--- [INFO] Run 49 completata in 2.6729 secondi ---
 Run 50:
[DEBUG]: Node List is: ['lrdn3439', 'lrdn3440', 'lrdn3441', 'lrdn3442', 'lrdn3443', 'lrdn3444', 'lrdn3445', 'lrdn3446']
[DEBUG]: Detected CRAB_SYSTEM=leonardo. Adding SLURM option: --partition=boost_usr_prod
[DEBUG]: SLURM command is: srun --export=ALL --partition=boost_usr_prod --nodelist lrdn3439,lrdn3440,lrdn3441,lrdn3442,lrdn3443,lrdn3444,lrdn3445,lrdn3446 --cpu-bind=socket -n 8 -N 8 bash -c '
        module purge >&2
        module load openmpi >&2
        module list >&2
        /leonardo/home/userexternal/mmarcel3/crab/benchmarks/blink/bin/ardc_b -msgsize 131072 -iter 100 -maxsamples 100
        '
Ran 105 iterations. Measured 100 iterations.
--- [INFO] Run 50 completata in 2.6930 secondi ---

Logging data...
Dati per App 0 salvati in: ./data/leonardo/2025-10-07_18-56-14-897347/data_app_0.csv
--- [WORKER] Engine run finished. ---
