Loading openmpi/4.1.6--gcc--12.2.0-cuda-12.2
  Loading requirement: glibc/2.28--gcc--12.2.0-gi6mmti
    gcc-runtime/12.2.0--gcc--12.2.0-dqfwf7y numactl/2.0.14--gcc--12.2.0-cxzp4ci
    bzip2/1.0.8-ib3znej libiconv/1.17-nhc3mhm xz/5.4.6-xxxg42c
    zlib-ng/2.1.6-jkgunjc libxml2/2.10.3-zbbe7lm ncurses/6.5-svfl57u
    pigz/2.8-5bwzpml zstd/1.5.6-uq5yyux tar/1.34-jgektnv gettext/0.22.5-hsxgafg
    krb5/1.20.1-n4kmebh libedit/3.1-20230828-nme7boz libxcrypt/4.4.35-7om46b5
    openssh/9.7p1-tk2b5yv
--- [WORKER MODE DETECTED] Work dir: ./data/leonardo/2025-10-08_10-59-43-726180 ---
--- [WORKER] Environment loaded. Starting engine. ---
--- [WORKER] Engine running in WORKER mode. ---
--- [WORKER] Working directory is: ./data/leonardo/2025-10-08_10-59-43-726180 ---
--- [WORKER] Allocating nodes provided by SLURM: lrdn[0001,0009,0015,0031,0046,0061,0070,0075,0101,0126,0130,0141,0152,0159,0165,0188,0195,0242,0268,0287,0305,0316,0345,0391,0399,0411,0446,0512,0543,0611,0669,0730,0758,0760,0843,0901,0975,0989,0992,1021,1052,1061,1082,1089,1096,1118,1121,1146,1149,1171,1218,1221,1235,1274,1284,1289,1298-1299,1306,1334-1335,1338,1354,1385] ---
Split list: [100.0]
Splits: [64]

Running Benchmarks...
 Run 1:
[DEBUG]: Node List is: ['lrdn0001', 'lrdn0009', 'lrdn0015', 'lrdn0031', 'lrdn0046', 'lrdn0061', 'lrdn0070', 'lrdn0075', 'lrdn0101', 'lrdn0126', 'lrdn0130', 'lrdn0141', 'lrdn0152', 'lrdn0159', 'lrdn0165', 'lrdn0188', 'lrdn0195', 'lrdn0242', 'lrdn0268', 'lrdn0287', 'lrdn0305', 'lrdn0316', 'lrdn0345', 'lrdn0391', 'lrdn0399', 'lrdn0411', 'lrdn0446', 'lrdn0512', 'lrdn0543', 'lrdn0611', 'lrdn0669', 'lrdn0730', 'lrdn0758', 'lrdn0760', 'lrdn0843', 'lrdn0901', 'lrdn0975', 'lrdn0989', 'lrdn0992', 'lrdn1021', 'lrdn1052', 'lrdn1061', 'lrdn1082', 'lrdn1089', 'lrdn1096', 'lrdn1118', 'lrdn1121', 'lrdn1146', 'lrdn1149', 'lrdn1171', 'lrdn1218', 'lrdn1221', 'lrdn1235', 'lrdn1274', 'lrdn1284', 'lrdn1289', 'lrdn1298', 'lrdn1299', 'lrdn1306', 'lrdn1334', 'lrdn1335', 'lrdn1338', 'lrdn1354', 'lrdn1385']
[DEBUG]: Detected CRAB_SYSTEM=leonardo. Adding SLURM option: --partition=boost_usr_prod
[DEBUG]: SLURM command is: srun --export=ALL --partition=boost_usr_prod --nodelist lrdn0001,lrdn0009,lrdn0015,lrdn0031,lrdn0046,lrdn0061,lrdn0070,lrdn0075,lrdn0101,lrdn0126,lrdn0130,lrdn0141,lrdn0152,lrdn0159,lrdn0165,lrdn0188,lrdn0195,lrdn0242,lrdn0268,lrdn0287,lrdn0305,lrdn0316,lrdn0345,lrdn0391,lrdn0399,lrdn0411,lrdn0446,lrdn0512,lrdn0543,lrdn0611,lrdn0669,lrdn0730,lrdn0758,lrdn0760,lrdn0843,lrdn0901,lrdn0975,lrdn0989,lrdn0992,lrdn1021,lrdn1052,lrdn1061,lrdn1082,lrdn1089,lrdn1096,lrdn1118,lrdn1121,lrdn1146,lrdn1149,lrdn1171,lrdn1218,lrdn1221,lrdn1235,lrdn1274,lrdn1284,lrdn1289,lrdn1298,lrdn1299,lrdn1306,lrdn1334,lrdn1335,lrdn1338,lrdn1354,lrdn1385 --cpu-bind=socket -n 64 -N 64 bash -c '
        module purge >&2
        module load openmpi >&2
        module list >&2
        /leonardo/home/userexternal/mmarcel3/crab/benchmarks/blink/bin/ardc_b -msgsize 131072 -iter 1000 -maxsamples 1000
        '
Ran 1005 iterations. Measured 1000 iterations.
--- [INFO] Run 1 completata in 6.3216 secondi ---
 Run 2:
[DEBUG]: Node List is: ['lrdn0001', 'lrdn0009', 'lrdn0015', 'lrdn0031', 'lrdn0046', 'lrdn0061', 'lrdn0070', 'lrdn0075', 'lrdn0101', 'lrdn0126', 'lrdn0130', 'lrdn0141', 'lrdn0152', 'lrdn0159', 'lrdn0165', 'lrdn0188', 'lrdn0195', 'lrdn0242', 'lrdn0268', 'lrdn0287', 'lrdn0305', 'lrdn0316', 'lrdn0345', 'lrdn0391', 'lrdn0399', 'lrdn0411', 'lrdn0446', 'lrdn0512', 'lrdn0543', 'lrdn0611', 'lrdn0669', 'lrdn0730', 'lrdn0758', 'lrdn0760', 'lrdn0843', 'lrdn0901', 'lrdn0975', 'lrdn0989', 'lrdn0992', 'lrdn1021', 'lrdn1052', 'lrdn1061', 'lrdn1082', 'lrdn1089', 'lrdn1096', 'lrdn1118', 'lrdn1121', 'lrdn1146', 'lrdn1149', 'lrdn1171', 'lrdn1218', 'lrdn1221', 'lrdn1235', 'lrdn1274', 'lrdn1284', 'lrdn1289', 'lrdn1298', 'lrdn1299', 'lrdn1306', 'lrdn1334', 'lrdn1335', 'lrdn1338', 'lrdn1354', 'lrdn1385']
[DEBUG]: Detected CRAB_SYSTEM=leonardo. Adding SLURM option: --partition=boost_usr_prod
[DEBUG]: SLURM command is: srun --export=ALL --partition=boost_usr_prod --nodelist lrdn0001,lrdn0009,lrdn0015,lrdn0031,lrdn0046,lrdn0061,lrdn0070,lrdn0075,lrdn0101,lrdn0126,lrdn0130,lrdn0141,lrdn0152,lrdn0159,lrdn0165,lrdn0188,lrdn0195,lrdn0242,lrdn0268,lrdn0287,lrdn0305,lrdn0316,lrdn0345,lrdn0391,lrdn0399,lrdn0411,lrdn0446,lrdn0512,lrdn0543,lrdn0611,lrdn0669,lrdn0730,lrdn0758,lrdn0760,lrdn0843,lrdn0901,lrdn0975,lrdn0989,lrdn0992,lrdn1021,lrdn1052,lrdn1061,lrdn1082,lrdn1089,lrdn1096,lrdn1118,lrdn1121,lrdn1146,lrdn1149,lrdn1171,lrdn1218,lrdn1221,lrdn1235,lrdn1274,lrdn1284,lrdn1289,lrdn1298,lrdn1299,lrdn1306,lrdn1334,lrdn1335,lrdn1338,lrdn1354,lrdn1385 --cpu-bind=socket -n 64 -N 64 bash -c '
        module purge >&2
        module load openmpi >&2
        module list >&2
        /leonardo/home/userexternal/mmarcel3/crab/benchmarks/blink/bin/ardc_b -msgsize 131072 -iter 1000 -maxsamples 1000
        '
Ran 1005 iterations. Measured 1000 iterations.
--- [INFO] Run 2 completata in 5.2547 secondi ---
 Run 3:
[DEBUG]: Node List is: ['lrdn0001', 'lrdn0009', 'lrdn0015', 'lrdn0031', 'lrdn0046', 'lrdn0061', 'lrdn0070', 'lrdn0075', 'lrdn0101', 'lrdn0126', 'lrdn0130', 'lrdn0141', 'lrdn0152', 'lrdn0159', 'lrdn0165', 'lrdn0188', 'lrdn0195', 'lrdn0242', 'lrdn0268', 'lrdn0287', 'lrdn0305', 'lrdn0316', 'lrdn0345', 'lrdn0391', 'lrdn0399', 'lrdn0411', 'lrdn0446', 'lrdn0512', 'lrdn0543', 'lrdn0611', 'lrdn0669', 'lrdn0730', 'lrdn0758', 'lrdn0760', 'lrdn0843', 'lrdn0901', 'lrdn0975', 'lrdn0989', 'lrdn0992', 'lrdn1021', 'lrdn1052', 'lrdn1061', 'lrdn1082', 'lrdn1089', 'lrdn1096', 'lrdn1118', 'lrdn1121', 'lrdn1146', 'lrdn1149', 'lrdn1171', 'lrdn1218', 'lrdn1221', 'lrdn1235', 'lrdn1274', 'lrdn1284', 'lrdn1289', 'lrdn1298', 'lrdn1299', 'lrdn1306', 'lrdn1334', 'lrdn1335', 'lrdn1338', 'lrdn1354', 'lrdn1385']
[DEBUG]: Detected CRAB_SYSTEM=leonardo. Adding SLURM option: --partition=boost_usr_prod
[DEBUG]: SLURM command is: srun --export=ALL --partition=boost_usr_prod --nodelist lrdn0001,lrdn0009,lrdn0015,lrdn0031,lrdn0046,lrdn0061,lrdn0070,lrdn0075,lrdn0101,lrdn0126,lrdn0130,lrdn0141,lrdn0152,lrdn0159,lrdn0165,lrdn0188,lrdn0195,lrdn0242,lrdn0268,lrdn0287,lrdn0305,lrdn0316,lrdn0345,lrdn0391,lrdn0399,lrdn0411,lrdn0446,lrdn0512,lrdn0543,lrdn0611,lrdn0669,lrdn0730,lrdn0758,lrdn0760,lrdn0843,lrdn0901,lrdn0975,lrdn0989,lrdn0992,lrdn1021,lrdn1052,lrdn1061,lrdn1082,lrdn1089,lrdn1096,lrdn1118,lrdn1121,lrdn1146,lrdn1149,lrdn1171,lrdn1218,lrdn1221,lrdn1235,lrdn1274,lrdn1284,lrdn1289,lrdn1298,lrdn1299,lrdn1306,lrdn1334,lrdn1335,lrdn1338,lrdn1354,lrdn1385 --cpu-bind=socket -n 64 -N 64 bash -c '
        module purge >&2
        module load openmpi >&2
        module list >&2
        /leonardo/home/userexternal/mmarcel3/crab/benchmarks/blink/bin/ardc_b -msgsize 131072 -iter 1000 -maxsamples 1000
        '
Ran 1005 iterations. Measured 1000 iterations.
--- [INFO] Run 3 completata in 5.3692 secondi ---
 Run 4:
[DEBUG]: Node List is: ['lrdn0001', 'lrdn0009', 'lrdn0015', 'lrdn0031', 'lrdn0046', 'lrdn0061', 'lrdn0070', 'lrdn0075', 'lrdn0101', 'lrdn0126', 'lrdn0130', 'lrdn0141', 'lrdn0152', 'lrdn0159', 'lrdn0165', 'lrdn0188', 'lrdn0195', 'lrdn0242', 'lrdn0268', 'lrdn0287', 'lrdn0305', 'lrdn0316', 'lrdn0345', 'lrdn0391', 'lrdn0399', 'lrdn0411', 'lrdn0446', 'lrdn0512', 'lrdn0543', 'lrdn0611', 'lrdn0669', 'lrdn0730', 'lrdn0758', 'lrdn0760', 'lrdn0843', 'lrdn0901', 'lrdn0975', 'lrdn0989', 'lrdn0992', 'lrdn1021', 'lrdn1052', 'lrdn1061', 'lrdn1082', 'lrdn1089', 'lrdn1096', 'lrdn1118', 'lrdn1121', 'lrdn1146', 'lrdn1149', 'lrdn1171', 'lrdn1218', 'lrdn1221', 'lrdn1235', 'lrdn1274', 'lrdn1284', 'lrdn1289', 'lrdn1298', 'lrdn1299', 'lrdn1306', 'lrdn1334', 'lrdn1335', 'lrdn1338', 'lrdn1354', 'lrdn1385']
[DEBUG]: Detected CRAB_SYSTEM=leonardo. Adding SLURM option: --partition=boost_usr_prod
[DEBUG]: SLURM command is: srun --export=ALL --partition=boost_usr_prod --nodelist lrdn0001,lrdn0009,lrdn0015,lrdn0031,lrdn0046,lrdn0061,lrdn0070,lrdn0075,lrdn0101,lrdn0126,lrdn0130,lrdn0141,lrdn0152,lrdn0159,lrdn0165,lrdn0188,lrdn0195,lrdn0242,lrdn0268,lrdn0287,lrdn0305,lrdn0316,lrdn0345,lrdn0391,lrdn0399,lrdn0411,lrdn0446,lrdn0512,lrdn0543,lrdn0611,lrdn0669,lrdn0730,lrdn0758,lrdn0760,lrdn0843,lrdn0901,lrdn0975,lrdn0989,lrdn0992,lrdn1021,lrdn1052,lrdn1061,lrdn1082,lrdn1089,lrdn1096,lrdn1118,lrdn1121,lrdn1146,lrdn1149,lrdn1171,lrdn1218,lrdn1221,lrdn1235,lrdn1274,lrdn1284,lrdn1289,lrdn1298,lrdn1299,lrdn1306,lrdn1334,lrdn1335,lrdn1338,lrdn1354,lrdn1385 --cpu-bind=socket -n 64 -N 64 bash -c '
        module purge >&2
        module load openmpi >&2
        module list >&2
        /leonardo/home/userexternal/mmarcel3/crab/benchmarks/blink/bin/ardc_b -msgsize 131072 -iter 1000 -maxsamples 1000
        '
Ran 1005 iterations. Measured 1000 iterations.
--- [INFO] Run 4 completata in 5.4321 secondi ---
 Run 5:
[DEBUG]: Node List is: ['lrdn0001', 'lrdn0009', 'lrdn0015', 'lrdn0031', 'lrdn0046', 'lrdn0061', 'lrdn0070', 'lrdn0075', 'lrdn0101', 'lrdn0126', 'lrdn0130', 'lrdn0141', 'lrdn0152', 'lrdn0159', 'lrdn0165', 'lrdn0188', 'lrdn0195', 'lrdn0242', 'lrdn0268', 'lrdn0287', 'lrdn0305', 'lrdn0316', 'lrdn0345', 'lrdn0391', 'lrdn0399', 'lrdn0411', 'lrdn0446', 'lrdn0512', 'lrdn0543', 'lrdn0611', 'lrdn0669', 'lrdn0730', 'lrdn0758', 'lrdn0760', 'lrdn0843', 'lrdn0901', 'lrdn0975', 'lrdn0989', 'lrdn0992', 'lrdn1021', 'lrdn1052', 'lrdn1061', 'lrdn1082', 'lrdn1089', 'lrdn1096', 'lrdn1118', 'lrdn1121', 'lrdn1146', 'lrdn1149', 'lrdn1171', 'lrdn1218', 'lrdn1221', 'lrdn1235', 'lrdn1274', 'lrdn1284', 'lrdn1289', 'lrdn1298', 'lrdn1299', 'lrdn1306', 'lrdn1334', 'lrdn1335', 'lrdn1338', 'lrdn1354', 'lrdn1385']
[DEBUG]: Detected CRAB_SYSTEM=leonardo. Adding SLURM option: --partition=boost_usr_prod
[DEBUG]: SLURM command is: srun --export=ALL --partition=boost_usr_prod --nodelist lrdn0001,lrdn0009,lrdn0015,lrdn0031,lrdn0046,lrdn0061,lrdn0070,lrdn0075,lrdn0101,lrdn0126,lrdn0130,lrdn0141,lrdn0152,lrdn0159,lrdn0165,lrdn0188,lrdn0195,lrdn0242,lrdn0268,lrdn0287,lrdn0305,lrdn0316,lrdn0345,lrdn0391,lrdn0399,lrdn0411,lrdn0446,lrdn0512,lrdn0543,lrdn0611,lrdn0669,lrdn0730,lrdn0758,lrdn0760,lrdn0843,lrdn0901,lrdn0975,lrdn0989,lrdn0992,lrdn1021,lrdn1052,lrdn1061,lrdn1082,lrdn1089,lrdn1096,lrdn1118,lrdn1121,lrdn1146,lrdn1149,lrdn1171,lrdn1218,lrdn1221,lrdn1235,lrdn1274,lrdn1284,lrdn1289,lrdn1298,lrdn1299,lrdn1306,lrdn1334,lrdn1335,lrdn1338,lrdn1354,lrdn1385 --cpu-bind=socket -n 64 -N 64 bash -c '
        module purge >&2
        module load openmpi >&2
        module list >&2
        /leonardo/home/userexternal/mmarcel3/crab/benchmarks/blink/bin/ardc_b -msgsize 131072 -iter 1000 -maxsamples 1000
        '
Ran 1005 iterations. Measured 1000 iterations.
--- [INFO] Run 5 completata in 5.6029 secondi ---

Logging data...
Dati per App 0 salvati in: ./data/leonardo/2025-10-08_10-59-43-726180/data_app_0.csv
--- [WORKER] Engine run finished. ---
