Loading openmpi/4.1.6--gcc--12.2.0-cuda-12.2
  Loading requirement: glibc/2.28--gcc--12.2.0-gi6mmti
    gcc-runtime/12.2.0--gcc--12.2.0-dqfwf7y numactl/2.0.14--gcc--12.2.0-cxzp4ci
    bzip2/1.0.8-ib3znej libiconv/1.17-nhc3mhm xz/5.4.6-xxxg42c
    zlib-ng/2.1.6-jkgunjc libxml2/2.10.3-zbbe7lm ncurses/6.5-svfl57u
    pigz/2.8-5bwzpml zstd/1.5.6-uq5yyux tar/1.34-jgektnv gettext/0.22.5-hsxgafg
    krb5/1.20.1-n4kmebh libedit/3.1-20230828-nme7boz libxcrypt/4.4.35-7om46b5
    openssh/9.7p1-tk2b5yv
--- [WORKER MODE DETECTED] Work dir: ./data/leonardo/2025-10-07_17-34-02-989107 ---
--- [WORKER] Environment loaded. Starting engine. ---
--- [WORKER] Engine running in WORKER mode. ---
--- [WORKER] Working directory is: ./data/leonardo/2025-10-07_17-34-02-989107 ---
--- [WORKER] Allocating nodes provided by SLURM: lrdn[0001,0010,0015,0031,0041,0046,0061,0070,0075,0099,0104,0112,0121,0129,0136,0151,0159,0165,0190,0196,0221,0226,0242,0249,0268,0271,0285,0287,0327,0336,0353,0361] ---
Split list: [100.0]
Splits: [32]

Running Benchmarks...
 Run 1:
[DEBUG]: Node List is: ['lrdn0001', 'lrdn0010', 'lrdn0015', 'lrdn0031', 'lrdn0041', 'lrdn0046', 'lrdn0061', 'lrdn0070', 'lrdn0075', 'lrdn0099', 'lrdn0104', 'lrdn0112', 'lrdn0121', 'lrdn0129', 'lrdn0136', 'lrdn0151', 'lrdn0159', 'lrdn0165', 'lrdn0190', 'lrdn0196', 'lrdn0221', 'lrdn0226', 'lrdn0242', 'lrdn0249', 'lrdn0268', 'lrdn0271', 'lrdn0285', 'lrdn0287', 'lrdn0327', 'lrdn0336', 'lrdn0353', 'lrdn0361']
[DEBUG]: Detected CRAB_SYSTEM=leonardo. Adding SLURM option: --partition=boost_usr_prod
[DEBUG]: SLURM command is: srun --export=ALL --partition=boost_usr_prod --nodelist lrdn0001,lrdn0010,lrdn0015,lrdn0031,lrdn0041,lrdn0046,lrdn0061,lrdn0070,lrdn0075,lrdn0099,lrdn0104,lrdn0112,lrdn0121,lrdn0129,lrdn0136,lrdn0151,lrdn0159,lrdn0165,lrdn0190,lrdn0196,lrdn0221,lrdn0226,lrdn0242,lrdn0249,lrdn0268,lrdn0271,lrdn0285,lrdn0287,lrdn0327,lrdn0336,lrdn0353,lrdn0361 --cpu-bind=socket -n 32 -N 32 bash -c '
        module purge >&2
        module load openmpi >&2
        module list >&2
        /leonardo/home/userexternal/mmarcel3/crab/benchmarks/blink/bin/ardc_b -msgsize 1048576 -iter 100 -maxsamples 100
        '
Ran 105 iterations. Measured 100 iterations.
--- [INFO] Run 1 completata in 3.1582 secondi ---
 Run 2:
[DEBUG]: Node List is: ['lrdn0001', 'lrdn0010', 'lrdn0015', 'lrdn0031', 'lrdn0041', 'lrdn0046', 'lrdn0061', 'lrdn0070', 'lrdn0075', 'lrdn0099', 'lrdn0104', 'lrdn0112', 'lrdn0121', 'lrdn0129', 'lrdn0136', 'lrdn0151', 'lrdn0159', 'lrdn0165', 'lrdn0190', 'lrdn0196', 'lrdn0221', 'lrdn0226', 'lrdn0242', 'lrdn0249', 'lrdn0268', 'lrdn0271', 'lrdn0285', 'lrdn0287', 'lrdn0327', 'lrdn0336', 'lrdn0353', 'lrdn0361']
[DEBUG]: Detected CRAB_SYSTEM=leonardo. Adding SLURM option: --partition=boost_usr_prod
[DEBUG]: SLURM command is: srun --export=ALL --partition=boost_usr_prod --nodelist lrdn0001,lrdn0010,lrdn0015,lrdn0031,lrdn0041,lrdn0046,lrdn0061,lrdn0070,lrdn0075,lrdn0099,lrdn0104,lrdn0112,lrdn0121,lrdn0129,lrdn0136,lrdn0151,lrdn0159,lrdn0165,lrdn0190,lrdn0196,lrdn0221,lrdn0226,lrdn0242,lrdn0249,lrdn0268,lrdn0271,lrdn0285,lrdn0287,lrdn0327,lrdn0336,lrdn0353,lrdn0361 --cpu-bind=socket -n 32 -N 32 bash -c '
        module purge >&2
        module load openmpi >&2
        module list >&2
        /leonardo/home/userexternal/mmarcel3/crab/benchmarks/blink/bin/ardc_b -msgsize 1048576 -iter 100 -maxsamples 100
        '
Ran 105 iterations. Measured 100 iterations.
--- [INFO] Run 2 completata in 3.1288 secondi ---
 Run 3:
[DEBUG]: Node List is: ['lrdn0001', 'lrdn0010', 'lrdn0015', 'lrdn0031', 'lrdn0041', 'lrdn0046', 'lrdn0061', 'lrdn0070', 'lrdn0075', 'lrdn0099', 'lrdn0104', 'lrdn0112', 'lrdn0121', 'lrdn0129', 'lrdn0136', 'lrdn0151', 'lrdn0159', 'lrdn0165', 'lrdn0190', 'lrdn0196', 'lrdn0221', 'lrdn0226', 'lrdn0242', 'lrdn0249', 'lrdn0268', 'lrdn0271', 'lrdn0285', 'lrdn0287', 'lrdn0327', 'lrdn0336', 'lrdn0353', 'lrdn0361']
[DEBUG]: Detected CRAB_SYSTEM=leonardo. Adding SLURM option: --partition=boost_usr_prod
[DEBUG]: SLURM command is: srun --export=ALL --partition=boost_usr_prod --nodelist lrdn0001,lrdn0010,lrdn0015,lrdn0031,lrdn0041,lrdn0046,lrdn0061,lrdn0070,lrdn0075,lrdn0099,lrdn0104,lrdn0112,lrdn0121,lrdn0129,lrdn0136,lrdn0151,lrdn0159,lrdn0165,lrdn0190,lrdn0196,lrdn0221,lrdn0226,lrdn0242,lrdn0249,lrdn0268,lrdn0271,lrdn0285,lrdn0287,lrdn0327,lrdn0336,lrdn0353,lrdn0361 --cpu-bind=socket -n 32 -N 32 bash -c '
        module purge >&2
        module load openmpi >&2
        module list >&2
        /leonardo/home/userexternal/mmarcel3/crab/benchmarks/blink/bin/ardc_b -msgsize 1048576 -iter 100 -maxsamples 100
        '
Ran 105 iterations. Measured 100 iterations.
--- [INFO] Run 3 completata in 6.4757 secondi ---
 Run 4:
[DEBUG]: Node List is: ['lrdn0001', 'lrdn0010', 'lrdn0015', 'lrdn0031', 'lrdn0041', 'lrdn0046', 'lrdn0061', 'lrdn0070', 'lrdn0075', 'lrdn0099', 'lrdn0104', 'lrdn0112', 'lrdn0121', 'lrdn0129', 'lrdn0136', 'lrdn0151', 'lrdn0159', 'lrdn0165', 'lrdn0190', 'lrdn0196', 'lrdn0221', 'lrdn0226', 'lrdn0242', 'lrdn0249', 'lrdn0268', 'lrdn0271', 'lrdn0285', 'lrdn0287', 'lrdn0327', 'lrdn0336', 'lrdn0353', 'lrdn0361']
[DEBUG]: Detected CRAB_SYSTEM=leonardo. Adding SLURM option: --partition=boost_usr_prod
[DEBUG]: SLURM command is: srun --export=ALL --partition=boost_usr_prod --nodelist lrdn0001,lrdn0010,lrdn0015,lrdn0031,lrdn0041,lrdn0046,lrdn0061,lrdn0070,lrdn0075,lrdn0099,lrdn0104,lrdn0112,lrdn0121,lrdn0129,lrdn0136,lrdn0151,lrdn0159,lrdn0165,lrdn0190,lrdn0196,lrdn0221,lrdn0226,lrdn0242,lrdn0249,lrdn0268,lrdn0271,lrdn0285,lrdn0287,lrdn0327,lrdn0336,lrdn0353,lrdn0361 --cpu-bind=socket -n 32 -N 32 bash -c '
        module purge >&2
        module load openmpi >&2
        module list >&2
        /leonardo/home/userexternal/mmarcel3/crab/benchmarks/blink/bin/ardc_b -msgsize 1048576 -iter 100 -maxsamples 100
        '
Ran 105 iterations. Measured 100 iterations.
--- [INFO] Run 4 completata in 3.0824 secondi ---
 Run 5:
[DEBUG]: Node List is: ['lrdn0001', 'lrdn0010', 'lrdn0015', 'lrdn0031', 'lrdn0041', 'lrdn0046', 'lrdn0061', 'lrdn0070', 'lrdn0075', 'lrdn0099', 'lrdn0104', 'lrdn0112', 'lrdn0121', 'lrdn0129', 'lrdn0136', 'lrdn0151', 'lrdn0159', 'lrdn0165', 'lrdn0190', 'lrdn0196', 'lrdn0221', 'lrdn0226', 'lrdn0242', 'lrdn0249', 'lrdn0268', 'lrdn0271', 'lrdn0285', 'lrdn0287', 'lrdn0327', 'lrdn0336', 'lrdn0353', 'lrdn0361']
[DEBUG]: Detected CRAB_SYSTEM=leonardo. Adding SLURM option: --partition=boost_usr_prod
[DEBUG]: SLURM command is: srun --export=ALL --partition=boost_usr_prod --nodelist lrdn0001,lrdn0010,lrdn0015,lrdn0031,lrdn0041,lrdn0046,lrdn0061,lrdn0070,lrdn0075,lrdn0099,lrdn0104,lrdn0112,lrdn0121,lrdn0129,lrdn0136,lrdn0151,lrdn0159,lrdn0165,lrdn0190,lrdn0196,lrdn0221,lrdn0226,lrdn0242,lrdn0249,lrdn0268,lrdn0271,lrdn0285,lrdn0287,lrdn0327,lrdn0336,lrdn0353,lrdn0361 --cpu-bind=socket -n 32 -N 32 bash -c '
        module purge >&2
        module load openmpi >&2
        module list >&2
        /leonardo/home/userexternal/mmarcel3/crab/benchmarks/blink/bin/ardc_b -msgsize 1048576 -iter 100 -maxsamples 100
        '
Ran 105 iterations. Measured 100 iterations.
--- [INFO] Run 5 completata in 3.1110 secondi ---

Logging data...
Dati per App 0 salvati in: ./data/leonardo/2025-10-07_17-34-02-989107/data_app_0.csv
--- [WORKER] Engine run finished. ---
