[WORKER FATAL ERROR] [Errno 2] No such file or directory: '/leonardo/home/userexternal/mmarcel3/CRAB.OLD/data/leonardo/2025-10-02_20-36-19-140567/./src/crab/core/wl_manager/slurm.py'
Traceback (most recent call last):
  File "/leonardo/home/userexternal/mmarcel3/CRAB.OLD/src/crab/cli/orchestrator.py", line 64, in run_from_cli
    engine.run(
  File "/leonardo/home/userexternal/mmarcel3/CRAB.OLD/src/crab/core/engine.py", line 240, in run
    self._run_worker(config, environment)
  File "/leonardo/home/userexternal/mmarcel3/CRAB.OLD/src/crab/core/engine.py", line 406, in _run_worker
    spec_wlm.loader.exec_module(mod_wlm)
  File "<frozen importlib._bootstrap_external>", line 936, in exec_module
  File "<frozen importlib._bootstrap_external>", line 1073, in get_code
  File "<frozen importlib._bootstrap_external>", line 1130, in get_data
FileNotFoundError: [Errno 2] No such file or directory: '/leonardo/home/userexternal/mmarcel3/CRAB.OLD/data/leonardo/2025-10-02_20-36-19-140567/./src/crab/core/wl_manager/slurm.py'
[WORKER FATAL ERROR] [Errno 2] No such file or directory: '/leonardo/home/userexternal/mmarcel3/CRAB.OLD/data/leonardo/2025-10-02_20-36-19-140567/./src/crab/core/wl_manager/slurm.py'
Traceback (most recent call last):
  File "/leonardo/home/userexternal/mmarcel3/CRAB.OLD/src/crab/cli/orchestrator.py", line 64, in run_from_cli
    engine.run(
  File "/leonardo/home/userexternal/mmarcel3/CRAB.OLD/src/crab/core/engine.py", line 240, in run
    self._run_worker(config, environment)
  File "/leonardo/home/userexternal/mmarcel3/CRAB.OLD/src/crab/core/engine.py", line 406, in _run_worker
    spec_wlm.loader.exec_module(mod_wlm)
  File "<frozen importlib._bootstrap_external>", line 936, in exec_module
  File "<frozen importlib._bootstrap_external>", line 1073, in get_code
  File "<frozen importlib._bootstrap_external>", line 1130, in get_data
FileNotFoundError: [Errno 2] No such file or directory: '/leonardo/home/userexternal/mmarcel3/CRAB.OLD/data/leonardo/2025-10-02_20-36-19-140567/./src/crab/core/wl_manager/slurm.py'
[WORKER FATAL ERROR] [Errno 2] No such file or directory: '/leonardo/home/userexternal/mmarcel3/CRAB.OLD/data/leonardo/2025-10-02_20-36-19-140567/./src/crab/core/wl_manager/slurm.py'
Traceback (most recent call last):
  File "/leonardo/home/userexternal/mmarcel3/CRAB.OLD/src/crab/cli/orchestrator.py", line 64, in run_from_cli
    engine.run(
  File "/leonardo/home/userexternal/mmarcel3/CRAB.OLD/src/crab/core/engine.py", line 240, in run
    self._run_worker(config, environment)
  File "/leonardo/home/userexternal/mmarcel3/CRAB.OLD/src/crab/core/engine.py", line 406, in _run_worker
    spec_wlm.loader.exec_module(mod_wlm)
  File "<frozen importlib._bootstrap_external>", line 936, in exec_module
  File "<frozen importlib._bootstrap_external>", line 1073, in get_code
  File "<frozen importlib._bootstrap_external>", line 1130, in get_data
FileNotFoundError: [Errno 2] No such file or directory: '/leonardo/home/userexternal/mmarcel3/CRAB.OLD/data/leonardo/2025-10-02_20-36-19-140567/./src/crab/core/wl_manager/slurm.py'
srun: error: lrdn3364: task 2: Exited with exit code 1
srun: error: lrdn3363: task 1: Exited with exit code 1
[WORKER FATAL ERROR] [Errno 2] No such file or directory: '/leonardo/home/userexternal/mmarcel3/CRAB.OLD/data/leonardo/2025-10-02_20-36-19-140567/./src/crab/core/wl_manager/slurm.py'
Traceback (most recent call last):
  File "/leonardo/home/userexternal/mmarcel3/CRAB.OLD/src/crab/cli/orchestrator.py", line 64, in run_from_cli
    engine.run(
  File "/leonardo/home/userexternal/mmarcel3/CRAB.OLD/src/crab/core/engine.py", line 240, in run
    self._run_worker(config, environment)
  File "/leonardo/home/userexternal/mmarcel3/CRAB.OLD/src/crab/core/engine.py", line 406, in _run_worker
    spec_wlm.loader.exec_module(mod_wlm)
  File "<frozen importlib._bootstrap_external>", line 936, in exec_module
  File "<frozen importlib._bootstrap_external>", line 1073, in get_code
  File "<frozen importlib._bootstrap_external>", line 1130, in get_data
FileNotFoundError: [Errno 2] No such file or directory: '/leonardo/home/userexternal/mmarcel3/CRAB.OLD/data/leonardo/2025-10-02_20-36-19-140567/./src/crab/core/wl_manager/slurm.py'
srun: error: lrdn3365: task 3: Exited with exit code 1
srun: error: lrdn3361: task 0: Exited with exit code 1
