Loading openmpi/4.1.6--gcc--12.2.0-cuda-12.2
  Loading requirement: glibc/2.28--gcc--12.2.0-gi6mmti
    gcc-runtime/12.2.0--gcc--12.2.0-dqfwf7y numactl/2.0.14--gcc--12.2.0-cxzp4ci
    bzip2/1.0.8-ib3znej libiconv/1.17-nhc3mhm xz/5.4.6-xxxg42c
    zlib-ng/2.1.6-jkgunjc libxml2/2.10.3-zbbe7lm ncurses/6.5-svfl57u
    pigz/2.8-5bwzpml zstd/1.5.6-uq5yyux tar/1.34-jgektnv gettext/0.22.5-hsxgafg
    krb5/1.20.1-n4kmebh libedit/3.1-20230828-nme7boz libxcrypt/4.4.35-7om46b5
    openssh/9.7p1-tk2b5yv
--- [WORKER MODE DETECTED] Work dir: ./data/leonardo/2025-10-06_16-13-54-811620 ---
--- [WORKER] Environment loaded. Starting engine. ---
--- [WORKER] Engine running in WORKER mode. ---
--- [WORKER] Working directory is: ./data/leonardo/2025-10-06_16-13-54-811620 ---
--- [WORKER] Allocating nodes provided by SLURM... ---
Split list: [50.0, 50.0]
Split_a: 4
Splits: [4, 4]

Running Benchmarks...
 Run 1:
[DEBUG]: Node List is: ['lrdn3439', 'lrdn3441', 'lrdn3444', 'lrdn3446']
[DEBUG]: Detected CRAB_SYSTEM=leonardo. Adding SLURM option: --partition=boost_usr_prod
[DEBUG]: SLURM command is: srun --export=ALL --exclusive --partition=boost_usr_prod --nodelist lrdn3439,lrdn3441,lrdn3444,lrdn3446 --cpu-bind=socket -n 4 -N 4 bash -c '
        echo "[BASH WRAPPER] Loading modules on node $(hostname)..." >&2
        module purge >&2
        module load openmpi >&2
        echo "[BASH WRAPPER] Modules loaded:" >&2
        module list >&2
        echo "[BASH WRAPPER] Executing command: /leonardo/home/userexternal/mmarcel3/crab/benchmarks/blink/bin/ardc_b -msgsize 33554432 -iter 500 -maxsamples 500" >&2
        /leonardo/home/userexternal/mmarcel3/crab/benchmarks/blink/bin/ardc_b -msgsize 33554432 -iter 500 -maxsamples 500
        '
[DEBUG]: Node List is: ['lrdn3440', 'lrdn3443', 'lrdn3445', 'lrdn3451']
[DEBUG]: Detected CRAB_SYSTEM=leonardo. Adding SLURM option: --partition=boost_usr_prod
[DEBUG]: SLURM command is: srun --export=ALL --exclusive --partition=boost_usr_prod --nodelist lrdn3440,lrdn3443,lrdn3445,lrdn3451 --cpu-bind=socket -n 4 -N 4 bash -c '
        echo "[BASH WRAPPER] Loading modules on node $(hostname)..." >&2
        module purge >&2
        module load openmpi >&2
        echo "[BASH WRAPPER] Modules loaded:" >&2
        module list >&2
        echo "[BASH WRAPPER] Executing command: /leonardo/home/userexternal/mmarcel3/crab/benchmarks/blink/bin/a2a_b -msgsize 33554432 -iter 999999" >&2
        /leonardo/home/userexternal/mmarcel3/crab/benchmarks/blink/bin/a2a_b -msgsize 33554432 -iter 999999
        '
[INFO] Application 1 was intentionally terminated (exit code: -9). This is expected.
Ran 505 iterations. Measured 500 iterations.

Logging data...
Dati per App 0 salvati in: ./data/leonardo/2025-10-06_16-13-54-811620/data_app_0.csv
--- [WORKER] Engine run finished. ---
