Loading openmpi/4.1.6--gcc--12.2.0-cuda-12.2
  Loading requirement: glibc/2.28--gcc--12.2.0-gi6mmti
    gcc-runtime/12.2.0--gcc--12.2.0-dqfwf7y numactl/2.0.14--gcc--12.2.0-cxzp4ci
    bzip2/1.0.8-ib3znej libiconv/1.17-nhc3mhm xz/5.4.6-xxxg42c
    zlib-ng/2.1.6-jkgunjc libxml2/2.10.3-zbbe7lm ncurses/6.5-svfl57u
    pigz/2.8-5bwzpml zstd/1.5.6-uq5yyux tar/1.34-jgektnv gettext/0.22.5-hsxgafg
    krb5/1.20.1-n4kmebh libedit/3.1-20230828-nme7boz libxcrypt/4.4.35-7om46b5
    openssh/9.7p1-tk2b5yv
--- [WORKER MODE DETECTED] Work dir: ./data/leonardo/2025-10-08_10-56-58-649662 ---
--- [WORKER] Environment loaded. Starting engine. ---
--- [WORKER] Engine running in WORKER mode. ---
--- [WORKER] Working directory is: ./data/leonardo/2025-10-08_10-56-58-649662 ---
--- [WORKER] Allocating nodes provided by SLURM: lrdn[0001,0009,0015,0031,0046,0061,0070,0075,0101,0126,0130,0141,0152,0159,0165,0188] ---
Split list: [100.0]
Splits: [16]

Running Benchmarks...
 Run 1:
[DEBUG]: Node List is: ['lrdn0001', 'lrdn0009', 'lrdn0015', 'lrdn0031', 'lrdn0046', 'lrdn0061', 'lrdn0070', 'lrdn0075', 'lrdn0101', 'lrdn0126', 'lrdn0130', 'lrdn0141', 'lrdn0152', 'lrdn0159', 'lrdn0165', 'lrdn0188']
[DEBUG]: Detected CRAB_SYSTEM=leonardo. Adding SLURM option: --partition=boost_usr_prod
[DEBUG]: SLURM command is: srun --export=ALL --partition=boost_usr_prod --nodelist lrdn0001,lrdn0009,lrdn0015,lrdn0031,lrdn0046,lrdn0061,lrdn0070,lrdn0075,lrdn0101,lrdn0126,lrdn0130,lrdn0141,lrdn0152,lrdn0159,lrdn0165,lrdn0188 --cpu-bind=socket -n 16 -N 16 bash -c '
        module purge >&2
        module load openmpi >&2
        module list >&2
        /leonardo/home/userexternal/mmarcel3/crab/benchmarks/blink/bin/ardc_b -msgsize 131072 -iter 1000 -maxsamples 1000
        '
Ran 1005 iterations. Measured 1000 iterations.
--- [INFO] Run 1 completata in 4.9098 secondi ---
 Run 2:
[DEBUG]: Node List is: ['lrdn0001', 'lrdn0009', 'lrdn0015', 'lrdn0031', 'lrdn0046', 'lrdn0061', 'lrdn0070', 'lrdn0075', 'lrdn0101', 'lrdn0126', 'lrdn0130', 'lrdn0141', 'lrdn0152', 'lrdn0159', 'lrdn0165', 'lrdn0188']
[DEBUG]: Detected CRAB_SYSTEM=leonardo. Adding SLURM option: --partition=boost_usr_prod
[DEBUG]: SLURM command is: srun --export=ALL --partition=boost_usr_prod --nodelist lrdn0001,lrdn0009,lrdn0015,lrdn0031,lrdn0046,lrdn0061,lrdn0070,lrdn0075,lrdn0101,lrdn0126,lrdn0130,lrdn0141,lrdn0152,lrdn0159,lrdn0165,lrdn0188 --cpu-bind=socket -n 16 -N 16 bash -c '
        module purge >&2
        module load openmpi >&2
        module list >&2
        /leonardo/home/userexternal/mmarcel3/crab/benchmarks/blink/bin/ardc_b -msgsize 131072 -iter 1000 -maxsamples 1000
        '
Ran 1005 iterations. Measured 1000 iterations.
--- [INFO] Run 2 completata in 3.6705 secondi ---
 Run 3:
[DEBUG]: Node List is: ['lrdn0001', 'lrdn0009', 'lrdn0015', 'lrdn0031', 'lrdn0046', 'lrdn0061', 'lrdn0070', 'lrdn0075', 'lrdn0101', 'lrdn0126', 'lrdn0130', 'lrdn0141', 'lrdn0152', 'lrdn0159', 'lrdn0165', 'lrdn0188']
[DEBUG]: Detected CRAB_SYSTEM=leonardo. Adding SLURM option: --partition=boost_usr_prod
[DEBUG]: SLURM command is: srun --export=ALL --partition=boost_usr_prod --nodelist lrdn0001,lrdn0009,lrdn0015,lrdn0031,lrdn0046,lrdn0061,lrdn0070,lrdn0075,lrdn0101,lrdn0126,lrdn0130,lrdn0141,lrdn0152,lrdn0159,lrdn0165,lrdn0188 --cpu-bind=socket -n 16 -N 16 bash -c '
        module purge >&2
        module load openmpi >&2
        module list >&2
        /leonardo/home/userexternal/mmarcel3/crab/benchmarks/blink/bin/ardc_b -msgsize 131072 -iter 1000 -maxsamples 1000
        '
Ran 1005 iterations. Measured 1000 iterations.
--- [INFO] Run 3 completata in 4.2125 secondi ---
 Run 4:
[DEBUG]: Node List is: ['lrdn0001', 'lrdn0009', 'lrdn0015', 'lrdn0031', 'lrdn0046', 'lrdn0061', 'lrdn0070', 'lrdn0075', 'lrdn0101', 'lrdn0126', 'lrdn0130', 'lrdn0141', 'lrdn0152', 'lrdn0159', 'lrdn0165', 'lrdn0188']
[DEBUG]: Detected CRAB_SYSTEM=leonardo. Adding SLURM option: --partition=boost_usr_prod
[DEBUG]: SLURM command is: srun --export=ALL --partition=boost_usr_prod --nodelist lrdn0001,lrdn0009,lrdn0015,lrdn0031,lrdn0046,lrdn0061,lrdn0070,lrdn0075,lrdn0101,lrdn0126,lrdn0130,lrdn0141,lrdn0152,lrdn0159,lrdn0165,lrdn0188 --cpu-bind=socket -n 16 -N 16 bash -c '
        module purge >&2
        module load openmpi >&2
        module list >&2
        /leonardo/home/userexternal/mmarcel3/crab/benchmarks/blink/bin/ardc_b -msgsize 131072 -iter 1000 -maxsamples 1000
        '
Ran 1005 iterations. Measured 1000 iterations.
--- [INFO] Run 4 completata in 3.6217 secondi ---
 Run 5:
[DEBUG]: Node List is: ['lrdn0001', 'lrdn0009', 'lrdn0015', 'lrdn0031', 'lrdn0046', 'lrdn0061', 'lrdn0070', 'lrdn0075', 'lrdn0101', 'lrdn0126', 'lrdn0130', 'lrdn0141', 'lrdn0152', 'lrdn0159', 'lrdn0165', 'lrdn0188']
[DEBUG]: Detected CRAB_SYSTEM=leonardo. Adding SLURM option: --partition=boost_usr_prod
[DEBUG]: SLURM command is: srun --export=ALL --partition=boost_usr_prod --nodelist lrdn0001,lrdn0009,lrdn0015,lrdn0031,lrdn0046,lrdn0061,lrdn0070,lrdn0075,lrdn0101,lrdn0126,lrdn0130,lrdn0141,lrdn0152,lrdn0159,lrdn0165,lrdn0188 --cpu-bind=socket -n 16 -N 16 bash -c '
        module purge >&2
        module load openmpi >&2
        module list >&2
        /leonardo/home/userexternal/mmarcel3/crab/benchmarks/blink/bin/ardc_b -msgsize 131072 -iter 1000 -maxsamples 1000
        '
Ran 1005 iterations. Measured 1000 iterations.
--- [INFO] Run 5 completata in 3.4201 secondi ---

Logging data...
Dati per App 0 salvati in: ./data/leonardo/2025-10-08_10-56-58-649662/data_app_0.csv
--- [WORKER] Engine run finished. ---
