[WORKER FATAL ERROR] Application 0 failed with exit code -9. Stderr: srun: Job 21046775 step creation temporarily disabled, retrying (Requested nodes are busy)
srun: Job 21046775 step creation still disabled, retrying (Requested nodes are busy)
srun: Job 21046775 step creation still disabled, retrying (Requested nodes are busy)
srun: Job 21046775 step creation still disabled, retrying (Requested nodes are busy)
srun: Job 21046775 step creation still disabled, retrying (Requested nodes are busy)

Traceback (most recent call last):
  File "/leonardo/home/userexternal/mmarcel3/CRAB.OLD/src/crab/cli/orchestrator.py", line 67, in run_from_cli
    engine.run(
  File "/leonardo/home/userexternal/mmarcel3/CRAB.OLD/src/crab/core/engine.py", line 240, in run
    self._run_worker(config, environment)
  File "/leonardo/home/userexternal/mmarcel3/CRAB.OLD/src/crab/core/engine.py", line 465, in _run_worker
    raise Exception(f"Application {app.id_num} failed with exit code {app.process.returncode}. Stderr: {app.stderr}")
Exception: Application 0 failed with exit code -9. Stderr: srun: Job 21046775 step creation temporarily disabled, retrying (Requested nodes are busy)
srun: Job 21046775 step creation still disabled, retrying (Requested nodes are busy)
srun: Job 21046775 step creation still disabled, retrying (Requested nodes are busy)
srun: Job 21046775 step creation still disabled, retrying (Requested nodes are busy)
srun: Job 21046775 step creation still disabled, retrying (Requested nodes are busy)

[WORKER FATAL ERROR] Application 0 failed with exit code -9. Stderr: srun: Job 21046775 step creation temporarily disabled, retrying (Requested nodes are busy)
srun: Job 21046775 step creation still disabled, retrying (Requested nodes are busy)
srun: Job 21046775 step creation still disabled, retrying (Requested nodes are busy)
srun: Job 21046775 step creation still disabled, retrying (Requested nodes are busy)
srun: Job 21046775 step creation still disabled, retrying (Requested nodes are busy)

Traceback (most recent call last):
  File "/leonardo/home/userexternal/mmarcel3/CRAB.OLD/src/crab/cli/orchestrator.py", line 67, in run_from_cli
    engine.run(
  File "/leonardo/home/userexternal/mmarcel3/CRAB.OLD/src/crab/core/engine.py", line 240, in run
    self._run_worker(config, environment)
  File "/leonardo/home/userexternal/mmarcel3/CRAB.OLD/src/crab/core/engine.py", line 465, in _run_worker
    raise Exception(f"Application {app.id_num} failed with exit code {app.process.returncode}. Stderr: {app.stderr}")
Exception: Application 0 failed with exit code -9. Stderr: srun: Job 21046775 step creation temporarily disabled, retrying (Requested nodes are busy)
srun: Job 21046775 step creation still disabled, retrying (Requested nodes are busy)
srun: Job 21046775 step creation still disabled, retrying (Requested nodes are busy)
srun: Job 21046775 step creation still disabled, retrying (Requested nodes are busy)
srun: Job 21046775 step creation still disabled, retrying (Requested nodes are busy)

[WORKER FATAL ERROR] Application 0 failed with exit code -9. Stderr: srun: Job 21046775 step creation temporarily disabled, retrying (Requested nodes are busy)
srun: Job 21046775 step creation still disabled, retrying (Requested nodes are busy)
srun: Job 21046775 step creation still disabled, retrying (Requested nodes are busy)
srun: Job 21046775 step creation still disabled, retrying (Requested nodes are busy)
srun: Job 21046775 step creation still disabled, retrying (Requested nodes are busy)

Traceback (most recent call last):
  File "/leonardo/home/userexternal/mmarcel3/CRAB.OLD/src/crab/cli/orchestrator.py", line 67, in run_from_cli
    engine.run(
  File "/leonardo/home/userexternal/mmarcel3/CRAB.OLD/src/crab/core/engine.py", line 240, in run
    self._run_worker(config, environment)
  File "/leonardo/home/userexternal/mmarcel3/CRAB.OLD/src/crab/core/engine.py", line 465, in _run_worker
    raise Exception(f"Application {app.id_num} failed with exit code {app.process.returncode}. Stderr: {app.stderr}")
Exception: Application 0 failed with exit code -9. Stderr: srun: Job 21046775 step creation temporarily disabled, retrying (Requested nodes are busy)
srun: Job 21046775 step creation still disabled, retrying (Requested nodes are busy)
srun: Job 21046775 step creation still disabled, retrying (Requested nodes are busy)
srun: Job 21046775 step creation still disabled, retrying (Requested nodes are busy)
srun: Job 21046775 step creation still disabled, retrying (Requested nodes are busy)

[WORKER FATAL ERROR] Application 0 failed with exit code -9. Stderr: srun: Job 21046775 step creation temporarily disabled, retrying (Requested nodes are busy)
srun: Job 21046775 step creation still disabled, retrying (Requested nodes are busy)
srun: Job 21046775 step creation still disabled, retrying (Requested nodes are busy)
srun: Job 21046775 step creation still disabled, retrying (Requested nodes are busy)
srun: Job 21046775 step creation still disabled, retrying (Requested nodes are busy)

Traceback (most recent call last):
  File "/leonardo/home/userexternal/mmarcel3/CRAB.OLD/src/crab/cli/orchestrator.py", line 67, in run_from_cli
    engine.run(
  File "/leonardo/home/userexternal/mmarcel3/CRAB.OLD/src/crab/core/engine.py", line 240, in run
    self._run_worker(config, environment)
  File "/leonardo/home/userexternal/mmarcel3/CRAB.OLD/src/crab/core/engine.py", line 465, in _run_worker
    raise Exception(f"Application {app.id_num} failed with exit code {app.process.returncode}. Stderr: {app.stderr}")
Exception: Application 0 failed with exit code -9. Stderr: srun: Job 21046775 step creation temporarily disabled, retrying (Requested nodes are busy)
srun: Job 21046775 step creation still disabled, retrying (Requested nodes are busy)
srun: Job 21046775 step creation still disabled, retrying (Requested nodes are busy)
srun: Job 21046775 step creation still disabled, retrying (Requested nodes are busy)
srun: Job 21046775 step creation still disabled, retrying (Requested nodes are busy)

srun: error: lrdn3364: task 2: Exited with exit code 1
srun: error: lrdn3365: task 3: Exited with exit code 1
srun: error: lrdn3363: task 1: Exited with exit code 1
srun: error: lrdn3361: task 0: Exited with exit code 1
