Loading openmpi/4.1.6--gcc--12.2.0-cuda-12.2
  Loading requirement: glibc/2.28--gcc--12.2.0-gi6mmti
    gcc-runtime/12.2.0--gcc--12.2.0-dqfwf7y numactl/2.0.14--gcc--12.2.0-cxzp4ci
    bzip2/1.0.8-ib3znej libiconv/1.17-nhc3mhm xz/5.4.6-xxxg42c
    zlib-ng/2.1.6-jkgunjc libxml2/2.10.3-zbbe7lm ncurses/6.5-svfl57u
    pigz/2.8-5bwzpml zstd/1.5.6-uq5yyux tar/1.34-jgektnv gettext/0.22.5-hsxgafg
    krb5/1.20.1-n4kmebh libedit/3.1-20230828-nme7boz libxcrypt/4.4.35-7om46b5
    openssh/9.7p1-tk2b5yv
--- [WORKER MODE DETECTED] Work dir: ./data/leonardo/2025-10-07_19-00-13-839103 ---
--- [WORKER] Environment loaded. Starting engine. ---
--- [WORKER] Engine running in WORKER mode. ---
--- [WORKER] Working directory is: ./data/leonardo/2025-10-07_19-00-13-839103 ---
--- [WORKER] Allocating nodes provided by SLURM: lrdn[0001,0010,0015,0031,0046,0049,0061,0070,0075,0099,0112,0126,0129,0136,0151,0159,0165,0190,0196,0242,0252,0268,0271,0287,0291,0314,0317,0327,0336,0345,0360,0364] ---
Split list: [25.0, 75.0]
Split_a: 8
Splits: [8, 24]

Running Benchmarks...
 Run 1:
[DEBUG]: Node List is: ['lrdn0010', 'lrdn0031', 'lrdn0049', 'lrdn0070', 'lrdn0099', 'lrdn0126', 'lrdn0136', 'lrdn0159', 'lrdn0165', 'lrdn0190', 'lrdn0196', 'lrdn0242', 'lrdn0252', 'lrdn0268', 'lrdn0271', 'lrdn0287', 'lrdn0291', 'lrdn0314', 'lrdn0317', 'lrdn0327', 'lrdn0336', 'lrdn0345', 'lrdn0360', 'lrdn0364']
[DEBUG]: Detected CRAB_SYSTEM=leonardo. Adding SLURM option: --partition=boost_usr_prod
[DEBUG]: SLURM command is: srun --export=ALL --partition=boost_usr_prod --nodelist lrdn0010,lrdn0031,lrdn0049,lrdn0070,lrdn0099,lrdn0126,lrdn0136,lrdn0159,lrdn0165,lrdn0190,lrdn0196,lrdn0242,lrdn0252,lrdn0268,lrdn0271,lrdn0287,lrdn0291,lrdn0314,lrdn0317,lrdn0327,lrdn0336,lrdn0345,lrdn0360,lrdn0364 --cpu-bind=socket -n 24 -N 24 bash -c '
        module purge >&2
        module load openmpi >&2
        module list >&2
        /leonardo/home/userexternal/mmarcel3/crab/benchmarks/blink/bin/a2a_b -msgsize 16777216 -iter 999999
        '
[DEBUG]: Node List is: ['lrdn0001', 'lrdn0015', 'lrdn0046', 'lrdn0061', 'lrdn0075', 'lrdn0112', 'lrdn0129', 'lrdn0151']
[DEBUG]: Detected CRAB_SYSTEM=leonardo. Adding SLURM option: --partition=boost_usr_prod
[DEBUG]: SLURM command is: srun --export=ALL --partition=boost_usr_prod --nodelist lrdn0001,lrdn0015,lrdn0046,lrdn0061,lrdn0075,lrdn0112,lrdn0129,lrdn0151 --cpu-bind=socket -n 8 -N 8 bash -c '
        module purge >&2
        module load openmpi >&2
        module list >&2
        /leonardo/home/userexternal/mmarcel3/crab/benchmarks/blink/bin/ardc_b -msgsize 131072 -iter 100 -maxsamples 100
        '
[INFO] Application 1 was intentionally terminated (exit code: -9). This is expected.
Ran 105 iterations. Measured 100 iterations.
--- [INFO] Run 1 completata in 7.5712 secondi ---
 Run 2:
[DEBUG]: Node List is: ['lrdn0010', 'lrdn0031', 'lrdn0049', 'lrdn0070', 'lrdn0099', 'lrdn0126', 'lrdn0136', 'lrdn0159', 'lrdn0165', 'lrdn0190', 'lrdn0196', 'lrdn0242', 'lrdn0252', 'lrdn0268', 'lrdn0271', 'lrdn0287', 'lrdn0291', 'lrdn0314', 'lrdn0317', 'lrdn0327', 'lrdn0336', 'lrdn0345', 'lrdn0360', 'lrdn0364']
[DEBUG]: Detected CRAB_SYSTEM=leonardo. Adding SLURM option: --partition=boost_usr_prod
[DEBUG]: SLURM command is: srun --export=ALL --partition=boost_usr_prod --nodelist lrdn0010,lrdn0031,lrdn0049,lrdn0070,lrdn0099,lrdn0126,lrdn0136,lrdn0159,lrdn0165,lrdn0190,lrdn0196,lrdn0242,lrdn0252,lrdn0268,lrdn0271,lrdn0287,lrdn0291,lrdn0314,lrdn0317,lrdn0327,lrdn0336,lrdn0345,lrdn0360,lrdn0364 --cpu-bind=socket -n 24 -N 24 bash -c '
        module purge >&2
        module load openmpi >&2
        module list >&2
        /leonardo/home/userexternal/mmarcel3/crab/benchmarks/blink/bin/a2a_b -msgsize 16777216 -iter 999999
        '
[DEBUG]: Node List is: ['lrdn0001', 'lrdn0015', 'lrdn0046', 'lrdn0061', 'lrdn0075', 'lrdn0112', 'lrdn0129', 'lrdn0151']
[DEBUG]: Detected CRAB_SYSTEM=leonardo. Adding SLURM option: --partition=boost_usr_prod
[DEBUG]: SLURM command is: srun --export=ALL --partition=boost_usr_prod --nodelist lrdn0001,lrdn0015,lrdn0046,lrdn0061,lrdn0075,lrdn0112,lrdn0129,lrdn0151 --cpu-bind=socket -n 8 -N 8 bash -c '
        module purge >&2
        module load openmpi >&2
        module list >&2
        /leonardo/home/userexternal/mmarcel3/crab/benchmarks/blink/bin/ardc_b -msgsize 131072 -iter 100 -maxsamples 100
        '
[INFO] Application 1 was intentionally terminated (exit code: -9). This is expected.
Ran 105 iterations. Measured 100 iterations.
--- [INFO] Run 2 completata in 7.5603 secondi ---
 Run 3:
[DEBUG]: Node List is: ['lrdn0010', 'lrdn0031', 'lrdn0049', 'lrdn0070', 'lrdn0099', 'lrdn0126', 'lrdn0136', 'lrdn0159', 'lrdn0165', 'lrdn0190', 'lrdn0196', 'lrdn0242', 'lrdn0252', 'lrdn0268', 'lrdn0271', 'lrdn0287', 'lrdn0291', 'lrdn0314', 'lrdn0317', 'lrdn0327', 'lrdn0336', 'lrdn0345', 'lrdn0360', 'lrdn0364']
[DEBUG]: Detected CRAB_SYSTEM=leonardo. Adding SLURM option: --partition=boost_usr_prod
[DEBUG]: SLURM command is: srun --export=ALL --partition=boost_usr_prod --nodelist lrdn0010,lrdn0031,lrdn0049,lrdn0070,lrdn0099,lrdn0126,lrdn0136,lrdn0159,lrdn0165,lrdn0190,lrdn0196,lrdn0242,lrdn0252,lrdn0268,lrdn0271,lrdn0287,lrdn0291,lrdn0314,lrdn0317,lrdn0327,lrdn0336,lrdn0345,lrdn0360,lrdn0364 --cpu-bind=socket -n 24 -N 24 bash -c '
        module purge >&2
        module load openmpi >&2
        module list >&2
        /leonardo/home/userexternal/mmarcel3/crab/benchmarks/blink/bin/a2a_b -msgsize 16777216 -iter 999999
        '
[DEBUG]: Node List is: ['lrdn0001', 'lrdn0015', 'lrdn0046', 'lrdn0061', 'lrdn0075', 'lrdn0112', 'lrdn0129', 'lrdn0151']
[DEBUG]: Detected CRAB_SYSTEM=leonardo. Adding SLURM option: --partition=boost_usr_prod
[DEBUG]: SLURM command is: srun --export=ALL --partition=boost_usr_prod --nodelist lrdn0001,lrdn0015,lrdn0046,lrdn0061,lrdn0075,lrdn0112,lrdn0129,lrdn0151 --cpu-bind=socket -n 8 -N 8 bash -c '
        module purge >&2
        module load openmpi >&2
        module list >&2
        /leonardo/home/userexternal/mmarcel3/crab/benchmarks/blink/bin/ardc_b -msgsize 131072 -iter 100 -maxsamples 100
        '
[INFO] Application 1 was intentionally terminated (exit code: -9). This is expected.
Ran 105 iterations. Measured 100 iterations.
--- [INFO] Run 3 completata in 7.6204 secondi ---
 Run 4:
[DEBUG]: Node List is: ['lrdn0010', 'lrdn0031', 'lrdn0049', 'lrdn0070', 'lrdn0099', 'lrdn0126', 'lrdn0136', 'lrdn0159', 'lrdn0165', 'lrdn0190', 'lrdn0196', 'lrdn0242', 'lrdn0252', 'lrdn0268', 'lrdn0271', 'lrdn0287', 'lrdn0291', 'lrdn0314', 'lrdn0317', 'lrdn0327', 'lrdn0336', 'lrdn0345', 'lrdn0360', 'lrdn0364']
[DEBUG]: Detected CRAB_SYSTEM=leonardo. Adding SLURM option: --partition=boost_usr_prod
[DEBUG]: SLURM command is: srun --export=ALL --partition=boost_usr_prod --nodelist lrdn0010,lrdn0031,lrdn0049,lrdn0070,lrdn0099,lrdn0126,lrdn0136,lrdn0159,lrdn0165,lrdn0190,lrdn0196,lrdn0242,lrdn0252,lrdn0268,lrdn0271,lrdn0287,lrdn0291,lrdn0314,lrdn0317,lrdn0327,lrdn0336,lrdn0345,lrdn0360,lrdn0364 --cpu-bind=socket -n 24 -N 24 bash -c '
        module purge >&2
        module load openmpi >&2
        module list >&2
        /leonardo/home/userexternal/mmarcel3/crab/benchmarks/blink/bin/a2a_b -msgsize 16777216 -iter 999999
        '
[DEBUG]: Node List is: ['lrdn0001', 'lrdn0015', 'lrdn0046', 'lrdn0061', 'lrdn0075', 'lrdn0112', 'lrdn0129', 'lrdn0151']
[DEBUG]: Detected CRAB_SYSTEM=leonardo. Adding SLURM option: --partition=boost_usr_prod
[DEBUG]: SLURM command is: srun --export=ALL --partition=boost_usr_prod --nodelist lrdn0001,lrdn0015,lrdn0046,lrdn0061,lrdn0075,lrdn0112,lrdn0129,lrdn0151 --cpu-bind=socket -n 8 -N 8 bash -c '
        module purge >&2
        module load openmpi >&2
        module list >&2
        /leonardo/home/userexternal/mmarcel3/crab/benchmarks/blink/bin/ardc_b -msgsize 131072 -iter 100 -maxsamples 100
        '
[INFO] Application 1 was intentionally terminated (exit code: -9). This is expected.
Ran 105 iterations. Measured 100 iterations.
--- [INFO] Run 4 completata in 7.5541 secondi ---
 Run 5:
[DEBUG]: Node List is: ['lrdn0010', 'lrdn0031', 'lrdn0049', 'lrdn0070', 'lrdn0099', 'lrdn0126', 'lrdn0136', 'lrdn0159', 'lrdn0165', 'lrdn0190', 'lrdn0196', 'lrdn0242', 'lrdn0252', 'lrdn0268', 'lrdn0271', 'lrdn0287', 'lrdn0291', 'lrdn0314', 'lrdn0317', 'lrdn0327', 'lrdn0336', 'lrdn0345', 'lrdn0360', 'lrdn0364']
[DEBUG]: Detected CRAB_SYSTEM=leonardo. Adding SLURM option: --partition=boost_usr_prod
[DEBUG]: SLURM command is: srun --export=ALL --partition=boost_usr_prod --nodelist lrdn0010,lrdn0031,lrdn0049,lrdn0070,lrdn0099,lrdn0126,lrdn0136,lrdn0159,lrdn0165,lrdn0190,lrdn0196,lrdn0242,lrdn0252,lrdn0268,lrdn0271,lrdn0287,lrdn0291,lrdn0314,lrdn0317,lrdn0327,lrdn0336,lrdn0345,lrdn0360,lrdn0364 --cpu-bind=socket -n 24 -N 24 bash -c '
        module purge >&2
        module load openmpi >&2
        module list >&2
        /leonardo/home/userexternal/mmarcel3/crab/benchmarks/blink/bin/a2a_b -msgsize 16777216 -iter 999999
        '
[DEBUG]: Node List is: ['lrdn0001', 'lrdn0015', 'lrdn0046', 'lrdn0061', 'lrdn0075', 'lrdn0112', 'lrdn0129', 'lrdn0151']
[DEBUG]: Detected CRAB_SYSTEM=leonardo. Adding SLURM option: --partition=boost_usr_prod
[DEBUG]: SLURM command is: srun --export=ALL --partition=boost_usr_prod --nodelist lrdn0001,lrdn0015,lrdn0046,lrdn0061,lrdn0075,lrdn0112,lrdn0129,lrdn0151 --cpu-bind=socket -n 8 -N 8 bash -c '
        module purge >&2
        module load openmpi >&2
        module list >&2
        /leonardo/home/userexternal/mmarcel3/crab/benchmarks/blink/bin/ardc_b -msgsize 131072 -iter 100 -maxsamples 100
        '
[INFO] Application 1 was intentionally terminated (exit code: -9). This is expected.
Ran 105 iterations. Measured 100 iterations.
--- [INFO] Run 5 completata in 7.5793 secondi ---
 Run 6:
[DEBUG]: Node List is: ['lrdn0010', 'lrdn0031', 'lrdn0049', 'lrdn0070', 'lrdn0099', 'lrdn0126', 'lrdn0136', 'lrdn0159', 'lrdn0165', 'lrdn0190', 'lrdn0196', 'lrdn0242', 'lrdn0252', 'lrdn0268', 'lrdn0271', 'lrdn0287', 'lrdn0291', 'lrdn0314', 'lrdn0317', 'lrdn0327', 'lrdn0336', 'lrdn0345', 'lrdn0360', 'lrdn0364']
[DEBUG]: Detected CRAB_SYSTEM=leonardo. Adding SLURM option: --partition=boost_usr_prod
[DEBUG]: SLURM command is: srun --export=ALL --partition=boost_usr_prod --nodelist lrdn0010,lrdn0031,lrdn0049,lrdn0070,lrdn0099,lrdn0126,lrdn0136,lrdn0159,lrdn0165,lrdn0190,lrdn0196,lrdn0242,lrdn0252,lrdn0268,lrdn0271,lrdn0287,lrdn0291,lrdn0314,lrdn0317,lrdn0327,lrdn0336,lrdn0345,lrdn0360,lrdn0364 --cpu-bind=socket -n 24 -N 24 bash -c '
        module purge >&2
        module load openmpi >&2
        module list >&2
        /leonardo/home/userexternal/mmarcel3/crab/benchmarks/blink/bin/a2a_b -msgsize 16777216 -iter 999999
        '
[DEBUG]: Node List is: ['lrdn0001', 'lrdn0015', 'lrdn0046', 'lrdn0061', 'lrdn0075', 'lrdn0112', 'lrdn0129', 'lrdn0151']
[DEBUG]: Detected CRAB_SYSTEM=leonardo. Adding SLURM option: --partition=boost_usr_prod
[DEBUG]: SLURM command is: srun --export=ALL --partition=boost_usr_prod --nodelist lrdn0001,lrdn0015,lrdn0046,lrdn0061,lrdn0075,lrdn0112,lrdn0129,lrdn0151 --cpu-bind=socket -n 8 -N 8 bash -c '
        module purge >&2
        module load openmpi >&2
        module list >&2
        /leonardo/home/userexternal/mmarcel3/crab/benchmarks/blink/bin/ardc_b -msgsize 131072 -iter 100 -maxsamples 100
        '
[INFO] Application 1 was intentionally terminated (exit code: -9). This is expected.
Ran 105 iterations. Measured 100 iterations.
--- [INFO] Run 6 completata in 7.5592 secondi ---
 Run 7:
[DEBUG]: Node List is: ['lrdn0010', 'lrdn0031', 'lrdn0049', 'lrdn0070', 'lrdn0099', 'lrdn0126', 'lrdn0136', 'lrdn0159', 'lrdn0165', 'lrdn0190', 'lrdn0196', 'lrdn0242', 'lrdn0252', 'lrdn0268', 'lrdn0271', 'lrdn0287', 'lrdn0291', 'lrdn0314', 'lrdn0317', 'lrdn0327', 'lrdn0336', 'lrdn0345', 'lrdn0360', 'lrdn0364']
[DEBUG]: Detected CRAB_SYSTEM=leonardo. Adding SLURM option: --partition=boost_usr_prod
[DEBUG]: SLURM command is: srun --export=ALL --partition=boost_usr_prod --nodelist lrdn0010,lrdn0031,lrdn0049,lrdn0070,lrdn0099,lrdn0126,lrdn0136,lrdn0159,lrdn0165,lrdn0190,lrdn0196,lrdn0242,lrdn0252,lrdn0268,lrdn0271,lrdn0287,lrdn0291,lrdn0314,lrdn0317,lrdn0327,lrdn0336,lrdn0345,lrdn0360,lrdn0364 --cpu-bind=socket -n 24 -N 24 bash -c '
        module purge >&2
        module load openmpi >&2
        module list >&2
        /leonardo/home/userexternal/mmarcel3/crab/benchmarks/blink/bin/a2a_b -msgsize 16777216 -iter 999999
        '
[DEBUG]: Node List is: ['lrdn0001', 'lrdn0015', 'lrdn0046', 'lrdn0061', 'lrdn0075', 'lrdn0112', 'lrdn0129', 'lrdn0151']
[DEBUG]: Detected CRAB_SYSTEM=leonardo. Adding SLURM option: --partition=boost_usr_prod
[DEBUG]: SLURM command is: srun --export=ALL --partition=boost_usr_prod --nodelist lrdn0001,lrdn0015,lrdn0046,lrdn0061,lrdn0075,lrdn0112,lrdn0129,lrdn0151 --cpu-bind=socket -n 8 -N 8 bash -c '
        module purge >&2
        module load openmpi >&2
        module list >&2
        /leonardo/home/userexternal/mmarcel3/crab/benchmarks/blink/bin/ardc_b -msgsize 131072 -iter 100 -maxsamples 100
        '
[INFO] Application 1 was intentionally terminated (exit code: -9). This is expected.
Ran 105 iterations. Measured 100 iterations.
--- [INFO] Run 7 completata in 7.6196 secondi ---
 Run 8:
[DEBUG]: Node List is: ['lrdn0010', 'lrdn0031', 'lrdn0049', 'lrdn0070', 'lrdn0099', 'lrdn0126', 'lrdn0136', 'lrdn0159', 'lrdn0165', 'lrdn0190', 'lrdn0196', 'lrdn0242', 'lrdn0252', 'lrdn0268', 'lrdn0271', 'lrdn0287', 'lrdn0291', 'lrdn0314', 'lrdn0317', 'lrdn0327', 'lrdn0336', 'lrdn0345', 'lrdn0360', 'lrdn0364']
[DEBUG]: Detected CRAB_SYSTEM=leonardo. Adding SLURM option: --partition=boost_usr_prod
[DEBUG]: SLURM command is: srun --export=ALL --partition=boost_usr_prod --nodelist lrdn0010,lrdn0031,lrdn0049,lrdn0070,lrdn0099,lrdn0126,lrdn0136,lrdn0159,lrdn0165,lrdn0190,lrdn0196,lrdn0242,lrdn0252,lrdn0268,lrdn0271,lrdn0287,lrdn0291,lrdn0314,lrdn0317,lrdn0327,lrdn0336,lrdn0345,lrdn0360,lrdn0364 --cpu-bind=socket -n 24 -N 24 bash -c '
        module purge >&2
        module load openmpi >&2
        module list >&2
        /leonardo/home/userexternal/mmarcel3/crab/benchmarks/blink/bin/a2a_b -msgsize 16777216 -iter 999999
        '
[DEBUG]: Node List is: ['lrdn0001', 'lrdn0015', 'lrdn0046', 'lrdn0061', 'lrdn0075', 'lrdn0112', 'lrdn0129', 'lrdn0151']
[DEBUG]: Detected CRAB_SYSTEM=leonardo. Adding SLURM option: --partition=boost_usr_prod
[DEBUG]: SLURM command is: srun --export=ALL --partition=boost_usr_prod --nodelist lrdn0001,lrdn0015,lrdn0046,lrdn0061,lrdn0075,lrdn0112,lrdn0129,lrdn0151 --cpu-bind=socket -n 8 -N 8 bash -c '
        module purge >&2
        module load openmpi >&2
        module list >&2
        /leonardo/home/userexternal/mmarcel3/crab/benchmarks/blink/bin/ardc_b -msgsize 131072 -iter 100 -maxsamples 100
        '
[INFO] Application 1 was intentionally terminated (exit code: -9). This is expected.
Ran 105 iterations. Measured 100 iterations.
--- [INFO] Run 8 completata in 7.9140 secondi ---
 Run 9:
[DEBUG]: Node List is: ['lrdn0010', 'lrdn0031', 'lrdn0049', 'lrdn0070', 'lrdn0099', 'lrdn0126', 'lrdn0136', 'lrdn0159', 'lrdn0165', 'lrdn0190', 'lrdn0196', 'lrdn0242', 'lrdn0252', 'lrdn0268', 'lrdn0271', 'lrdn0287', 'lrdn0291', 'lrdn0314', 'lrdn0317', 'lrdn0327', 'lrdn0336', 'lrdn0345', 'lrdn0360', 'lrdn0364']
[DEBUG]: Detected CRAB_SYSTEM=leonardo. Adding SLURM option: --partition=boost_usr_prod
[DEBUG]: SLURM command is: srun --export=ALL --partition=boost_usr_prod --nodelist lrdn0010,lrdn0031,lrdn0049,lrdn0070,lrdn0099,lrdn0126,lrdn0136,lrdn0159,lrdn0165,lrdn0190,lrdn0196,lrdn0242,lrdn0252,lrdn0268,lrdn0271,lrdn0287,lrdn0291,lrdn0314,lrdn0317,lrdn0327,lrdn0336,lrdn0345,lrdn0360,lrdn0364 --cpu-bind=socket -n 24 -N 24 bash -c '
        module purge >&2
        module load openmpi >&2
        module list >&2
        /leonardo/home/userexternal/mmarcel3/crab/benchmarks/blink/bin/a2a_b -msgsize 16777216 -iter 999999
        '
[DEBUG]: Node List is: ['lrdn0001', 'lrdn0015', 'lrdn0046', 'lrdn0061', 'lrdn0075', 'lrdn0112', 'lrdn0129', 'lrdn0151']
[DEBUG]: Detected CRAB_SYSTEM=leonardo. Adding SLURM option: --partition=boost_usr_prod
[DEBUG]: SLURM command is: srun --export=ALL --partition=boost_usr_prod --nodelist lrdn0001,lrdn0015,lrdn0046,lrdn0061,lrdn0075,lrdn0112,lrdn0129,lrdn0151 --cpu-bind=socket -n 8 -N 8 bash -c '
        module purge >&2
        module load openmpi >&2
        module list >&2
        /leonardo/home/userexternal/mmarcel3/crab/benchmarks/blink/bin/ardc_b -msgsize 131072 -iter 100 -maxsamples 100
        '
[INFO] Application 1 was intentionally terminated (exit code: -9). This is expected.
Ran 105 iterations. Measured 100 iterations.
--- [INFO] Run 9 completata in 7.5300 secondi ---
 Run 10:
[DEBUG]: Node List is: ['lrdn0010', 'lrdn0031', 'lrdn0049', 'lrdn0070', 'lrdn0099', 'lrdn0126', 'lrdn0136', 'lrdn0159', 'lrdn0165', 'lrdn0190', 'lrdn0196', 'lrdn0242', 'lrdn0252', 'lrdn0268', 'lrdn0271', 'lrdn0287', 'lrdn0291', 'lrdn0314', 'lrdn0317', 'lrdn0327', 'lrdn0336', 'lrdn0345', 'lrdn0360', 'lrdn0364']
[DEBUG]: Detected CRAB_SYSTEM=leonardo. Adding SLURM option: --partition=boost_usr_prod
[DEBUG]: SLURM command is: srun --export=ALL --partition=boost_usr_prod --nodelist lrdn0010,lrdn0031,lrdn0049,lrdn0070,lrdn0099,lrdn0126,lrdn0136,lrdn0159,lrdn0165,lrdn0190,lrdn0196,lrdn0242,lrdn0252,lrdn0268,lrdn0271,lrdn0287,lrdn0291,lrdn0314,lrdn0317,lrdn0327,lrdn0336,lrdn0345,lrdn0360,lrdn0364 --cpu-bind=socket -n 24 -N 24 bash -c '
        module purge >&2
        module load openmpi >&2
        module list >&2
        /leonardo/home/userexternal/mmarcel3/crab/benchmarks/blink/bin/a2a_b -msgsize 16777216 -iter 999999
        '
[DEBUG]: Node List is: ['lrdn0001', 'lrdn0015', 'lrdn0046', 'lrdn0061', 'lrdn0075', 'lrdn0112', 'lrdn0129', 'lrdn0151']
[DEBUG]: Detected CRAB_SYSTEM=leonardo. Adding SLURM option: --partition=boost_usr_prod
[DEBUG]: SLURM command is: srun --export=ALL --partition=boost_usr_prod --nodelist lrdn0001,lrdn0015,lrdn0046,lrdn0061,lrdn0075,lrdn0112,lrdn0129,lrdn0151 --cpu-bind=socket -n 8 -N 8 bash -c '
        module purge >&2
        module load openmpi >&2
        module list >&2
        /leonardo/home/userexternal/mmarcel3/crab/benchmarks/blink/bin/ardc_b -msgsize 131072 -iter 100 -maxsamples 100
        '
[INFO] Application 1 was intentionally terminated (exit code: -9). This is expected.
Ran 105 iterations. Measured 100 iterations.
--- [INFO] Run 10 completata in 7.5235 secondi ---
 Run 11:
[DEBUG]: Node List is: ['lrdn0010', 'lrdn0031', 'lrdn0049', 'lrdn0070', 'lrdn0099', 'lrdn0126', 'lrdn0136', 'lrdn0159', 'lrdn0165', 'lrdn0190', 'lrdn0196', 'lrdn0242', 'lrdn0252', 'lrdn0268', 'lrdn0271', 'lrdn0287', 'lrdn0291', 'lrdn0314', 'lrdn0317', 'lrdn0327', 'lrdn0336', 'lrdn0345', 'lrdn0360', 'lrdn0364']
[DEBUG]: Detected CRAB_SYSTEM=leonardo. Adding SLURM option: --partition=boost_usr_prod
[DEBUG]: SLURM command is: srun --export=ALL --partition=boost_usr_prod --nodelist lrdn0010,lrdn0031,lrdn0049,lrdn0070,lrdn0099,lrdn0126,lrdn0136,lrdn0159,lrdn0165,lrdn0190,lrdn0196,lrdn0242,lrdn0252,lrdn0268,lrdn0271,lrdn0287,lrdn0291,lrdn0314,lrdn0317,lrdn0327,lrdn0336,lrdn0345,lrdn0360,lrdn0364 --cpu-bind=socket -n 24 -N 24 bash -c '
        module purge >&2
        module load openmpi >&2
        module list >&2
        /leonardo/home/userexternal/mmarcel3/crab/benchmarks/blink/bin/a2a_b -msgsize 16777216 -iter 999999
        '
[DEBUG]: Node List is: ['lrdn0001', 'lrdn0015', 'lrdn0046', 'lrdn0061', 'lrdn0075', 'lrdn0112', 'lrdn0129', 'lrdn0151']
[DEBUG]: Detected CRAB_SYSTEM=leonardo. Adding SLURM option: --partition=boost_usr_prod
[DEBUG]: SLURM command is: srun --export=ALL --partition=boost_usr_prod --nodelist lrdn0001,lrdn0015,lrdn0046,lrdn0061,lrdn0075,lrdn0112,lrdn0129,lrdn0151 --cpu-bind=socket -n 8 -N 8 bash -c '
        module purge >&2
        module load openmpi >&2
        module list >&2
        /leonardo/home/userexternal/mmarcel3/crab/benchmarks/blink/bin/ardc_b -msgsize 131072 -iter 100 -maxsamples 100
        '
[INFO] Application 1 was intentionally terminated (exit code: -9). This is expected.
Ran 105 iterations. Measured 100 iterations.
--- [INFO] Run 11 completata in 7.5371 secondi ---
 Run 12:
[DEBUG]: Node List is: ['lrdn0010', 'lrdn0031', 'lrdn0049', 'lrdn0070', 'lrdn0099', 'lrdn0126', 'lrdn0136', 'lrdn0159', 'lrdn0165', 'lrdn0190', 'lrdn0196', 'lrdn0242', 'lrdn0252', 'lrdn0268', 'lrdn0271', 'lrdn0287', 'lrdn0291', 'lrdn0314', 'lrdn0317', 'lrdn0327', 'lrdn0336', 'lrdn0345', 'lrdn0360', 'lrdn0364']
[DEBUG]: Detected CRAB_SYSTEM=leonardo. Adding SLURM option: --partition=boost_usr_prod
[DEBUG]: SLURM command is: srun --export=ALL --partition=boost_usr_prod --nodelist lrdn0010,lrdn0031,lrdn0049,lrdn0070,lrdn0099,lrdn0126,lrdn0136,lrdn0159,lrdn0165,lrdn0190,lrdn0196,lrdn0242,lrdn0252,lrdn0268,lrdn0271,lrdn0287,lrdn0291,lrdn0314,lrdn0317,lrdn0327,lrdn0336,lrdn0345,lrdn0360,lrdn0364 --cpu-bind=socket -n 24 -N 24 bash -c '
        module purge >&2
        module load openmpi >&2
        module list >&2
        /leonardo/home/userexternal/mmarcel3/crab/benchmarks/blink/bin/a2a_b -msgsize 16777216 -iter 999999
        '
[DEBUG]: Node List is: ['lrdn0001', 'lrdn0015', 'lrdn0046', 'lrdn0061', 'lrdn0075', 'lrdn0112', 'lrdn0129', 'lrdn0151']
[DEBUG]: Detected CRAB_SYSTEM=leonardo. Adding SLURM option: --partition=boost_usr_prod
[DEBUG]: SLURM command is: srun --export=ALL --partition=boost_usr_prod --nodelist lrdn0001,lrdn0015,lrdn0046,lrdn0061,lrdn0075,lrdn0112,lrdn0129,lrdn0151 --cpu-bind=socket -n 8 -N 8 bash -c '
        module purge >&2
        module load openmpi >&2
        module list >&2
        /leonardo/home/userexternal/mmarcel3/crab/benchmarks/blink/bin/ardc_b -msgsize 131072 -iter 100 -maxsamples 100
        '
[INFO] Application 1 was intentionally terminated (exit code: -9). This is expected.
Ran 105 iterations. Measured 100 iterations.
--- [INFO] Run 12 completata in 7.5138 secondi ---
 Run 13:
[DEBUG]: Node List is: ['lrdn0010', 'lrdn0031', 'lrdn0049', 'lrdn0070', 'lrdn0099', 'lrdn0126', 'lrdn0136', 'lrdn0159', 'lrdn0165', 'lrdn0190', 'lrdn0196', 'lrdn0242', 'lrdn0252', 'lrdn0268', 'lrdn0271', 'lrdn0287', 'lrdn0291', 'lrdn0314', 'lrdn0317', 'lrdn0327', 'lrdn0336', 'lrdn0345', 'lrdn0360', 'lrdn0364']
[DEBUG]: Detected CRAB_SYSTEM=leonardo. Adding SLURM option: --partition=boost_usr_prod
[DEBUG]: SLURM command is: srun --export=ALL --partition=boost_usr_prod --nodelist lrdn0010,lrdn0031,lrdn0049,lrdn0070,lrdn0099,lrdn0126,lrdn0136,lrdn0159,lrdn0165,lrdn0190,lrdn0196,lrdn0242,lrdn0252,lrdn0268,lrdn0271,lrdn0287,lrdn0291,lrdn0314,lrdn0317,lrdn0327,lrdn0336,lrdn0345,lrdn0360,lrdn0364 --cpu-bind=socket -n 24 -N 24 bash -c '
        module purge >&2
        module load openmpi >&2
        module list >&2
        /leonardo/home/userexternal/mmarcel3/crab/benchmarks/blink/bin/a2a_b -msgsize 16777216 -iter 999999
        '
[DEBUG]: Node List is: ['lrdn0001', 'lrdn0015', 'lrdn0046', 'lrdn0061', 'lrdn0075', 'lrdn0112', 'lrdn0129', 'lrdn0151']
[DEBUG]: Detected CRAB_SYSTEM=leonardo. Adding SLURM option: --partition=boost_usr_prod
[DEBUG]: SLURM command is: srun --export=ALL --partition=boost_usr_prod --nodelist lrdn0001,lrdn0015,lrdn0046,lrdn0061,lrdn0075,lrdn0112,lrdn0129,lrdn0151 --cpu-bind=socket -n 8 -N 8 bash -c '
        module purge >&2
        module load openmpi >&2
        module list >&2
        /leonardo/home/userexternal/mmarcel3/crab/benchmarks/blink/bin/ardc_b -msgsize 131072 -iter 100 -maxsamples 100
        '
[INFO] Application 1 was intentionally terminated (exit code: -9). This is expected.
Ran 105 iterations. Measured 100 iterations.
--- [INFO] Run 13 completata in 7.5663 secondi ---
 Run 14:
[DEBUG]: Node List is: ['lrdn0010', 'lrdn0031', 'lrdn0049', 'lrdn0070', 'lrdn0099', 'lrdn0126', 'lrdn0136', 'lrdn0159', 'lrdn0165', 'lrdn0190', 'lrdn0196', 'lrdn0242', 'lrdn0252', 'lrdn0268', 'lrdn0271', 'lrdn0287', 'lrdn0291', 'lrdn0314', 'lrdn0317', 'lrdn0327', 'lrdn0336', 'lrdn0345', 'lrdn0360', 'lrdn0364']
[DEBUG]: Detected CRAB_SYSTEM=leonardo. Adding SLURM option: --partition=boost_usr_prod
[DEBUG]: SLURM command is: srun --export=ALL --partition=boost_usr_prod --nodelist lrdn0010,lrdn0031,lrdn0049,lrdn0070,lrdn0099,lrdn0126,lrdn0136,lrdn0159,lrdn0165,lrdn0190,lrdn0196,lrdn0242,lrdn0252,lrdn0268,lrdn0271,lrdn0287,lrdn0291,lrdn0314,lrdn0317,lrdn0327,lrdn0336,lrdn0345,lrdn0360,lrdn0364 --cpu-bind=socket -n 24 -N 24 bash -c '
        module purge >&2
        module load openmpi >&2
        module list >&2
        /leonardo/home/userexternal/mmarcel3/crab/benchmarks/blink/bin/a2a_b -msgsize 16777216 -iter 999999
        '
[DEBUG]: Node List is: ['lrdn0001', 'lrdn0015', 'lrdn0046', 'lrdn0061', 'lrdn0075', 'lrdn0112', 'lrdn0129', 'lrdn0151']
[DEBUG]: Detected CRAB_SYSTEM=leonardo. Adding SLURM option: --partition=boost_usr_prod
[DEBUG]: SLURM command is: srun --export=ALL --partition=boost_usr_prod --nodelist lrdn0001,lrdn0015,lrdn0046,lrdn0061,lrdn0075,lrdn0112,lrdn0129,lrdn0151 --cpu-bind=socket -n 8 -N 8 bash -c '
        module purge >&2
        module load openmpi >&2
        module list >&2
        /leonardo/home/userexternal/mmarcel3/crab/benchmarks/blink/bin/ardc_b -msgsize 131072 -iter 100 -maxsamples 100
        '
[INFO] Application 1 was intentionally terminated (exit code: -9). This is expected.
Ran 105 iterations. Measured 100 iterations.
--- [INFO] Run 14 completata in 7.5666 secondi ---
 Run 15:
[DEBUG]: Node List is: ['lrdn0010', 'lrdn0031', 'lrdn0049', 'lrdn0070', 'lrdn0099', 'lrdn0126', 'lrdn0136', 'lrdn0159', 'lrdn0165', 'lrdn0190', 'lrdn0196', 'lrdn0242', 'lrdn0252', 'lrdn0268', 'lrdn0271', 'lrdn0287', 'lrdn0291', 'lrdn0314', 'lrdn0317', 'lrdn0327', 'lrdn0336', 'lrdn0345', 'lrdn0360', 'lrdn0364']
[DEBUG]: Detected CRAB_SYSTEM=leonardo. Adding SLURM option: --partition=boost_usr_prod
[DEBUG]: SLURM command is: srun --export=ALL --partition=boost_usr_prod --nodelist lrdn0010,lrdn0031,lrdn0049,lrdn0070,lrdn0099,lrdn0126,lrdn0136,lrdn0159,lrdn0165,lrdn0190,lrdn0196,lrdn0242,lrdn0252,lrdn0268,lrdn0271,lrdn0287,lrdn0291,lrdn0314,lrdn0317,lrdn0327,lrdn0336,lrdn0345,lrdn0360,lrdn0364 --cpu-bind=socket -n 24 -N 24 bash -c '
        module purge >&2
        module load openmpi >&2
        module list >&2
        /leonardo/home/userexternal/mmarcel3/crab/benchmarks/blink/bin/a2a_b -msgsize 16777216 -iter 999999
        '
[DEBUG]: Node List is: ['lrdn0001', 'lrdn0015', 'lrdn0046', 'lrdn0061', 'lrdn0075', 'lrdn0112', 'lrdn0129', 'lrdn0151']
[DEBUG]: Detected CRAB_SYSTEM=leonardo. Adding SLURM option: --partition=boost_usr_prod
[DEBUG]: SLURM command is: srun --export=ALL --partition=boost_usr_prod --nodelist lrdn0001,lrdn0015,lrdn0046,lrdn0061,lrdn0075,lrdn0112,lrdn0129,lrdn0151 --cpu-bind=socket -n 8 -N 8 bash -c '
        module purge >&2
        module load openmpi >&2
        module list >&2
        /leonardo/home/userexternal/mmarcel3/crab/benchmarks/blink/bin/ardc_b -msgsize 131072 -iter 100 -maxsamples 100
        '
[INFO] Application 1 was intentionally terminated (exit code: -9). This is expected.
Ran 105 iterations. Measured 100 iterations.
--- [INFO] Run 15 completata in 7.5705 secondi ---
 Run 16:
[DEBUG]: Node List is: ['lrdn0010', 'lrdn0031', 'lrdn0049', 'lrdn0070', 'lrdn0099', 'lrdn0126', 'lrdn0136', 'lrdn0159', 'lrdn0165', 'lrdn0190', 'lrdn0196', 'lrdn0242', 'lrdn0252', 'lrdn0268', 'lrdn0271', 'lrdn0287', 'lrdn0291', 'lrdn0314', 'lrdn0317', 'lrdn0327', 'lrdn0336', 'lrdn0345', 'lrdn0360', 'lrdn0364']
[DEBUG]: Detected CRAB_SYSTEM=leonardo. Adding SLURM option: --partition=boost_usr_prod
[DEBUG]: SLURM command is: srun --export=ALL --partition=boost_usr_prod --nodelist lrdn0010,lrdn0031,lrdn0049,lrdn0070,lrdn0099,lrdn0126,lrdn0136,lrdn0159,lrdn0165,lrdn0190,lrdn0196,lrdn0242,lrdn0252,lrdn0268,lrdn0271,lrdn0287,lrdn0291,lrdn0314,lrdn0317,lrdn0327,lrdn0336,lrdn0345,lrdn0360,lrdn0364 --cpu-bind=socket -n 24 -N 24 bash -c '
        module purge >&2
        module load openmpi >&2
        module list >&2
        /leonardo/home/userexternal/mmarcel3/crab/benchmarks/blink/bin/a2a_b -msgsize 16777216 -iter 999999
        '
[DEBUG]: Node List is: ['lrdn0001', 'lrdn0015', 'lrdn0046', 'lrdn0061', 'lrdn0075', 'lrdn0112', 'lrdn0129', 'lrdn0151']
[DEBUG]: Detected CRAB_SYSTEM=leonardo. Adding SLURM option: --partition=boost_usr_prod
[DEBUG]: SLURM command is: srun --export=ALL --partition=boost_usr_prod --nodelist lrdn0001,lrdn0015,lrdn0046,lrdn0061,lrdn0075,lrdn0112,lrdn0129,lrdn0151 --cpu-bind=socket -n 8 -N 8 bash -c '
        module purge >&2
        module load openmpi >&2
        module list >&2
        /leonardo/home/userexternal/mmarcel3/crab/benchmarks/blink/bin/ardc_b -msgsize 131072 -iter 100 -maxsamples 100
        '
[INFO] Application 1 was intentionally terminated (exit code: -9). This is expected.
Ran 105 iterations. Measured 100 iterations.
--- [INFO] Run 16 completata in 7.9801 secondi ---
 Run 17:
[DEBUG]: Node List is: ['lrdn0010', 'lrdn0031', 'lrdn0049', 'lrdn0070', 'lrdn0099', 'lrdn0126', 'lrdn0136', 'lrdn0159', 'lrdn0165', 'lrdn0190', 'lrdn0196', 'lrdn0242', 'lrdn0252', 'lrdn0268', 'lrdn0271', 'lrdn0287', 'lrdn0291', 'lrdn0314', 'lrdn0317', 'lrdn0327', 'lrdn0336', 'lrdn0345', 'lrdn0360', 'lrdn0364']
[DEBUG]: Detected CRAB_SYSTEM=leonardo. Adding SLURM option: --partition=boost_usr_prod
[DEBUG]: SLURM command is: srun --export=ALL --partition=boost_usr_prod --nodelist lrdn0010,lrdn0031,lrdn0049,lrdn0070,lrdn0099,lrdn0126,lrdn0136,lrdn0159,lrdn0165,lrdn0190,lrdn0196,lrdn0242,lrdn0252,lrdn0268,lrdn0271,lrdn0287,lrdn0291,lrdn0314,lrdn0317,lrdn0327,lrdn0336,lrdn0345,lrdn0360,lrdn0364 --cpu-bind=socket -n 24 -N 24 bash -c '
        module purge >&2
        module load openmpi >&2
        module list >&2
        /leonardo/home/userexternal/mmarcel3/crab/benchmarks/blink/bin/a2a_b -msgsize 16777216 -iter 999999
        '
[DEBUG]: Node List is: ['lrdn0001', 'lrdn0015', 'lrdn0046', 'lrdn0061', 'lrdn0075', 'lrdn0112', 'lrdn0129', 'lrdn0151']
[DEBUG]: Detected CRAB_SYSTEM=leonardo. Adding SLURM option: --partition=boost_usr_prod
[DEBUG]: SLURM command is: srun --export=ALL --partition=boost_usr_prod --nodelist lrdn0001,lrdn0015,lrdn0046,lrdn0061,lrdn0075,lrdn0112,lrdn0129,lrdn0151 --cpu-bind=socket -n 8 -N 8 bash -c '
        module purge >&2
        module load openmpi >&2
        module list >&2
        /leonardo/home/userexternal/mmarcel3/crab/benchmarks/blink/bin/ardc_b -msgsize 131072 -iter 100 -maxsamples 100
        '
[INFO] Application 1 was intentionally terminated (exit code: -9). This is expected.
Ran 105 iterations. Measured 100 iterations.
--- [INFO] Run 17 completata in 7.5542 secondi ---
 Run 18:
[DEBUG]: Node List is: ['lrdn0010', 'lrdn0031', 'lrdn0049', 'lrdn0070', 'lrdn0099', 'lrdn0126', 'lrdn0136', 'lrdn0159', 'lrdn0165', 'lrdn0190', 'lrdn0196', 'lrdn0242', 'lrdn0252', 'lrdn0268', 'lrdn0271', 'lrdn0287', 'lrdn0291', 'lrdn0314', 'lrdn0317', 'lrdn0327', 'lrdn0336', 'lrdn0345', 'lrdn0360', 'lrdn0364']
[DEBUG]: Detected CRAB_SYSTEM=leonardo. Adding SLURM option: --partition=boost_usr_prod
[DEBUG]: SLURM command is: srun --export=ALL --partition=boost_usr_prod --nodelist lrdn0010,lrdn0031,lrdn0049,lrdn0070,lrdn0099,lrdn0126,lrdn0136,lrdn0159,lrdn0165,lrdn0190,lrdn0196,lrdn0242,lrdn0252,lrdn0268,lrdn0271,lrdn0287,lrdn0291,lrdn0314,lrdn0317,lrdn0327,lrdn0336,lrdn0345,lrdn0360,lrdn0364 --cpu-bind=socket -n 24 -N 24 bash -c '
        module purge >&2
        module load openmpi >&2
        module list >&2
        /leonardo/home/userexternal/mmarcel3/crab/benchmarks/blink/bin/a2a_b -msgsize 16777216 -iter 999999
        '
[DEBUG]: Node List is: ['lrdn0001', 'lrdn0015', 'lrdn0046', 'lrdn0061', 'lrdn0075', 'lrdn0112', 'lrdn0129', 'lrdn0151']
[DEBUG]: Detected CRAB_SYSTEM=leonardo. Adding SLURM option: --partition=boost_usr_prod
[DEBUG]: SLURM command is: srun --export=ALL --partition=boost_usr_prod --nodelist lrdn0001,lrdn0015,lrdn0046,lrdn0061,lrdn0075,lrdn0112,lrdn0129,lrdn0151 --cpu-bind=socket -n 8 -N 8 bash -c '
        module purge >&2
        module load openmpi >&2
        module list >&2
        /leonardo/home/userexternal/mmarcel3/crab/benchmarks/blink/bin/ardc_b -msgsize 131072 -iter 100 -maxsamples 100
        '
[INFO] Application 1 was intentionally terminated (exit code: -9). This is expected.
Ran 105 iterations. Measured 100 iterations.
--- [INFO] Run 18 completata in 7.5592 secondi ---
 Run 19:
[DEBUG]: Node List is: ['lrdn0010', 'lrdn0031', 'lrdn0049', 'lrdn0070', 'lrdn0099', 'lrdn0126', 'lrdn0136', 'lrdn0159', 'lrdn0165', 'lrdn0190', 'lrdn0196', 'lrdn0242', 'lrdn0252', 'lrdn0268', 'lrdn0271', 'lrdn0287', 'lrdn0291', 'lrdn0314', 'lrdn0317', 'lrdn0327', 'lrdn0336', 'lrdn0345', 'lrdn0360', 'lrdn0364']
[DEBUG]: Detected CRAB_SYSTEM=leonardo. Adding SLURM option: --partition=boost_usr_prod
[DEBUG]: SLURM command is: srun --export=ALL --partition=boost_usr_prod --nodelist lrdn0010,lrdn0031,lrdn0049,lrdn0070,lrdn0099,lrdn0126,lrdn0136,lrdn0159,lrdn0165,lrdn0190,lrdn0196,lrdn0242,lrdn0252,lrdn0268,lrdn0271,lrdn0287,lrdn0291,lrdn0314,lrdn0317,lrdn0327,lrdn0336,lrdn0345,lrdn0360,lrdn0364 --cpu-bind=socket -n 24 -N 24 bash -c '
        module purge >&2
        module load openmpi >&2
        module list >&2
        /leonardo/home/userexternal/mmarcel3/crab/benchmarks/blink/bin/a2a_b -msgsize 16777216 -iter 999999
        '
[DEBUG]: Node List is: ['lrdn0001', 'lrdn0015', 'lrdn0046', 'lrdn0061', 'lrdn0075', 'lrdn0112', 'lrdn0129', 'lrdn0151']
[DEBUG]: Detected CRAB_SYSTEM=leonardo. Adding SLURM option: --partition=boost_usr_prod
[DEBUG]: SLURM command is: srun --export=ALL --partition=boost_usr_prod --nodelist lrdn0001,lrdn0015,lrdn0046,lrdn0061,lrdn0075,lrdn0112,lrdn0129,lrdn0151 --cpu-bind=socket -n 8 -N 8 bash -c '
        module purge >&2
        module load openmpi >&2
        module list >&2
        /leonardo/home/userexternal/mmarcel3/crab/benchmarks/blink/bin/ardc_b -msgsize 131072 -iter 100 -maxsamples 100
        '
[INFO] Application 1 was intentionally terminated (exit code: -9). This is expected.
Ran 105 iterations. Measured 100 iterations.
--- [INFO] Run 19 completata in 7.5223 secondi ---
 Run 20:
[DEBUG]: Node List is: ['lrdn0010', 'lrdn0031', 'lrdn0049', 'lrdn0070', 'lrdn0099', 'lrdn0126', 'lrdn0136', 'lrdn0159', 'lrdn0165', 'lrdn0190', 'lrdn0196', 'lrdn0242', 'lrdn0252', 'lrdn0268', 'lrdn0271', 'lrdn0287', 'lrdn0291', 'lrdn0314', 'lrdn0317', 'lrdn0327', 'lrdn0336', 'lrdn0345', 'lrdn0360', 'lrdn0364']
[DEBUG]: Detected CRAB_SYSTEM=leonardo. Adding SLURM option: --partition=boost_usr_prod
[DEBUG]: SLURM command is: srun --export=ALL --partition=boost_usr_prod --nodelist lrdn0010,lrdn0031,lrdn0049,lrdn0070,lrdn0099,lrdn0126,lrdn0136,lrdn0159,lrdn0165,lrdn0190,lrdn0196,lrdn0242,lrdn0252,lrdn0268,lrdn0271,lrdn0287,lrdn0291,lrdn0314,lrdn0317,lrdn0327,lrdn0336,lrdn0345,lrdn0360,lrdn0364 --cpu-bind=socket -n 24 -N 24 bash -c '
        module purge >&2
        module load openmpi >&2
        module list >&2
        /leonardo/home/userexternal/mmarcel3/crab/benchmarks/blink/bin/a2a_b -msgsize 16777216 -iter 999999
        '
[DEBUG]: Node List is: ['lrdn0001', 'lrdn0015', 'lrdn0046', 'lrdn0061', 'lrdn0075', 'lrdn0112', 'lrdn0129', 'lrdn0151']
[DEBUG]: Detected CRAB_SYSTEM=leonardo. Adding SLURM option: --partition=boost_usr_prod
[DEBUG]: SLURM command is: srun --export=ALL --partition=boost_usr_prod --nodelist lrdn0001,lrdn0015,lrdn0046,lrdn0061,lrdn0075,lrdn0112,lrdn0129,lrdn0151 --cpu-bind=socket -n 8 -N 8 bash -c '
        module purge >&2
        module load openmpi >&2
        module list >&2
        /leonardo/home/userexternal/mmarcel3/crab/benchmarks/blink/bin/ardc_b -msgsize 131072 -iter 100 -maxsamples 100
        '
[INFO] Application 1 was intentionally terminated (exit code: -9). This is expected.
Ran 105 iterations. Measured 100 iterations.
--- [INFO] Run 20 completata in 7.5685 secondi ---
 Run 21:
[DEBUG]: Node List is: ['lrdn0010', 'lrdn0031', 'lrdn0049', 'lrdn0070', 'lrdn0099', 'lrdn0126', 'lrdn0136', 'lrdn0159', 'lrdn0165', 'lrdn0190', 'lrdn0196', 'lrdn0242', 'lrdn0252', 'lrdn0268', 'lrdn0271', 'lrdn0287', 'lrdn0291', 'lrdn0314', 'lrdn0317', 'lrdn0327', 'lrdn0336', 'lrdn0345', 'lrdn0360', 'lrdn0364']
[DEBUG]: Detected CRAB_SYSTEM=leonardo. Adding SLURM option: --partition=boost_usr_prod
[DEBUG]: SLURM command is: srun --export=ALL --partition=boost_usr_prod --nodelist lrdn0010,lrdn0031,lrdn0049,lrdn0070,lrdn0099,lrdn0126,lrdn0136,lrdn0159,lrdn0165,lrdn0190,lrdn0196,lrdn0242,lrdn0252,lrdn0268,lrdn0271,lrdn0287,lrdn0291,lrdn0314,lrdn0317,lrdn0327,lrdn0336,lrdn0345,lrdn0360,lrdn0364 --cpu-bind=socket -n 24 -N 24 bash -c '
        module purge >&2
        module load openmpi >&2
        module list >&2
        /leonardo/home/userexternal/mmarcel3/crab/benchmarks/blink/bin/a2a_b -msgsize 16777216 -iter 999999
        '
[DEBUG]: Node List is: ['lrdn0001', 'lrdn0015', 'lrdn0046', 'lrdn0061', 'lrdn0075', 'lrdn0112', 'lrdn0129', 'lrdn0151']
[DEBUG]: Detected CRAB_SYSTEM=leonardo. Adding SLURM option: --partition=boost_usr_prod
[DEBUG]: SLURM command is: srun --export=ALL --partition=boost_usr_prod --nodelist lrdn0001,lrdn0015,lrdn0046,lrdn0061,lrdn0075,lrdn0112,lrdn0129,lrdn0151 --cpu-bind=socket -n 8 -N 8 bash -c '
        module purge >&2
        module load openmpi >&2
        module list >&2
        /leonardo/home/userexternal/mmarcel3/crab/benchmarks/blink/bin/ardc_b -msgsize 131072 -iter 100 -maxsamples 100
        '
[INFO] Application 1 was intentionally terminated (exit code: -9). This is expected.
Ran 105 iterations. Measured 100 iterations.
--- [INFO] Run 21 completata in 7.5570 secondi ---
 Run 22:
[DEBUG]: Node List is: ['lrdn0010', 'lrdn0031', 'lrdn0049', 'lrdn0070', 'lrdn0099', 'lrdn0126', 'lrdn0136', 'lrdn0159', 'lrdn0165', 'lrdn0190', 'lrdn0196', 'lrdn0242', 'lrdn0252', 'lrdn0268', 'lrdn0271', 'lrdn0287', 'lrdn0291', 'lrdn0314', 'lrdn0317', 'lrdn0327', 'lrdn0336', 'lrdn0345', 'lrdn0360', 'lrdn0364']
[DEBUG]: Detected CRAB_SYSTEM=leonardo. Adding SLURM option: --partition=boost_usr_prod
[DEBUG]: SLURM command is: srun --export=ALL --partition=boost_usr_prod --nodelist lrdn0010,lrdn0031,lrdn0049,lrdn0070,lrdn0099,lrdn0126,lrdn0136,lrdn0159,lrdn0165,lrdn0190,lrdn0196,lrdn0242,lrdn0252,lrdn0268,lrdn0271,lrdn0287,lrdn0291,lrdn0314,lrdn0317,lrdn0327,lrdn0336,lrdn0345,lrdn0360,lrdn0364 --cpu-bind=socket -n 24 -N 24 bash -c '
        module purge >&2
        module load openmpi >&2
        module list >&2
        /leonardo/home/userexternal/mmarcel3/crab/benchmarks/blink/bin/a2a_b -msgsize 16777216 -iter 999999
        '
[DEBUG]: Node List is: ['lrdn0001', 'lrdn0015', 'lrdn0046', 'lrdn0061', 'lrdn0075', 'lrdn0112', 'lrdn0129', 'lrdn0151']
[DEBUG]: Detected CRAB_SYSTEM=leonardo. Adding SLURM option: --partition=boost_usr_prod
[DEBUG]: SLURM command is: srun --export=ALL --partition=boost_usr_prod --nodelist lrdn0001,lrdn0015,lrdn0046,lrdn0061,lrdn0075,lrdn0112,lrdn0129,lrdn0151 --cpu-bind=socket -n 8 -N 8 bash -c '
        module purge >&2
        module load openmpi >&2
        module list >&2
        /leonardo/home/userexternal/mmarcel3/crab/benchmarks/blink/bin/ardc_b -msgsize 131072 -iter 100 -maxsamples 100
        '
[INFO] Application 1 was intentionally terminated (exit code: -9). This is expected.
Ran 105 iterations. Measured 100 iterations.
--- [INFO] Run 22 completata in 7.5543 secondi ---
 Run 23:
[DEBUG]: Node List is: ['lrdn0010', 'lrdn0031', 'lrdn0049', 'lrdn0070', 'lrdn0099', 'lrdn0126', 'lrdn0136', 'lrdn0159', 'lrdn0165', 'lrdn0190', 'lrdn0196', 'lrdn0242', 'lrdn0252', 'lrdn0268', 'lrdn0271', 'lrdn0287', 'lrdn0291', 'lrdn0314', 'lrdn0317', 'lrdn0327', 'lrdn0336', 'lrdn0345', 'lrdn0360', 'lrdn0364']
[DEBUG]: Detected CRAB_SYSTEM=leonardo. Adding SLURM option: --partition=boost_usr_prod
[DEBUG]: SLURM command is: srun --export=ALL --partition=boost_usr_prod --nodelist lrdn0010,lrdn0031,lrdn0049,lrdn0070,lrdn0099,lrdn0126,lrdn0136,lrdn0159,lrdn0165,lrdn0190,lrdn0196,lrdn0242,lrdn0252,lrdn0268,lrdn0271,lrdn0287,lrdn0291,lrdn0314,lrdn0317,lrdn0327,lrdn0336,lrdn0345,lrdn0360,lrdn0364 --cpu-bind=socket -n 24 -N 24 bash -c '
        module purge >&2
        module load openmpi >&2
        module list >&2
        /leonardo/home/userexternal/mmarcel3/crab/benchmarks/blink/bin/a2a_b -msgsize 16777216 -iter 999999
        '
[DEBUG]: Node List is: ['lrdn0001', 'lrdn0015', 'lrdn0046', 'lrdn0061', 'lrdn0075', 'lrdn0112', 'lrdn0129', 'lrdn0151']
[DEBUG]: Detected CRAB_SYSTEM=leonardo. Adding SLURM option: --partition=boost_usr_prod
[DEBUG]: SLURM command is: srun --export=ALL --partition=boost_usr_prod --nodelist lrdn0001,lrdn0015,lrdn0046,lrdn0061,lrdn0075,lrdn0112,lrdn0129,lrdn0151 --cpu-bind=socket -n 8 -N 8 bash -c '
        module purge >&2
        module load openmpi >&2
        module list >&2
        /leonardo/home/userexternal/mmarcel3/crab/benchmarks/blink/bin/ardc_b -msgsize 131072 -iter 100 -maxsamples 100
        '
[INFO] Application 1 was intentionally terminated (exit code: -9). This is expected.
Ran 105 iterations. Measured 100 iterations.
--- [INFO] Run 23 completata in 7.5209 secondi ---
 Run 24:
[DEBUG]: Node List is: ['lrdn0010', 'lrdn0031', 'lrdn0049', 'lrdn0070', 'lrdn0099', 'lrdn0126', 'lrdn0136', 'lrdn0159', 'lrdn0165', 'lrdn0190', 'lrdn0196', 'lrdn0242', 'lrdn0252', 'lrdn0268', 'lrdn0271', 'lrdn0287', 'lrdn0291', 'lrdn0314', 'lrdn0317', 'lrdn0327', 'lrdn0336', 'lrdn0345', 'lrdn0360', 'lrdn0364']
[DEBUG]: Detected CRAB_SYSTEM=leonardo. Adding SLURM option: --partition=boost_usr_prod
[DEBUG]: SLURM command is: srun --export=ALL --partition=boost_usr_prod --nodelist lrdn0010,lrdn0031,lrdn0049,lrdn0070,lrdn0099,lrdn0126,lrdn0136,lrdn0159,lrdn0165,lrdn0190,lrdn0196,lrdn0242,lrdn0252,lrdn0268,lrdn0271,lrdn0287,lrdn0291,lrdn0314,lrdn0317,lrdn0327,lrdn0336,lrdn0345,lrdn0360,lrdn0364 --cpu-bind=socket -n 24 -N 24 bash -c '
        module purge >&2
        module load openmpi >&2
        module list >&2
        /leonardo/home/userexternal/mmarcel3/crab/benchmarks/blink/bin/a2a_b -msgsize 16777216 -iter 999999
        '
[DEBUG]: Node List is: ['lrdn0001', 'lrdn0015', 'lrdn0046', 'lrdn0061', 'lrdn0075', 'lrdn0112', 'lrdn0129', 'lrdn0151']
[DEBUG]: Detected CRAB_SYSTEM=leonardo. Adding SLURM option: --partition=boost_usr_prod
[DEBUG]: SLURM command is: srun --export=ALL --partition=boost_usr_prod --nodelist lrdn0001,lrdn0015,lrdn0046,lrdn0061,lrdn0075,lrdn0112,lrdn0129,lrdn0151 --cpu-bind=socket -n 8 -N 8 bash -c '
        module purge >&2
        module load openmpi >&2
        module list >&2
        /leonardo/home/userexternal/mmarcel3/crab/benchmarks/blink/bin/ardc_b -msgsize 131072 -iter 100 -maxsamples 100
        '
[INFO] Application 1 was intentionally terminated (exit code: -9). This is expected.
Ran 105 iterations. Measured 100 iterations.
--- [INFO] Run 24 completata in 7.5584 secondi ---
 Run 25:
[DEBUG]: Node List is: ['lrdn0010', 'lrdn0031', 'lrdn0049', 'lrdn0070', 'lrdn0099', 'lrdn0126', 'lrdn0136', 'lrdn0159', 'lrdn0165', 'lrdn0190', 'lrdn0196', 'lrdn0242', 'lrdn0252', 'lrdn0268', 'lrdn0271', 'lrdn0287', 'lrdn0291', 'lrdn0314', 'lrdn0317', 'lrdn0327', 'lrdn0336', 'lrdn0345', 'lrdn0360', 'lrdn0364']
[DEBUG]: Detected CRAB_SYSTEM=leonardo. Adding SLURM option: --partition=boost_usr_prod
[DEBUG]: SLURM command is: srun --export=ALL --partition=boost_usr_prod --nodelist lrdn0010,lrdn0031,lrdn0049,lrdn0070,lrdn0099,lrdn0126,lrdn0136,lrdn0159,lrdn0165,lrdn0190,lrdn0196,lrdn0242,lrdn0252,lrdn0268,lrdn0271,lrdn0287,lrdn0291,lrdn0314,lrdn0317,lrdn0327,lrdn0336,lrdn0345,lrdn0360,lrdn0364 --cpu-bind=socket -n 24 -N 24 bash -c '
        module purge >&2
        module load openmpi >&2
        module list >&2
        /leonardo/home/userexternal/mmarcel3/crab/benchmarks/blink/bin/a2a_b -msgsize 16777216 -iter 999999
        '
[DEBUG]: Node List is: ['lrdn0001', 'lrdn0015', 'lrdn0046', 'lrdn0061', 'lrdn0075', 'lrdn0112', 'lrdn0129', 'lrdn0151']
[DEBUG]: Detected CRAB_SYSTEM=leonardo. Adding SLURM option: --partition=boost_usr_prod
[DEBUG]: SLURM command is: srun --export=ALL --partition=boost_usr_prod --nodelist lrdn0001,lrdn0015,lrdn0046,lrdn0061,lrdn0075,lrdn0112,lrdn0129,lrdn0151 --cpu-bind=socket -n 8 -N 8 bash -c '
        module purge >&2
        module load openmpi >&2
        module list >&2
        /leonardo/home/userexternal/mmarcel3/crab/benchmarks/blink/bin/ardc_b -msgsize 131072 -iter 100 -maxsamples 100
        '
[INFO] Application 1 was intentionally terminated (exit code: -9). This is expected.
Ran 105 iterations. Measured 100 iterations.
--- [INFO] Run 25 completata in 7.5665 secondi ---
 Run 26:
[DEBUG]: Node List is: ['lrdn0010', 'lrdn0031', 'lrdn0049', 'lrdn0070', 'lrdn0099', 'lrdn0126', 'lrdn0136', 'lrdn0159', 'lrdn0165', 'lrdn0190', 'lrdn0196', 'lrdn0242', 'lrdn0252', 'lrdn0268', 'lrdn0271', 'lrdn0287', 'lrdn0291', 'lrdn0314', 'lrdn0317', 'lrdn0327', 'lrdn0336', 'lrdn0345', 'lrdn0360', 'lrdn0364']
[DEBUG]: Detected CRAB_SYSTEM=leonardo. Adding SLURM option: --partition=boost_usr_prod
[DEBUG]: SLURM command is: srun --export=ALL --partition=boost_usr_prod --nodelist lrdn0010,lrdn0031,lrdn0049,lrdn0070,lrdn0099,lrdn0126,lrdn0136,lrdn0159,lrdn0165,lrdn0190,lrdn0196,lrdn0242,lrdn0252,lrdn0268,lrdn0271,lrdn0287,lrdn0291,lrdn0314,lrdn0317,lrdn0327,lrdn0336,lrdn0345,lrdn0360,lrdn0364 --cpu-bind=socket -n 24 -N 24 bash -c '
        module purge >&2
        module load openmpi >&2
        module list >&2
        /leonardo/home/userexternal/mmarcel3/crab/benchmarks/blink/bin/a2a_b -msgsize 16777216 -iter 999999
        '
[DEBUG]: Node List is: ['lrdn0001', 'lrdn0015', 'lrdn0046', 'lrdn0061', 'lrdn0075', 'lrdn0112', 'lrdn0129', 'lrdn0151']
[DEBUG]: Detected CRAB_SYSTEM=leonardo. Adding SLURM option: --partition=boost_usr_prod
[DEBUG]: SLURM command is: srun --export=ALL --partition=boost_usr_prod --nodelist lrdn0001,lrdn0015,lrdn0046,lrdn0061,lrdn0075,lrdn0112,lrdn0129,lrdn0151 --cpu-bind=socket -n 8 -N 8 bash -c '
        module purge >&2
        module load openmpi >&2
        module list >&2
        /leonardo/home/userexternal/mmarcel3/crab/benchmarks/blink/bin/ardc_b -msgsize 131072 -iter 100 -maxsamples 100
        '
[INFO] Application 1 was intentionally terminated (exit code: -9). This is expected.
Ran 105 iterations. Measured 100 iterations.
--- [INFO] Run 26 completata in 7.6451 secondi ---
 Run 27:
[DEBUG]: Node List is: ['lrdn0010', 'lrdn0031', 'lrdn0049', 'lrdn0070', 'lrdn0099', 'lrdn0126', 'lrdn0136', 'lrdn0159', 'lrdn0165', 'lrdn0190', 'lrdn0196', 'lrdn0242', 'lrdn0252', 'lrdn0268', 'lrdn0271', 'lrdn0287', 'lrdn0291', 'lrdn0314', 'lrdn0317', 'lrdn0327', 'lrdn0336', 'lrdn0345', 'lrdn0360', 'lrdn0364']
[DEBUG]: Detected CRAB_SYSTEM=leonardo. Adding SLURM option: --partition=boost_usr_prod
[DEBUG]: SLURM command is: srun --export=ALL --partition=boost_usr_prod --nodelist lrdn0010,lrdn0031,lrdn0049,lrdn0070,lrdn0099,lrdn0126,lrdn0136,lrdn0159,lrdn0165,lrdn0190,lrdn0196,lrdn0242,lrdn0252,lrdn0268,lrdn0271,lrdn0287,lrdn0291,lrdn0314,lrdn0317,lrdn0327,lrdn0336,lrdn0345,lrdn0360,lrdn0364 --cpu-bind=socket -n 24 -N 24 bash -c '
        module purge >&2
        module load openmpi >&2
        module list >&2
        /leonardo/home/userexternal/mmarcel3/crab/benchmarks/blink/bin/a2a_b -msgsize 16777216 -iter 999999
        '
[DEBUG]: Node List is: ['lrdn0001', 'lrdn0015', 'lrdn0046', 'lrdn0061', 'lrdn0075', 'lrdn0112', 'lrdn0129', 'lrdn0151']
[DEBUG]: Detected CRAB_SYSTEM=leonardo. Adding SLURM option: --partition=boost_usr_prod
[DEBUG]: SLURM command is: srun --export=ALL --partition=boost_usr_prod --nodelist lrdn0001,lrdn0015,lrdn0046,lrdn0061,lrdn0075,lrdn0112,lrdn0129,lrdn0151 --cpu-bind=socket -n 8 -N 8 bash -c '
        module purge >&2
        module load openmpi >&2
        module list >&2
        /leonardo/home/userexternal/mmarcel3/crab/benchmarks/blink/bin/ardc_b -msgsize 131072 -iter 100 -maxsamples 100
        '
[INFO] Application 1 was intentionally terminated (exit code: -9). This is expected.
Ran 105 iterations. Measured 100 iterations.
--- [INFO] Run 27 completata in 7.5119 secondi ---
 Run 28:
[DEBUG]: Node List is: ['lrdn0010', 'lrdn0031', 'lrdn0049', 'lrdn0070', 'lrdn0099', 'lrdn0126', 'lrdn0136', 'lrdn0159', 'lrdn0165', 'lrdn0190', 'lrdn0196', 'lrdn0242', 'lrdn0252', 'lrdn0268', 'lrdn0271', 'lrdn0287', 'lrdn0291', 'lrdn0314', 'lrdn0317', 'lrdn0327', 'lrdn0336', 'lrdn0345', 'lrdn0360', 'lrdn0364']
[DEBUG]: Detected CRAB_SYSTEM=leonardo. Adding SLURM option: --partition=boost_usr_prod
[DEBUG]: SLURM command is: srun --export=ALL --partition=boost_usr_prod --nodelist lrdn0010,lrdn0031,lrdn0049,lrdn0070,lrdn0099,lrdn0126,lrdn0136,lrdn0159,lrdn0165,lrdn0190,lrdn0196,lrdn0242,lrdn0252,lrdn0268,lrdn0271,lrdn0287,lrdn0291,lrdn0314,lrdn0317,lrdn0327,lrdn0336,lrdn0345,lrdn0360,lrdn0364 --cpu-bind=socket -n 24 -N 24 bash -c '
        module purge >&2
        module load openmpi >&2
        module list >&2
        /leonardo/home/userexternal/mmarcel3/crab/benchmarks/blink/bin/a2a_b -msgsize 16777216 -iter 999999
        '
[DEBUG]: Node List is: ['lrdn0001', 'lrdn0015', 'lrdn0046', 'lrdn0061', 'lrdn0075', 'lrdn0112', 'lrdn0129', 'lrdn0151']
[DEBUG]: Detected CRAB_SYSTEM=leonardo. Adding SLURM option: --partition=boost_usr_prod
[DEBUG]: SLURM command is: srun --export=ALL --partition=boost_usr_prod --nodelist lrdn0001,lrdn0015,lrdn0046,lrdn0061,lrdn0075,lrdn0112,lrdn0129,lrdn0151 --cpu-bind=socket -n 8 -N 8 bash -c '
        module purge >&2
        module load openmpi >&2
        module list >&2
        /leonardo/home/userexternal/mmarcel3/crab/benchmarks/blink/bin/ardc_b -msgsize 131072 -iter 100 -maxsamples 100
        '
[INFO] Application 1 was intentionally terminated (exit code: -9). This is expected.
Ran 105 iterations. Measured 100 iterations.
--- [INFO] Run 28 completata in 7.5161 secondi ---
 Run 29:
[DEBUG]: Node List is: ['lrdn0010', 'lrdn0031', 'lrdn0049', 'lrdn0070', 'lrdn0099', 'lrdn0126', 'lrdn0136', 'lrdn0159', 'lrdn0165', 'lrdn0190', 'lrdn0196', 'lrdn0242', 'lrdn0252', 'lrdn0268', 'lrdn0271', 'lrdn0287', 'lrdn0291', 'lrdn0314', 'lrdn0317', 'lrdn0327', 'lrdn0336', 'lrdn0345', 'lrdn0360', 'lrdn0364']
[DEBUG]: Detected CRAB_SYSTEM=leonardo. Adding SLURM option: --partition=boost_usr_prod
[DEBUG]: SLURM command is: srun --export=ALL --partition=boost_usr_prod --nodelist lrdn0010,lrdn0031,lrdn0049,lrdn0070,lrdn0099,lrdn0126,lrdn0136,lrdn0159,lrdn0165,lrdn0190,lrdn0196,lrdn0242,lrdn0252,lrdn0268,lrdn0271,lrdn0287,lrdn0291,lrdn0314,lrdn0317,lrdn0327,lrdn0336,lrdn0345,lrdn0360,lrdn0364 --cpu-bind=socket -n 24 -N 24 bash -c '
        module purge >&2
        module load openmpi >&2
        module list >&2
        /leonardo/home/userexternal/mmarcel3/crab/benchmarks/blink/bin/a2a_b -msgsize 16777216 -iter 999999
        '
[DEBUG]: Node List is: ['lrdn0001', 'lrdn0015', 'lrdn0046', 'lrdn0061', 'lrdn0075', 'lrdn0112', 'lrdn0129', 'lrdn0151']
[DEBUG]: Detected CRAB_SYSTEM=leonardo. Adding SLURM option: --partition=boost_usr_prod
[DEBUG]: SLURM command is: srun --export=ALL --partition=boost_usr_prod --nodelist lrdn0001,lrdn0015,lrdn0046,lrdn0061,lrdn0075,lrdn0112,lrdn0129,lrdn0151 --cpu-bind=socket -n 8 -N 8 bash -c '
        module purge >&2
        module load openmpi >&2
        module list >&2
        /leonardo/home/userexternal/mmarcel3/crab/benchmarks/blink/bin/ardc_b -msgsize 131072 -iter 100 -maxsamples 100
        '
[INFO] Application 1 was intentionally terminated (exit code: -9). This is expected.
Ran 105 iterations. Measured 100 iterations.
--- [INFO] Run 29 completata in 7.5684 secondi ---
 Run 30:
[DEBUG]: Node List is: ['lrdn0010', 'lrdn0031', 'lrdn0049', 'lrdn0070', 'lrdn0099', 'lrdn0126', 'lrdn0136', 'lrdn0159', 'lrdn0165', 'lrdn0190', 'lrdn0196', 'lrdn0242', 'lrdn0252', 'lrdn0268', 'lrdn0271', 'lrdn0287', 'lrdn0291', 'lrdn0314', 'lrdn0317', 'lrdn0327', 'lrdn0336', 'lrdn0345', 'lrdn0360', 'lrdn0364']
[DEBUG]: Detected CRAB_SYSTEM=leonardo. Adding SLURM option: --partition=boost_usr_prod
[DEBUG]: SLURM command is: srun --export=ALL --partition=boost_usr_prod --nodelist lrdn0010,lrdn0031,lrdn0049,lrdn0070,lrdn0099,lrdn0126,lrdn0136,lrdn0159,lrdn0165,lrdn0190,lrdn0196,lrdn0242,lrdn0252,lrdn0268,lrdn0271,lrdn0287,lrdn0291,lrdn0314,lrdn0317,lrdn0327,lrdn0336,lrdn0345,lrdn0360,lrdn0364 --cpu-bind=socket -n 24 -N 24 bash -c '
        module purge >&2
        module load openmpi >&2
        module list >&2
        /leonardo/home/userexternal/mmarcel3/crab/benchmarks/blink/bin/a2a_b -msgsize 16777216 -iter 999999
        '
[DEBUG]: Node List is: ['lrdn0001', 'lrdn0015', 'lrdn0046', 'lrdn0061', 'lrdn0075', 'lrdn0112', 'lrdn0129', 'lrdn0151']
[DEBUG]: Detected CRAB_SYSTEM=leonardo. Adding SLURM option: --partition=boost_usr_prod
[DEBUG]: SLURM command is: srun --export=ALL --partition=boost_usr_prod --nodelist lrdn0001,lrdn0015,lrdn0046,lrdn0061,lrdn0075,lrdn0112,lrdn0129,lrdn0151 --cpu-bind=socket -n 8 -N 8 bash -c '
        module purge >&2
        module load openmpi >&2
        module list >&2
        /leonardo/home/userexternal/mmarcel3/crab/benchmarks/blink/bin/ardc_b -msgsize 131072 -iter 100 -maxsamples 100
        '
[INFO] Application 1 was intentionally terminated (exit code: -9). This is expected.
Ran 105 iterations. Measured 100 iterations.
--- [INFO] Run 30 completata in 7.5613 secondi ---
 Run 31:
[DEBUG]: Node List is: ['lrdn0010', 'lrdn0031', 'lrdn0049', 'lrdn0070', 'lrdn0099', 'lrdn0126', 'lrdn0136', 'lrdn0159', 'lrdn0165', 'lrdn0190', 'lrdn0196', 'lrdn0242', 'lrdn0252', 'lrdn0268', 'lrdn0271', 'lrdn0287', 'lrdn0291', 'lrdn0314', 'lrdn0317', 'lrdn0327', 'lrdn0336', 'lrdn0345', 'lrdn0360', 'lrdn0364']
[DEBUG]: Detected CRAB_SYSTEM=leonardo. Adding SLURM option: --partition=boost_usr_prod
[DEBUG]: SLURM command is: srun --export=ALL --partition=boost_usr_prod --nodelist lrdn0010,lrdn0031,lrdn0049,lrdn0070,lrdn0099,lrdn0126,lrdn0136,lrdn0159,lrdn0165,lrdn0190,lrdn0196,lrdn0242,lrdn0252,lrdn0268,lrdn0271,lrdn0287,lrdn0291,lrdn0314,lrdn0317,lrdn0327,lrdn0336,lrdn0345,lrdn0360,lrdn0364 --cpu-bind=socket -n 24 -N 24 bash -c '
        module purge >&2
        module load openmpi >&2
        module list >&2
        /leonardo/home/userexternal/mmarcel3/crab/benchmarks/blink/bin/a2a_b -msgsize 16777216 -iter 999999
        '
[DEBUG]: Node List is: ['lrdn0001', 'lrdn0015', 'lrdn0046', 'lrdn0061', 'lrdn0075', 'lrdn0112', 'lrdn0129', 'lrdn0151']
[DEBUG]: Detected CRAB_SYSTEM=leonardo. Adding SLURM option: --partition=boost_usr_prod
[DEBUG]: SLURM command is: srun --export=ALL --partition=boost_usr_prod --nodelist lrdn0001,lrdn0015,lrdn0046,lrdn0061,lrdn0075,lrdn0112,lrdn0129,lrdn0151 --cpu-bind=socket -n 8 -N 8 bash -c '
        module purge >&2
        module load openmpi >&2
        module list >&2
        /leonardo/home/userexternal/mmarcel3/crab/benchmarks/blink/bin/ardc_b -msgsize 131072 -iter 100 -maxsamples 100
        '
[INFO] Application 1 was intentionally terminated (exit code: -9). This is expected.
Ran 105 iterations. Measured 100 iterations.
--- [INFO] Run 31 completata in 7.5681 secondi ---
 Run 32:
[DEBUG]: Node List is: ['lrdn0010', 'lrdn0031', 'lrdn0049', 'lrdn0070', 'lrdn0099', 'lrdn0126', 'lrdn0136', 'lrdn0159', 'lrdn0165', 'lrdn0190', 'lrdn0196', 'lrdn0242', 'lrdn0252', 'lrdn0268', 'lrdn0271', 'lrdn0287', 'lrdn0291', 'lrdn0314', 'lrdn0317', 'lrdn0327', 'lrdn0336', 'lrdn0345', 'lrdn0360', 'lrdn0364']
[DEBUG]: Detected CRAB_SYSTEM=leonardo. Adding SLURM option: --partition=boost_usr_prod
[DEBUG]: SLURM command is: srun --export=ALL --partition=boost_usr_prod --nodelist lrdn0010,lrdn0031,lrdn0049,lrdn0070,lrdn0099,lrdn0126,lrdn0136,lrdn0159,lrdn0165,lrdn0190,lrdn0196,lrdn0242,lrdn0252,lrdn0268,lrdn0271,lrdn0287,lrdn0291,lrdn0314,lrdn0317,lrdn0327,lrdn0336,lrdn0345,lrdn0360,lrdn0364 --cpu-bind=socket -n 24 -N 24 bash -c '
        module purge >&2
        module load openmpi >&2
        module list >&2
        /leonardo/home/userexternal/mmarcel3/crab/benchmarks/blink/bin/a2a_b -msgsize 16777216 -iter 999999
        '
[DEBUG]: Node List is: ['lrdn0001', 'lrdn0015', 'lrdn0046', 'lrdn0061', 'lrdn0075', 'lrdn0112', 'lrdn0129', 'lrdn0151']
[DEBUG]: Detected CRAB_SYSTEM=leonardo. Adding SLURM option: --partition=boost_usr_prod
[DEBUG]: SLURM command is: srun --export=ALL --partition=boost_usr_prod --nodelist lrdn0001,lrdn0015,lrdn0046,lrdn0061,lrdn0075,lrdn0112,lrdn0129,lrdn0151 --cpu-bind=socket -n 8 -N 8 bash -c '
        module purge >&2
        module load openmpi >&2
        module list >&2
        /leonardo/home/userexternal/mmarcel3/crab/benchmarks/blink/bin/ardc_b -msgsize 131072 -iter 100 -maxsamples 100
        '
[INFO] Application 1 was intentionally terminated (exit code: -9). This is expected.
Ran 105 iterations. Measured 100 iterations.
--- [INFO] Run 32 completata in 10.9079 secondi ---
 Run 33:
[DEBUG]: Node List is: ['lrdn0010', 'lrdn0031', 'lrdn0049', 'lrdn0070', 'lrdn0099', 'lrdn0126', 'lrdn0136', 'lrdn0159', 'lrdn0165', 'lrdn0190', 'lrdn0196', 'lrdn0242', 'lrdn0252', 'lrdn0268', 'lrdn0271', 'lrdn0287', 'lrdn0291', 'lrdn0314', 'lrdn0317', 'lrdn0327', 'lrdn0336', 'lrdn0345', 'lrdn0360', 'lrdn0364']
[DEBUG]: Detected CRAB_SYSTEM=leonardo. Adding SLURM option: --partition=boost_usr_prod
[DEBUG]: SLURM command is: srun --export=ALL --partition=boost_usr_prod --nodelist lrdn0010,lrdn0031,lrdn0049,lrdn0070,lrdn0099,lrdn0126,lrdn0136,lrdn0159,lrdn0165,lrdn0190,lrdn0196,lrdn0242,lrdn0252,lrdn0268,lrdn0271,lrdn0287,lrdn0291,lrdn0314,lrdn0317,lrdn0327,lrdn0336,lrdn0345,lrdn0360,lrdn0364 --cpu-bind=socket -n 24 -N 24 bash -c '
        module purge >&2
        module load openmpi >&2
        module list >&2
        /leonardo/home/userexternal/mmarcel3/crab/benchmarks/blink/bin/a2a_b -msgsize 16777216 -iter 999999
        '
[DEBUG]: Node List is: ['lrdn0001', 'lrdn0015', 'lrdn0046', 'lrdn0061', 'lrdn0075', 'lrdn0112', 'lrdn0129', 'lrdn0151']
[DEBUG]: Detected CRAB_SYSTEM=leonardo. Adding SLURM option: --partition=boost_usr_prod
[DEBUG]: SLURM command is: srun --export=ALL --partition=boost_usr_prod --nodelist lrdn0001,lrdn0015,lrdn0046,lrdn0061,lrdn0075,lrdn0112,lrdn0129,lrdn0151 --cpu-bind=socket -n 8 -N 8 bash -c '
        module purge >&2
        module load openmpi >&2
        module list >&2
        /leonardo/home/userexternal/mmarcel3/crab/benchmarks/blink/bin/ardc_b -msgsize 131072 -iter 100 -maxsamples 100
        '
[INFO] Application 1 was intentionally terminated (exit code: -9). This is expected.
Ran 105 iterations. Measured 100 iterations.
--- [INFO] Run 33 completata in 7.5636 secondi ---
 Run 34:
[DEBUG]: Node List is: ['lrdn0010', 'lrdn0031', 'lrdn0049', 'lrdn0070', 'lrdn0099', 'lrdn0126', 'lrdn0136', 'lrdn0159', 'lrdn0165', 'lrdn0190', 'lrdn0196', 'lrdn0242', 'lrdn0252', 'lrdn0268', 'lrdn0271', 'lrdn0287', 'lrdn0291', 'lrdn0314', 'lrdn0317', 'lrdn0327', 'lrdn0336', 'lrdn0345', 'lrdn0360', 'lrdn0364']
[DEBUG]: Detected CRAB_SYSTEM=leonardo. Adding SLURM option: --partition=boost_usr_prod
[DEBUG]: SLURM command is: srun --export=ALL --partition=boost_usr_prod --nodelist lrdn0010,lrdn0031,lrdn0049,lrdn0070,lrdn0099,lrdn0126,lrdn0136,lrdn0159,lrdn0165,lrdn0190,lrdn0196,lrdn0242,lrdn0252,lrdn0268,lrdn0271,lrdn0287,lrdn0291,lrdn0314,lrdn0317,lrdn0327,lrdn0336,lrdn0345,lrdn0360,lrdn0364 --cpu-bind=socket -n 24 -N 24 bash -c '
        module purge >&2
        module load openmpi >&2
        module list >&2
        /leonardo/home/userexternal/mmarcel3/crab/benchmarks/blink/bin/a2a_b -msgsize 16777216 -iter 999999
        '
[DEBUG]: Node List is: ['lrdn0001', 'lrdn0015', 'lrdn0046', 'lrdn0061', 'lrdn0075', 'lrdn0112', 'lrdn0129', 'lrdn0151']
[DEBUG]: Detected CRAB_SYSTEM=leonardo. Adding SLURM option: --partition=boost_usr_prod
[DEBUG]: SLURM command is: srun --export=ALL --partition=boost_usr_prod --nodelist lrdn0001,lrdn0015,lrdn0046,lrdn0061,lrdn0075,lrdn0112,lrdn0129,lrdn0151 --cpu-bind=socket -n 8 -N 8 bash -c '
        module purge >&2
        module load openmpi >&2
        module list >&2
        /leonardo/home/userexternal/mmarcel3/crab/benchmarks/blink/bin/ardc_b -msgsize 131072 -iter 100 -maxsamples 100
        '
[INFO] Application 1 was intentionally terminated (exit code: -9). This is expected.
Ran 105 iterations. Measured 100 iterations.
--- [INFO] Run 34 completata in 8.5038 secondi ---
 Run 35:
[DEBUG]: Node List is: ['lrdn0010', 'lrdn0031', 'lrdn0049', 'lrdn0070', 'lrdn0099', 'lrdn0126', 'lrdn0136', 'lrdn0159', 'lrdn0165', 'lrdn0190', 'lrdn0196', 'lrdn0242', 'lrdn0252', 'lrdn0268', 'lrdn0271', 'lrdn0287', 'lrdn0291', 'lrdn0314', 'lrdn0317', 'lrdn0327', 'lrdn0336', 'lrdn0345', 'lrdn0360', 'lrdn0364']
[DEBUG]: Detected CRAB_SYSTEM=leonardo. Adding SLURM option: --partition=boost_usr_prod
[DEBUG]: SLURM command is: srun --export=ALL --partition=boost_usr_prod --nodelist lrdn0010,lrdn0031,lrdn0049,lrdn0070,lrdn0099,lrdn0126,lrdn0136,lrdn0159,lrdn0165,lrdn0190,lrdn0196,lrdn0242,lrdn0252,lrdn0268,lrdn0271,lrdn0287,lrdn0291,lrdn0314,lrdn0317,lrdn0327,lrdn0336,lrdn0345,lrdn0360,lrdn0364 --cpu-bind=socket -n 24 -N 24 bash -c '
        module purge >&2
        module load openmpi >&2
        module list >&2
        /leonardo/home/userexternal/mmarcel3/crab/benchmarks/blink/bin/a2a_b -msgsize 16777216 -iter 999999
        '
[DEBUG]: Node List is: ['lrdn0001', 'lrdn0015', 'lrdn0046', 'lrdn0061', 'lrdn0075', 'lrdn0112', 'lrdn0129', 'lrdn0151']
[DEBUG]: Detected CRAB_SYSTEM=leonardo. Adding SLURM option: --partition=boost_usr_prod
[DEBUG]: SLURM command is: srun --export=ALL --partition=boost_usr_prod --nodelist lrdn0001,lrdn0015,lrdn0046,lrdn0061,lrdn0075,lrdn0112,lrdn0129,lrdn0151 --cpu-bind=socket -n 8 -N 8 bash -c '
        module purge >&2
        module load openmpi >&2
        module list >&2
        /leonardo/home/userexternal/mmarcel3/crab/benchmarks/blink/bin/ardc_b -msgsize 131072 -iter 100 -maxsamples 100
        '
[INFO] Application 1 was intentionally terminated (exit code: -9). This is expected.
Ran 105 iterations. Measured 100 iterations.
--- [INFO] Run 35 completata in 7.5478 secondi ---
 Run 36:
[DEBUG]: Node List is: ['lrdn0010', 'lrdn0031', 'lrdn0049', 'lrdn0070', 'lrdn0099', 'lrdn0126', 'lrdn0136', 'lrdn0159', 'lrdn0165', 'lrdn0190', 'lrdn0196', 'lrdn0242', 'lrdn0252', 'lrdn0268', 'lrdn0271', 'lrdn0287', 'lrdn0291', 'lrdn0314', 'lrdn0317', 'lrdn0327', 'lrdn0336', 'lrdn0345', 'lrdn0360', 'lrdn0364']
[DEBUG]: Detected CRAB_SYSTEM=leonardo. Adding SLURM option: --partition=boost_usr_prod
[DEBUG]: SLURM command is: srun --export=ALL --partition=boost_usr_prod --nodelist lrdn0010,lrdn0031,lrdn0049,lrdn0070,lrdn0099,lrdn0126,lrdn0136,lrdn0159,lrdn0165,lrdn0190,lrdn0196,lrdn0242,lrdn0252,lrdn0268,lrdn0271,lrdn0287,lrdn0291,lrdn0314,lrdn0317,lrdn0327,lrdn0336,lrdn0345,lrdn0360,lrdn0364 --cpu-bind=socket -n 24 -N 24 bash -c '
        module purge >&2
        module load openmpi >&2
        module list >&2
        /leonardo/home/userexternal/mmarcel3/crab/benchmarks/blink/bin/a2a_b -msgsize 16777216 -iter 999999
        '
[DEBUG]: Node List is: ['lrdn0001', 'lrdn0015', 'lrdn0046', 'lrdn0061', 'lrdn0075', 'lrdn0112', 'lrdn0129', 'lrdn0151']
[DEBUG]: Detected CRAB_SYSTEM=leonardo. Adding SLURM option: --partition=boost_usr_prod
[DEBUG]: SLURM command is: srun --export=ALL --partition=boost_usr_prod --nodelist lrdn0001,lrdn0015,lrdn0046,lrdn0061,lrdn0075,lrdn0112,lrdn0129,lrdn0151 --cpu-bind=socket -n 8 -N 8 bash -c '
        module purge >&2
        module load openmpi >&2
        module list >&2
        /leonardo/home/userexternal/mmarcel3/crab/benchmarks/blink/bin/ardc_b -msgsize 131072 -iter 100 -maxsamples 100
        '
[INFO] Application 1 was intentionally terminated (exit code: -9). This is expected.
Ran 105 iterations. Measured 100 iterations.
--- [INFO] Run 36 completata in 8.9943 secondi ---
 Run 37:
[DEBUG]: Node List is: ['lrdn0010', 'lrdn0031', 'lrdn0049', 'lrdn0070', 'lrdn0099', 'lrdn0126', 'lrdn0136', 'lrdn0159', 'lrdn0165', 'lrdn0190', 'lrdn0196', 'lrdn0242', 'lrdn0252', 'lrdn0268', 'lrdn0271', 'lrdn0287', 'lrdn0291', 'lrdn0314', 'lrdn0317', 'lrdn0327', 'lrdn0336', 'lrdn0345', 'lrdn0360', 'lrdn0364']
[DEBUG]: Detected CRAB_SYSTEM=leonardo. Adding SLURM option: --partition=boost_usr_prod
[DEBUG]: SLURM command is: srun --export=ALL --partition=boost_usr_prod --nodelist lrdn0010,lrdn0031,lrdn0049,lrdn0070,lrdn0099,lrdn0126,lrdn0136,lrdn0159,lrdn0165,lrdn0190,lrdn0196,lrdn0242,lrdn0252,lrdn0268,lrdn0271,lrdn0287,lrdn0291,lrdn0314,lrdn0317,lrdn0327,lrdn0336,lrdn0345,lrdn0360,lrdn0364 --cpu-bind=socket -n 24 -N 24 bash -c '
        module purge >&2
        module load openmpi >&2
        module list >&2
        /leonardo/home/userexternal/mmarcel3/crab/benchmarks/blink/bin/a2a_b -msgsize 16777216 -iter 999999
        '
[DEBUG]: Node List is: ['lrdn0001', 'lrdn0015', 'lrdn0046', 'lrdn0061', 'lrdn0075', 'lrdn0112', 'lrdn0129', 'lrdn0151']
[DEBUG]: Detected CRAB_SYSTEM=leonardo. Adding SLURM option: --partition=boost_usr_prod
[DEBUG]: SLURM command is: srun --export=ALL --partition=boost_usr_prod --nodelist lrdn0001,lrdn0015,lrdn0046,lrdn0061,lrdn0075,lrdn0112,lrdn0129,lrdn0151 --cpu-bind=socket -n 8 -N 8 bash -c '
        module purge >&2
        module load openmpi >&2
        module list >&2
        /leonardo/home/userexternal/mmarcel3/crab/benchmarks/blink/bin/ardc_b -msgsize 131072 -iter 100 -maxsamples 100
        '
[INFO] Application 1 was intentionally terminated (exit code: -9). This is expected.
Ran 105 iterations. Measured 100 iterations.
--- [INFO] Run 37 completata in 7.5183 secondi ---
 Run 38:
[DEBUG]: Node List is: ['lrdn0010', 'lrdn0031', 'lrdn0049', 'lrdn0070', 'lrdn0099', 'lrdn0126', 'lrdn0136', 'lrdn0159', 'lrdn0165', 'lrdn0190', 'lrdn0196', 'lrdn0242', 'lrdn0252', 'lrdn0268', 'lrdn0271', 'lrdn0287', 'lrdn0291', 'lrdn0314', 'lrdn0317', 'lrdn0327', 'lrdn0336', 'lrdn0345', 'lrdn0360', 'lrdn0364']
[DEBUG]: Detected CRAB_SYSTEM=leonardo. Adding SLURM option: --partition=boost_usr_prod
[DEBUG]: SLURM command is: srun --export=ALL --partition=boost_usr_prod --nodelist lrdn0010,lrdn0031,lrdn0049,lrdn0070,lrdn0099,lrdn0126,lrdn0136,lrdn0159,lrdn0165,lrdn0190,lrdn0196,lrdn0242,lrdn0252,lrdn0268,lrdn0271,lrdn0287,lrdn0291,lrdn0314,lrdn0317,lrdn0327,lrdn0336,lrdn0345,lrdn0360,lrdn0364 --cpu-bind=socket -n 24 -N 24 bash -c '
        module purge >&2
        module load openmpi >&2
        module list >&2
        /leonardo/home/userexternal/mmarcel3/crab/benchmarks/blink/bin/a2a_b -msgsize 16777216 -iter 999999
        '
[DEBUG]: Node List is: ['lrdn0001', 'lrdn0015', 'lrdn0046', 'lrdn0061', 'lrdn0075', 'lrdn0112', 'lrdn0129', 'lrdn0151']
[DEBUG]: Detected CRAB_SYSTEM=leonardo. Adding SLURM option: --partition=boost_usr_prod
[DEBUG]: SLURM command is: srun --export=ALL --partition=boost_usr_prod --nodelist lrdn0001,lrdn0015,lrdn0046,lrdn0061,lrdn0075,lrdn0112,lrdn0129,lrdn0151 --cpu-bind=socket -n 8 -N 8 bash -c '
        module purge >&2
        module load openmpi >&2
        module list >&2
        /leonardo/home/userexternal/mmarcel3/crab/benchmarks/blink/bin/ardc_b -msgsize 131072 -iter 100 -maxsamples 100
        '
[INFO] Application 1 was intentionally terminated (exit code: -9). This is expected.
Ran 105 iterations. Measured 100 iterations.
--- [INFO] Run 38 completata in 7.6265 secondi ---
 Run 39:
[DEBUG]: Node List is: ['lrdn0010', 'lrdn0031', 'lrdn0049', 'lrdn0070', 'lrdn0099', 'lrdn0126', 'lrdn0136', 'lrdn0159', 'lrdn0165', 'lrdn0190', 'lrdn0196', 'lrdn0242', 'lrdn0252', 'lrdn0268', 'lrdn0271', 'lrdn0287', 'lrdn0291', 'lrdn0314', 'lrdn0317', 'lrdn0327', 'lrdn0336', 'lrdn0345', 'lrdn0360', 'lrdn0364']
[DEBUG]: Detected CRAB_SYSTEM=leonardo. Adding SLURM option: --partition=boost_usr_prod
[DEBUG]: SLURM command is: srun --export=ALL --partition=boost_usr_prod --nodelist lrdn0010,lrdn0031,lrdn0049,lrdn0070,lrdn0099,lrdn0126,lrdn0136,lrdn0159,lrdn0165,lrdn0190,lrdn0196,lrdn0242,lrdn0252,lrdn0268,lrdn0271,lrdn0287,lrdn0291,lrdn0314,lrdn0317,lrdn0327,lrdn0336,lrdn0345,lrdn0360,lrdn0364 --cpu-bind=socket -n 24 -N 24 bash -c '
        module purge >&2
        module load openmpi >&2
        module list >&2
        /leonardo/home/userexternal/mmarcel3/crab/benchmarks/blink/bin/a2a_b -msgsize 16777216 -iter 999999
        '
[DEBUG]: Node List is: ['lrdn0001', 'lrdn0015', 'lrdn0046', 'lrdn0061', 'lrdn0075', 'lrdn0112', 'lrdn0129', 'lrdn0151']
[DEBUG]: Detected CRAB_SYSTEM=leonardo. Adding SLURM option: --partition=boost_usr_prod
[DEBUG]: SLURM command is: srun --export=ALL --partition=boost_usr_prod --nodelist lrdn0001,lrdn0015,lrdn0046,lrdn0061,lrdn0075,lrdn0112,lrdn0129,lrdn0151 --cpu-bind=socket -n 8 -N 8 bash -c '
        module purge >&2
        module load openmpi >&2
        module list >&2
        /leonardo/home/userexternal/mmarcel3/crab/benchmarks/blink/bin/ardc_b -msgsize 131072 -iter 100 -maxsamples 100
        '
[INFO] Application 1 was intentionally terminated (exit code: -9). This is expected.
Ran 105 iterations. Measured 100 iterations.
--- [INFO] Run 39 completata in 11.0185 secondi ---
 Run 40:
[DEBUG]: Node List is: ['lrdn0010', 'lrdn0031', 'lrdn0049', 'lrdn0070', 'lrdn0099', 'lrdn0126', 'lrdn0136', 'lrdn0159', 'lrdn0165', 'lrdn0190', 'lrdn0196', 'lrdn0242', 'lrdn0252', 'lrdn0268', 'lrdn0271', 'lrdn0287', 'lrdn0291', 'lrdn0314', 'lrdn0317', 'lrdn0327', 'lrdn0336', 'lrdn0345', 'lrdn0360', 'lrdn0364']
[DEBUG]: Detected CRAB_SYSTEM=leonardo. Adding SLURM option: --partition=boost_usr_prod
[DEBUG]: SLURM command is: srun --export=ALL --partition=boost_usr_prod --nodelist lrdn0010,lrdn0031,lrdn0049,lrdn0070,lrdn0099,lrdn0126,lrdn0136,lrdn0159,lrdn0165,lrdn0190,lrdn0196,lrdn0242,lrdn0252,lrdn0268,lrdn0271,lrdn0287,lrdn0291,lrdn0314,lrdn0317,lrdn0327,lrdn0336,lrdn0345,lrdn0360,lrdn0364 --cpu-bind=socket -n 24 -N 24 bash -c '
        module purge >&2
        module load openmpi >&2
        module list >&2
        /leonardo/home/userexternal/mmarcel3/crab/benchmarks/blink/bin/a2a_b -msgsize 16777216 -iter 999999
        '
[DEBUG]: Node List is: ['lrdn0001', 'lrdn0015', 'lrdn0046', 'lrdn0061', 'lrdn0075', 'lrdn0112', 'lrdn0129', 'lrdn0151']
[DEBUG]: Detected CRAB_SYSTEM=leonardo. Adding SLURM option: --partition=boost_usr_prod
[DEBUG]: SLURM command is: srun --export=ALL --partition=boost_usr_prod --nodelist lrdn0001,lrdn0015,lrdn0046,lrdn0061,lrdn0075,lrdn0112,lrdn0129,lrdn0151 --cpu-bind=socket -n 8 -N 8 bash -c '
        module purge >&2
        module load openmpi >&2
        module list >&2
        /leonardo/home/userexternal/mmarcel3/crab/benchmarks/blink/bin/ardc_b -msgsize 131072 -iter 100 -maxsamples 100
        '
[INFO] Application 1 was intentionally terminated (exit code: -9). This is expected.
Ran 105 iterations. Measured 100 iterations.
--- [INFO] Run 40 completata in 7.5406 secondi ---
 Run 41:
[DEBUG]: Node List is: ['lrdn0010', 'lrdn0031', 'lrdn0049', 'lrdn0070', 'lrdn0099', 'lrdn0126', 'lrdn0136', 'lrdn0159', 'lrdn0165', 'lrdn0190', 'lrdn0196', 'lrdn0242', 'lrdn0252', 'lrdn0268', 'lrdn0271', 'lrdn0287', 'lrdn0291', 'lrdn0314', 'lrdn0317', 'lrdn0327', 'lrdn0336', 'lrdn0345', 'lrdn0360', 'lrdn0364']
[DEBUG]: Detected CRAB_SYSTEM=leonardo. Adding SLURM option: --partition=boost_usr_prod
[DEBUG]: SLURM command is: srun --export=ALL --partition=boost_usr_prod --nodelist lrdn0010,lrdn0031,lrdn0049,lrdn0070,lrdn0099,lrdn0126,lrdn0136,lrdn0159,lrdn0165,lrdn0190,lrdn0196,lrdn0242,lrdn0252,lrdn0268,lrdn0271,lrdn0287,lrdn0291,lrdn0314,lrdn0317,lrdn0327,lrdn0336,lrdn0345,lrdn0360,lrdn0364 --cpu-bind=socket -n 24 -N 24 bash -c '
        module purge >&2
        module load openmpi >&2
        module list >&2
        /leonardo/home/userexternal/mmarcel3/crab/benchmarks/blink/bin/a2a_b -msgsize 16777216 -iter 999999
        '
[DEBUG]: Node List is: ['lrdn0001', 'lrdn0015', 'lrdn0046', 'lrdn0061', 'lrdn0075', 'lrdn0112', 'lrdn0129', 'lrdn0151']
[DEBUG]: Detected CRAB_SYSTEM=leonardo. Adding SLURM option: --partition=boost_usr_prod
[DEBUG]: SLURM command is: srun --export=ALL --partition=boost_usr_prod --nodelist lrdn0001,lrdn0015,lrdn0046,lrdn0061,lrdn0075,lrdn0112,lrdn0129,lrdn0151 --cpu-bind=socket -n 8 -N 8 bash -c '
        module purge >&2
        module load openmpi >&2
        module list >&2
        /leonardo/home/userexternal/mmarcel3/crab/benchmarks/blink/bin/ardc_b -msgsize 131072 -iter 100 -maxsamples 100
        '
[INFO] Application 1 was intentionally terminated (exit code: -9). This is expected.
Ran 105 iterations. Measured 100 iterations.
--- [INFO] Run 41 completata in 7.5772 secondi ---
 Run 42:
[DEBUG]: Node List is: ['lrdn0010', 'lrdn0031', 'lrdn0049', 'lrdn0070', 'lrdn0099', 'lrdn0126', 'lrdn0136', 'lrdn0159', 'lrdn0165', 'lrdn0190', 'lrdn0196', 'lrdn0242', 'lrdn0252', 'lrdn0268', 'lrdn0271', 'lrdn0287', 'lrdn0291', 'lrdn0314', 'lrdn0317', 'lrdn0327', 'lrdn0336', 'lrdn0345', 'lrdn0360', 'lrdn0364']
[DEBUG]: Detected CRAB_SYSTEM=leonardo. Adding SLURM option: --partition=boost_usr_prod
[DEBUG]: SLURM command is: srun --export=ALL --partition=boost_usr_prod --nodelist lrdn0010,lrdn0031,lrdn0049,lrdn0070,lrdn0099,lrdn0126,lrdn0136,lrdn0159,lrdn0165,lrdn0190,lrdn0196,lrdn0242,lrdn0252,lrdn0268,lrdn0271,lrdn0287,lrdn0291,lrdn0314,lrdn0317,lrdn0327,lrdn0336,lrdn0345,lrdn0360,lrdn0364 --cpu-bind=socket -n 24 -N 24 bash -c '
        module purge >&2
        module load openmpi >&2
        module list >&2
        /leonardo/home/userexternal/mmarcel3/crab/benchmarks/blink/bin/a2a_b -msgsize 16777216 -iter 999999
        '
[DEBUG]: Node List is: ['lrdn0001', 'lrdn0015', 'lrdn0046', 'lrdn0061', 'lrdn0075', 'lrdn0112', 'lrdn0129', 'lrdn0151']
[DEBUG]: Detected CRAB_SYSTEM=leonardo. Adding SLURM option: --partition=boost_usr_prod
[DEBUG]: SLURM command is: srun --export=ALL --partition=boost_usr_prod --nodelist lrdn0001,lrdn0015,lrdn0046,lrdn0061,lrdn0075,lrdn0112,lrdn0129,lrdn0151 --cpu-bind=socket -n 8 -N 8 bash -c '
        module purge >&2
        module load openmpi >&2
        module list >&2
        /leonardo/home/userexternal/mmarcel3/crab/benchmarks/blink/bin/ardc_b -msgsize 131072 -iter 100 -maxsamples 100
        '
[INFO] Application 1 was intentionally terminated (exit code: -9). This is expected.
Ran 105 iterations. Measured 100 iterations.
--- [INFO] Run 42 completata in 7.5454 secondi ---
 Run 43:
[DEBUG]: Node List is: ['lrdn0010', 'lrdn0031', 'lrdn0049', 'lrdn0070', 'lrdn0099', 'lrdn0126', 'lrdn0136', 'lrdn0159', 'lrdn0165', 'lrdn0190', 'lrdn0196', 'lrdn0242', 'lrdn0252', 'lrdn0268', 'lrdn0271', 'lrdn0287', 'lrdn0291', 'lrdn0314', 'lrdn0317', 'lrdn0327', 'lrdn0336', 'lrdn0345', 'lrdn0360', 'lrdn0364']
[DEBUG]: Detected CRAB_SYSTEM=leonardo. Adding SLURM option: --partition=boost_usr_prod
[DEBUG]: SLURM command is: srun --export=ALL --partition=boost_usr_prod --nodelist lrdn0010,lrdn0031,lrdn0049,lrdn0070,lrdn0099,lrdn0126,lrdn0136,lrdn0159,lrdn0165,lrdn0190,lrdn0196,lrdn0242,lrdn0252,lrdn0268,lrdn0271,lrdn0287,lrdn0291,lrdn0314,lrdn0317,lrdn0327,lrdn0336,lrdn0345,lrdn0360,lrdn0364 --cpu-bind=socket -n 24 -N 24 bash -c '
        module purge >&2
        module load openmpi >&2
        module list >&2
        /leonardo/home/userexternal/mmarcel3/crab/benchmarks/blink/bin/a2a_b -msgsize 16777216 -iter 999999
        '
[DEBUG]: Node List is: ['lrdn0001', 'lrdn0015', 'lrdn0046', 'lrdn0061', 'lrdn0075', 'lrdn0112', 'lrdn0129', 'lrdn0151']
[DEBUG]: Detected CRAB_SYSTEM=leonardo. Adding SLURM option: --partition=boost_usr_prod
[DEBUG]: SLURM command is: srun --export=ALL --partition=boost_usr_prod --nodelist lrdn0001,lrdn0015,lrdn0046,lrdn0061,lrdn0075,lrdn0112,lrdn0129,lrdn0151 --cpu-bind=socket -n 8 -N 8 bash -c '
        module purge >&2
        module load openmpi >&2
        module list >&2
        /leonardo/home/userexternal/mmarcel3/crab/benchmarks/blink/bin/ardc_b -msgsize 131072 -iter 100 -maxsamples 100
        '
[INFO] Application 1 was intentionally terminated (exit code: -9). This is expected.
Ran 105 iterations. Measured 100 iterations.
--- [INFO] Run 43 completata in 7.5426 secondi ---
 Run 44:
[DEBUG]: Node List is: ['lrdn0010', 'lrdn0031', 'lrdn0049', 'lrdn0070', 'lrdn0099', 'lrdn0126', 'lrdn0136', 'lrdn0159', 'lrdn0165', 'lrdn0190', 'lrdn0196', 'lrdn0242', 'lrdn0252', 'lrdn0268', 'lrdn0271', 'lrdn0287', 'lrdn0291', 'lrdn0314', 'lrdn0317', 'lrdn0327', 'lrdn0336', 'lrdn0345', 'lrdn0360', 'lrdn0364']
[DEBUG]: Detected CRAB_SYSTEM=leonardo. Adding SLURM option: --partition=boost_usr_prod
[DEBUG]: SLURM command is: srun --export=ALL --partition=boost_usr_prod --nodelist lrdn0010,lrdn0031,lrdn0049,lrdn0070,lrdn0099,lrdn0126,lrdn0136,lrdn0159,lrdn0165,lrdn0190,lrdn0196,lrdn0242,lrdn0252,lrdn0268,lrdn0271,lrdn0287,lrdn0291,lrdn0314,lrdn0317,lrdn0327,lrdn0336,lrdn0345,lrdn0360,lrdn0364 --cpu-bind=socket -n 24 -N 24 bash -c '
        module purge >&2
        module load openmpi >&2
        module list >&2
        /leonardo/home/userexternal/mmarcel3/crab/benchmarks/blink/bin/a2a_b -msgsize 16777216 -iter 999999
        '
[DEBUG]: Node List is: ['lrdn0001', 'lrdn0015', 'lrdn0046', 'lrdn0061', 'lrdn0075', 'lrdn0112', 'lrdn0129', 'lrdn0151']
[DEBUG]: Detected CRAB_SYSTEM=leonardo. Adding SLURM option: --partition=boost_usr_prod
[DEBUG]: SLURM command is: srun --export=ALL --partition=boost_usr_prod --nodelist lrdn0001,lrdn0015,lrdn0046,lrdn0061,lrdn0075,lrdn0112,lrdn0129,lrdn0151 --cpu-bind=socket -n 8 -N 8 bash -c '
        module purge >&2
        module load openmpi >&2
        module list >&2
        /leonardo/home/userexternal/mmarcel3/crab/benchmarks/blink/bin/ardc_b -msgsize 131072 -iter 100 -maxsamples 100
        '
[INFO] Application 1 was intentionally terminated (exit code: -9). This is expected.
Ran 105 iterations. Measured 100 iterations.
--- [INFO] Run 44 completata in 7.5441 secondi ---
 Run 45:
[DEBUG]: Node List is: ['lrdn0010', 'lrdn0031', 'lrdn0049', 'lrdn0070', 'lrdn0099', 'lrdn0126', 'lrdn0136', 'lrdn0159', 'lrdn0165', 'lrdn0190', 'lrdn0196', 'lrdn0242', 'lrdn0252', 'lrdn0268', 'lrdn0271', 'lrdn0287', 'lrdn0291', 'lrdn0314', 'lrdn0317', 'lrdn0327', 'lrdn0336', 'lrdn0345', 'lrdn0360', 'lrdn0364']
[DEBUG]: Detected CRAB_SYSTEM=leonardo. Adding SLURM option: --partition=boost_usr_prod
[DEBUG]: SLURM command is: srun --export=ALL --partition=boost_usr_prod --nodelist lrdn0010,lrdn0031,lrdn0049,lrdn0070,lrdn0099,lrdn0126,lrdn0136,lrdn0159,lrdn0165,lrdn0190,lrdn0196,lrdn0242,lrdn0252,lrdn0268,lrdn0271,lrdn0287,lrdn0291,lrdn0314,lrdn0317,lrdn0327,lrdn0336,lrdn0345,lrdn0360,lrdn0364 --cpu-bind=socket -n 24 -N 24 bash -c '
        module purge >&2
        module load openmpi >&2
        module list >&2
        /leonardo/home/userexternal/mmarcel3/crab/benchmarks/blink/bin/a2a_b -msgsize 16777216 -iter 999999
        '
[DEBUG]: Node List is: ['lrdn0001', 'lrdn0015', 'lrdn0046', 'lrdn0061', 'lrdn0075', 'lrdn0112', 'lrdn0129', 'lrdn0151']
[DEBUG]: Detected CRAB_SYSTEM=leonardo. Adding SLURM option: --partition=boost_usr_prod
[DEBUG]: SLURM command is: srun --export=ALL --partition=boost_usr_prod --nodelist lrdn0001,lrdn0015,lrdn0046,lrdn0061,lrdn0075,lrdn0112,lrdn0129,lrdn0151 --cpu-bind=socket -n 8 -N 8 bash -c '
        module purge >&2
        module load openmpi >&2
        module list >&2
        /leonardo/home/userexternal/mmarcel3/crab/benchmarks/blink/bin/ardc_b -msgsize 131072 -iter 100 -maxsamples 100
        '
[INFO] Application 1 was intentionally terminated (exit code: -9). This is expected.
Ran 105 iterations. Measured 100 iterations.
--- [INFO] Run 45 completata in 7.5314 secondi ---
 Run 46:
[DEBUG]: Node List is: ['lrdn0010', 'lrdn0031', 'lrdn0049', 'lrdn0070', 'lrdn0099', 'lrdn0126', 'lrdn0136', 'lrdn0159', 'lrdn0165', 'lrdn0190', 'lrdn0196', 'lrdn0242', 'lrdn0252', 'lrdn0268', 'lrdn0271', 'lrdn0287', 'lrdn0291', 'lrdn0314', 'lrdn0317', 'lrdn0327', 'lrdn0336', 'lrdn0345', 'lrdn0360', 'lrdn0364']
[DEBUG]: Detected CRAB_SYSTEM=leonardo. Adding SLURM option: --partition=boost_usr_prod
[DEBUG]: SLURM command is: srun --export=ALL --partition=boost_usr_prod --nodelist lrdn0010,lrdn0031,lrdn0049,lrdn0070,lrdn0099,lrdn0126,lrdn0136,lrdn0159,lrdn0165,lrdn0190,lrdn0196,lrdn0242,lrdn0252,lrdn0268,lrdn0271,lrdn0287,lrdn0291,lrdn0314,lrdn0317,lrdn0327,lrdn0336,lrdn0345,lrdn0360,lrdn0364 --cpu-bind=socket -n 24 -N 24 bash -c '
        module purge >&2
        module load openmpi >&2
        module list >&2
        /leonardo/home/userexternal/mmarcel3/crab/benchmarks/blink/bin/a2a_b -msgsize 16777216 -iter 999999
        '
[DEBUG]: Node List is: ['lrdn0001', 'lrdn0015', 'lrdn0046', 'lrdn0061', 'lrdn0075', 'lrdn0112', 'lrdn0129', 'lrdn0151']
[DEBUG]: Detected CRAB_SYSTEM=leonardo. Adding SLURM option: --partition=boost_usr_prod
[DEBUG]: SLURM command is: srun --export=ALL --partition=boost_usr_prod --nodelist lrdn0001,lrdn0015,lrdn0046,lrdn0061,lrdn0075,lrdn0112,lrdn0129,lrdn0151 --cpu-bind=socket -n 8 -N 8 bash -c '
        module purge >&2
        module load openmpi >&2
        module list >&2
        /leonardo/home/userexternal/mmarcel3/crab/benchmarks/blink/bin/ardc_b -msgsize 131072 -iter 100 -maxsamples 100
        '
[INFO] Application 1 was intentionally terminated (exit code: -9). This is expected.
Ran 105 iterations. Measured 100 iterations.
--- [INFO] Run 46 completata in 7.5409 secondi ---
 Run 47:
[DEBUG]: Node List is: ['lrdn0010', 'lrdn0031', 'lrdn0049', 'lrdn0070', 'lrdn0099', 'lrdn0126', 'lrdn0136', 'lrdn0159', 'lrdn0165', 'lrdn0190', 'lrdn0196', 'lrdn0242', 'lrdn0252', 'lrdn0268', 'lrdn0271', 'lrdn0287', 'lrdn0291', 'lrdn0314', 'lrdn0317', 'lrdn0327', 'lrdn0336', 'lrdn0345', 'lrdn0360', 'lrdn0364']
[DEBUG]: Detected CRAB_SYSTEM=leonardo. Adding SLURM option: --partition=boost_usr_prod
[DEBUG]: SLURM command is: srun --export=ALL --partition=boost_usr_prod --nodelist lrdn0010,lrdn0031,lrdn0049,lrdn0070,lrdn0099,lrdn0126,lrdn0136,lrdn0159,lrdn0165,lrdn0190,lrdn0196,lrdn0242,lrdn0252,lrdn0268,lrdn0271,lrdn0287,lrdn0291,lrdn0314,lrdn0317,lrdn0327,lrdn0336,lrdn0345,lrdn0360,lrdn0364 --cpu-bind=socket -n 24 -N 24 bash -c '
        module purge >&2
        module load openmpi >&2
        module list >&2
        /leonardo/home/userexternal/mmarcel3/crab/benchmarks/blink/bin/a2a_b -msgsize 16777216 -iter 999999
        '
[DEBUG]: Node List is: ['lrdn0001', 'lrdn0015', 'lrdn0046', 'lrdn0061', 'lrdn0075', 'lrdn0112', 'lrdn0129', 'lrdn0151']
[DEBUG]: Detected CRAB_SYSTEM=leonardo. Adding SLURM option: --partition=boost_usr_prod
[DEBUG]: SLURM command is: srun --export=ALL --partition=boost_usr_prod --nodelist lrdn0001,lrdn0015,lrdn0046,lrdn0061,lrdn0075,lrdn0112,lrdn0129,lrdn0151 --cpu-bind=socket -n 8 -N 8 bash -c '
        module purge >&2
        module load openmpi >&2
        module list >&2
        /leonardo/home/userexternal/mmarcel3/crab/benchmarks/blink/bin/ardc_b -msgsize 131072 -iter 100 -maxsamples 100
        '
[INFO] Application 1 was intentionally terminated (exit code: -9). This is expected.
Ran 105 iterations. Measured 100 iterations.
--- [INFO] Run 47 completata in 7.7227 secondi ---
 Run 48:
[DEBUG]: Node List is: ['lrdn0010', 'lrdn0031', 'lrdn0049', 'lrdn0070', 'lrdn0099', 'lrdn0126', 'lrdn0136', 'lrdn0159', 'lrdn0165', 'lrdn0190', 'lrdn0196', 'lrdn0242', 'lrdn0252', 'lrdn0268', 'lrdn0271', 'lrdn0287', 'lrdn0291', 'lrdn0314', 'lrdn0317', 'lrdn0327', 'lrdn0336', 'lrdn0345', 'lrdn0360', 'lrdn0364']
[DEBUG]: Detected CRAB_SYSTEM=leonardo. Adding SLURM option: --partition=boost_usr_prod
[DEBUG]: SLURM command is: srun --export=ALL --partition=boost_usr_prod --nodelist lrdn0010,lrdn0031,lrdn0049,lrdn0070,lrdn0099,lrdn0126,lrdn0136,lrdn0159,lrdn0165,lrdn0190,lrdn0196,lrdn0242,lrdn0252,lrdn0268,lrdn0271,lrdn0287,lrdn0291,lrdn0314,lrdn0317,lrdn0327,lrdn0336,lrdn0345,lrdn0360,lrdn0364 --cpu-bind=socket -n 24 -N 24 bash -c '
        module purge >&2
        module load openmpi >&2
        module list >&2
        /leonardo/home/userexternal/mmarcel3/crab/benchmarks/blink/bin/a2a_b -msgsize 16777216 -iter 999999
        '
[DEBUG]: Node List is: ['lrdn0001', 'lrdn0015', 'lrdn0046', 'lrdn0061', 'lrdn0075', 'lrdn0112', 'lrdn0129', 'lrdn0151']
[DEBUG]: Detected CRAB_SYSTEM=leonardo. Adding SLURM option: --partition=boost_usr_prod
[DEBUG]: SLURM command is: srun --export=ALL --partition=boost_usr_prod --nodelist lrdn0001,lrdn0015,lrdn0046,lrdn0061,lrdn0075,lrdn0112,lrdn0129,lrdn0151 --cpu-bind=socket -n 8 -N 8 bash -c '
        module purge >&2
        module load openmpi >&2
        module list >&2
        /leonardo/home/userexternal/mmarcel3/crab/benchmarks/blink/bin/ardc_b -msgsize 131072 -iter 100 -maxsamples 100
        '
[INFO] Application 1 was intentionally terminated (exit code: -9). This is expected.
Ran 105 iterations. Measured 100 iterations.
--- [INFO] Run 48 completata in 7.5395 secondi ---
 Run 49:
[DEBUG]: Node List is: ['lrdn0010', 'lrdn0031', 'lrdn0049', 'lrdn0070', 'lrdn0099', 'lrdn0126', 'lrdn0136', 'lrdn0159', 'lrdn0165', 'lrdn0190', 'lrdn0196', 'lrdn0242', 'lrdn0252', 'lrdn0268', 'lrdn0271', 'lrdn0287', 'lrdn0291', 'lrdn0314', 'lrdn0317', 'lrdn0327', 'lrdn0336', 'lrdn0345', 'lrdn0360', 'lrdn0364']
[DEBUG]: Detected CRAB_SYSTEM=leonardo. Adding SLURM option: --partition=boost_usr_prod
[DEBUG]: SLURM command is: srun --export=ALL --partition=boost_usr_prod --nodelist lrdn0010,lrdn0031,lrdn0049,lrdn0070,lrdn0099,lrdn0126,lrdn0136,lrdn0159,lrdn0165,lrdn0190,lrdn0196,lrdn0242,lrdn0252,lrdn0268,lrdn0271,lrdn0287,lrdn0291,lrdn0314,lrdn0317,lrdn0327,lrdn0336,lrdn0345,lrdn0360,lrdn0364 --cpu-bind=socket -n 24 -N 24 bash -c '
        module purge >&2
        module load openmpi >&2
        module list >&2
        /leonardo/home/userexternal/mmarcel3/crab/benchmarks/blink/bin/a2a_b -msgsize 16777216 -iter 999999
        '
[DEBUG]: Node List is: ['lrdn0001', 'lrdn0015', 'lrdn0046', 'lrdn0061', 'lrdn0075', 'lrdn0112', 'lrdn0129', 'lrdn0151']
[DEBUG]: Detected CRAB_SYSTEM=leonardo. Adding SLURM option: --partition=boost_usr_prod
[DEBUG]: SLURM command is: srun --export=ALL --partition=boost_usr_prod --nodelist lrdn0001,lrdn0015,lrdn0046,lrdn0061,lrdn0075,lrdn0112,lrdn0129,lrdn0151 --cpu-bind=socket -n 8 -N 8 bash -c '
        module purge >&2
        module load openmpi >&2
        module list >&2
        /leonardo/home/userexternal/mmarcel3/crab/benchmarks/blink/bin/ardc_b -msgsize 131072 -iter 100 -maxsamples 100
        '
[INFO] Application 1 was intentionally terminated (exit code: -9). This is expected.
Ran 105 iterations. Measured 100 iterations.
--- [INFO] Run 49 completata in 7.5516 secondi ---
 Run 50:
[DEBUG]: Node List is: ['lrdn0010', 'lrdn0031', 'lrdn0049', 'lrdn0070', 'lrdn0099', 'lrdn0126', 'lrdn0136', 'lrdn0159', 'lrdn0165', 'lrdn0190', 'lrdn0196', 'lrdn0242', 'lrdn0252', 'lrdn0268', 'lrdn0271', 'lrdn0287', 'lrdn0291', 'lrdn0314', 'lrdn0317', 'lrdn0327', 'lrdn0336', 'lrdn0345', 'lrdn0360', 'lrdn0364']
[DEBUG]: Detected CRAB_SYSTEM=leonardo. Adding SLURM option: --partition=boost_usr_prod
[DEBUG]: SLURM command is: srun --export=ALL --partition=boost_usr_prod --nodelist lrdn0010,lrdn0031,lrdn0049,lrdn0070,lrdn0099,lrdn0126,lrdn0136,lrdn0159,lrdn0165,lrdn0190,lrdn0196,lrdn0242,lrdn0252,lrdn0268,lrdn0271,lrdn0287,lrdn0291,lrdn0314,lrdn0317,lrdn0327,lrdn0336,lrdn0345,lrdn0360,lrdn0364 --cpu-bind=socket -n 24 -N 24 bash -c '
        module purge >&2
        module load openmpi >&2
        module list >&2
        /leonardo/home/userexternal/mmarcel3/crab/benchmarks/blink/bin/a2a_b -msgsize 16777216 -iter 999999
        '
[DEBUG]: Node List is: ['lrdn0001', 'lrdn0015', 'lrdn0046', 'lrdn0061', 'lrdn0075', 'lrdn0112', 'lrdn0129', 'lrdn0151']
[DEBUG]: Detected CRAB_SYSTEM=leonardo. Adding SLURM option: --partition=boost_usr_prod
[DEBUG]: SLURM command is: srun --export=ALL --partition=boost_usr_prod --nodelist lrdn0001,lrdn0015,lrdn0046,lrdn0061,lrdn0075,lrdn0112,lrdn0129,lrdn0151 --cpu-bind=socket -n 8 -N 8 bash -c '
        module purge >&2
        module load openmpi >&2
        module list >&2
        /leonardo/home/userexternal/mmarcel3/crab/benchmarks/blink/bin/ardc_b -msgsize 131072 -iter 100 -maxsamples 100
        '
[INFO] Application 1 was intentionally terminated (exit code: -9). This is expected.
Ran 105 iterations. Measured 100 iterations.
--- [INFO] Run 50 completata in 7.5144 secondi ---

Logging data...
Dati per App 0 salvati in: ./data/leonardo/2025-10-07_19-00-13-839103/data_app_0.csv
--- [WORKER] Engine run finished. ---
